CRITICAL - 2024-09-14 00:26:07 --> TypeError: App\Controllers\Admin\Usuarios::buscaUsuarioOu404(): Argument #1 ($id) must be of type ?int, string given, called in C:\xampp\htdocs\food\app\Controllers\Admin\Usuarios.php on line 52
[Method: GET, Route: admin/usuarios/show/images/logo.svg]
in APPPATH\Controllers\Admin\Usuarios.php on line 90.
 1 APPPATH\Controllers\Admin\Usuarios.php(52): App\Controllers\Admin\Usuarios->buscaUsuarioOu404('images')
 2 SYSTEMPATH\CodeIgniter.php(933): App\Controllers\Admin\Usuarios->show('images', 'logo.svg')
 3 SYSTEMPATH\CodeIgniter.php(509): CodeIgniter\CodeIgniter->runController(Object(App\Controllers\Admin\Usuarios))
 4 SYSTEMPATH\CodeIgniter.php(355): CodeIgniter\CodeIgniter->handleRequest(null, Object(Config\Cache), false)
 5 SYSTEMPATH\Boot.php(325): CodeIgniter\CodeIgniter->run()
 6 SYSTEMPATH\Boot.php(67): CodeIgniter\Boot::runCodeIgniter(Object(CodeIgniter\CodeIgniter))
 7 FCPATH\index.php(56): CodeIgniter\Boot::bootWeb(Object(Config\Paths))
 8 SYSTEMPATH\rewrite.php(44): require_once('C:\\xampp\\htdocs\\food\\public\\index.php')
CRITICAL - 2024-09-14 00:26:08 --> TypeError: App\Controllers\Admin\Usuarios::buscaUsuarioOu404(): Argument #1 ($id) must be of type ?int, string given, called in C:\xampp\htdocs\food\app\Controllers\Admin\Usuarios.php on line 52
[Method: GET, Route: admin/usuarios/show/images/logo-mini.svg]
in APPPATH\Controllers\Admin\Usuarios.php on line 90.
 1 APPPATH\Controllers\Admin\Usuarios.php(52): App\Controllers\Admin\Usuarios->buscaUsuarioOu404('images')
 2 SYSTEMPATH\CodeIgniter.php(933): App\Controllers\Admin\Usuarios->show('images', 'logo-mini.svg')
 3 SYSTEMPATH\CodeIgniter.php(509): CodeIgniter\CodeIgniter->runController(Object(App\Controllers\Admin\Usuarios))
 4 SYSTEMPATH\CodeIgniter.php(355): CodeIgniter\CodeIgniter->handleRequest(null, Object(Config\Cache), false)
 5 SYSTEMPATH\Boot.php(325): CodeIgniter\CodeIgniter->run()
 6 SYSTEMPATH\Boot.php(67): CodeIgniter\Boot::runCodeIgniter(Object(CodeIgniter\CodeIgniter))
 7 FCPATH\index.php(56): CodeIgniter\Boot::bootWeb(Object(Config\Paths))
 8 SYSTEMPATH\rewrite.php(44): require_once('C:\\xampp\\htdocs\\food\\public\\index.php')
CRITICAL - 2024-09-14 00:26:08 --> TypeError: App\Controllers\Admin\Usuarios::buscaUsuarioOu404(): Argument #1 ($id) must be of type ?int, string given, called in C:\xampp\htdocs\food\app\Controllers\Admin\Usuarios.php on line 52
[Method: GET, Route: admin/usuarios/show/images/faces/face4.jpg]
in APPPATH\Controllers\Admin\Usuarios.php on line 90.
 1 APPPATH\Controllers\Admin\Usuarios.php(52): App\Controllers\Admin\Usuarios->buscaUsuarioOu404('images')
 2 SYSTEMPATH\CodeIgniter.php(933): App\Controllers\Admin\Usuarios->show('images', 'faces', 'face4.jpg')
 3 SYSTEMPATH\CodeIgniter.php(509): CodeIgniter\CodeIgniter->runController(Object(App\Controllers\Admin\Usuarios))
 4 SYSTEMPATH\CodeIgniter.php(355): CodeIgniter\CodeIgniter->handleRequest(null, Object(Config\Cache), false)
 5 SYSTEMPATH\Boot.php(325): CodeIgniter\CodeIgniter->run()
 6 SYSTEMPATH\Boot.php(67): CodeIgniter\Boot::runCodeIgniter(Object(CodeIgniter\CodeIgniter))
 7 FCPATH\index.php(56): CodeIgniter\Boot::bootWeb(Object(Config\Paths))
 8 SYSTEMPATH\rewrite.php(44): require_once('C:\\xampp\\htdocs\\food\\public\\index.php')
CRITICAL - 2024-09-14 00:26:08 --> TypeError: App\Controllers\Admin\Usuarios::buscaUsuarioOu404(): Argument #1 ($id) must be of type ?int, string given, called in C:\xampp\htdocs\food\app\Controllers\Admin\Usuarios.php on line 52
[Method: GET, Route: admin/usuarios/show/images/faces/face2.jpg]
in APPPATH\Controllers\Admin\Usuarios.php on line 90.
 1 APPPATH\Controllers\Admin\Usuarios.php(52): App\Controllers\Admin\Usuarios->buscaUsuarioOu404('images')
 2 SYSTEMPATH\CodeIgniter.php(933): App\Controllers\Admin\Usuarios->show('images', 'faces', 'face2.jpg')
 3 SYSTEMPATH\CodeIgniter.php(509): CodeIgniter\CodeIgniter->runController(Object(App\Controllers\Admin\Usuarios))
 4 SYSTEMPATH\CodeIgniter.php(355): CodeIgniter\CodeIgniter->handleRequest(null, Object(Config\Cache), false)
 5 SYSTEMPATH\Boot.php(325): CodeIgniter\CodeIgniter->run()
 6 SYSTEMPATH\Boot.php(67): CodeIgniter\Boot::runCodeIgniter(Object(CodeIgniter\CodeIgniter))
 7 FCPATH\index.php(56): CodeIgniter\Boot::bootWeb(Object(Config\Paths))
 8 SYSTEMPATH\rewrite.php(44): require_once('C:\\xampp\\htdocs\\food\\public\\index.php')
CRITICAL - 2024-09-14 00:26:09 --> TypeError: App\Controllers\Admin\Usuarios::buscaUsuarioOu404(): Argument #1 ($id) must be of type ?int, string given, called in C:\xampp\htdocs\food\app\Controllers\Admin\Usuarios.php on line 52
[Method: GET, Route: admin/usuarios/show/images/faces/face3.jpg]
in APPPATH\Controllers\Admin\Usuarios.php on line 90.
 1 APPPATH\Controllers\Admin\Usuarios.php(52): App\Controllers\Admin\Usuarios->buscaUsuarioOu404('images')
 2 SYSTEMPATH\CodeIgniter.php(933): App\Controllers\Admin\Usuarios->show('images', 'faces', 'face3.jpg')
 3 SYSTEMPATH\CodeIgniter.php(509): CodeIgniter\CodeIgniter->runController(Object(App\Controllers\Admin\Usuarios))
 4 SYSTEMPATH\CodeIgniter.php(355): CodeIgniter\CodeIgniter->handleRequest(null, Object(Config\Cache), false)
 5 SYSTEMPATH\Boot.php(325): CodeIgniter\CodeIgniter->run()
 6 SYSTEMPATH\Boot.php(67): CodeIgniter\Boot::runCodeIgniter(Object(CodeIgniter\CodeIgniter))
 7 FCPATH\index.php(56): CodeIgniter\Boot::bootWeb(Object(Config\Paths))
 8 SYSTEMPATH\rewrite.php(44): require_once('C:\\xampp\\htdocs\\food\\public\\index.php')
CRITICAL - 2024-09-14 00:26:09 --> TypeError: App\Controllers\Admin\Usuarios::buscaUsuarioOu404(): Argument #1 ($id) must be of type ?int, string given, called in C:\xampp\htdocs\food\app\Controllers\Admin\Usuarios.php on line 52
[Method: GET, Route: admin/usuarios/show/images/faces/face5.jpg]
in APPPATH\Controllers\Admin\Usuarios.php on line 90.
 1 APPPATH\Controllers\Admin\Usuarios.php(52): App\Controllers\Admin\Usuarios->buscaUsuarioOu404('images')
 2 SYSTEMPATH\CodeIgniter.php(933): App\Controllers\Admin\Usuarios->show('images', 'faces', 'face5.jpg')
 3 SYSTEMPATH\CodeIgniter.php(509): CodeIgniter\CodeIgniter->runController(Object(App\Controllers\Admin\Usuarios))
 4 SYSTEMPATH\CodeIgniter.php(355): CodeIgniter\CodeIgniter->handleRequest(null, Object(Config\Cache), false)
 5 SYSTEMPATH\Boot.php(325): CodeIgniter\CodeIgniter->run()
 6 SYSTEMPATH\Boot.php(67): CodeIgniter\Boot::runCodeIgniter(Object(CodeIgniter\CodeIgniter))
 7 FCPATH\index.php(56): CodeIgniter\Boot::bootWeb(Object(Config\Paths))
 8 SYSTEMPATH\rewrite.php(44): require_once('C:\\xampp\\htdocs\\food\\public\\index.php')
CRITICAL - 2024-09-14 00:26:56 --> TypeError: App\Controllers\Admin\Usuarios::buscaUsuarioOu404(): Argument #1 ($id) must be of type ?int, string given, called in C:\xampp\htdocs\food\app\Controllers\Admin\Usuarios.php on line 67
[Method: GET, Route: admin/usuarios/editar/images/logo.svg]
in APPPATH\Controllers\Admin\Usuarios.php on line 90.
 1 APPPATH\Controllers\Admin\Usuarios.php(67): App\Controllers\Admin\Usuarios->buscaUsuarioOu404('images')
 2 SYSTEMPATH\CodeIgniter.php(933): App\Controllers\Admin\Usuarios->editar('images', 'logo.svg')
 3 SYSTEMPATH\CodeIgniter.php(509): CodeIgniter\CodeIgniter->runController(Object(App\Controllers\Admin\Usuarios))
 4 SYSTEMPATH\CodeIgniter.php(355): CodeIgniter\CodeIgniter->handleRequest(null, Object(Config\Cache), false)
 5 SYSTEMPATH\Boot.php(325): CodeIgniter\CodeIgniter->run()
 6 SYSTEMPATH\Boot.php(67): CodeIgniter\Boot::runCodeIgniter(Object(CodeIgniter\CodeIgniter))
 7 FCPATH\index.php(56): CodeIgniter\Boot::bootWeb(Object(Config\Paths))
 8 SYSTEMPATH\rewrite.php(44): require_once('C:\\xampp\\htdocs\\food\\public\\index.php')
CRITICAL - 2024-09-14 00:26:56 --> TypeError: App\Controllers\Admin\Usuarios::buscaUsuarioOu404(): Argument #1 ($id) must be of type ?int, string given, called in C:\xampp\htdocs\food\app\Controllers\Admin\Usuarios.php on line 67
[Method: GET, Route: admin/usuarios/editar/images/logo-mini.svg]
in APPPATH\Controllers\Admin\Usuarios.php on line 90.
 1 APPPATH\Controllers\Admin\Usuarios.php(67): App\Controllers\Admin\Usuarios->buscaUsuarioOu404('images')
 2 SYSTEMPATH\CodeIgniter.php(933): App\Controllers\Admin\Usuarios->editar('images', 'logo-mini.svg')
 3 SYSTEMPATH\CodeIgniter.php(509): CodeIgniter\CodeIgniter->runController(Object(App\Controllers\Admin\Usuarios))
 4 SYSTEMPATH\CodeIgniter.php(355): CodeIgniter\CodeIgniter->handleRequest(null, Object(Config\Cache), false)
 5 SYSTEMPATH\Boot.php(325): CodeIgniter\CodeIgniter->run()
 6 SYSTEMPATH\Boot.php(67): CodeIgniter\Boot::runCodeIgniter(Object(CodeIgniter\CodeIgniter))
 7 FCPATH\index.php(56): CodeIgniter\Boot::bootWeb(Object(Config\Paths))
 8 SYSTEMPATH\rewrite.php(44): require_once('C:\\xampp\\htdocs\\food\\public\\index.php')
CRITICAL - 2024-09-14 00:26:56 --> TypeError: App\Controllers\Admin\Usuarios::buscaUsuarioOu404(): Argument #1 ($id) must be of type ?int, string given, called in C:\xampp\htdocs\food\app\Controllers\Admin\Usuarios.php on line 67
[Method: GET, Route: admin/usuarios/editar/images/faces/face4.jpg]
in APPPATH\Controllers\Admin\Usuarios.php on line 90.
 1 APPPATH\Controllers\Admin\Usuarios.php(67): App\Controllers\Admin\Usuarios->buscaUsuarioOu404('images')
 2 SYSTEMPATH\CodeIgniter.php(933): App\Controllers\Admin\Usuarios->editar('images', 'faces', 'face4.jpg')
 3 SYSTEMPATH\CodeIgniter.php(509): CodeIgniter\CodeIgniter->runController(Object(App\Controllers\Admin\Usuarios))
 4 SYSTEMPATH\CodeIgniter.php(355): CodeIgniter\CodeIgniter->handleRequest(null, Object(Config\Cache), false)
 5 SYSTEMPATH\Boot.php(325): CodeIgniter\CodeIgniter->run()
 6 SYSTEMPATH\Boot.php(67): CodeIgniter\Boot::runCodeIgniter(Object(CodeIgniter\CodeIgniter))
 7 FCPATH\index.php(56): CodeIgniter\Boot::bootWeb(Object(Config\Paths))
 8 SYSTEMPATH\rewrite.php(44): require_once('C:\\xampp\\htdocs\\food\\public\\index.php')
CRITICAL - 2024-09-14 00:26:56 --> TypeError: App\Controllers\Admin\Usuarios::buscaUsuarioOu404(): Argument #1 ($id) must be of type ?int, string given, called in C:\xampp\htdocs\food\app\Controllers\Admin\Usuarios.php on line 67
[Method: GET, Route: admin/usuarios/editar/images/faces/face2.jpg]
in APPPATH\Controllers\Admin\Usuarios.php on line 90.
 1 APPPATH\Controllers\Admin\Usuarios.php(67): App\Controllers\Admin\Usuarios->buscaUsuarioOu404('images')
 2 SYSTEMPATH\CodeIgniter.php(933): App\Controllers\Admin\Usuarios->editar('images', 'faces', 'face2.jpg')
 3 SYSTEMPATH\CodeIgniter.php(509): CodeIgniter\CodeIgniter->runController(Object(App\Controllers\Admin\Usuarios))
 4 SYSTEMPATH\CodeIgniter.php(355): CodeIgniter\CodeIgniter->handleRequest(null, Object(Config\Cache), false)
 5 SYSTEMPATH\Boot.php(325): CodeIgniter\CodeIgniter->run()
 6 SYSTEMPATH\Boot.php(67): CodeIgniter\Boot::runCodeIgniter(Object(CodeIgniter\CodeIgniter))
 7 FCPATH\index.php(56): CodeIgniter\Boot::bootWeb(Object(Config\Paths))
 8 SYSTEMPATH\rewrite.php(44): require_once('C:\\xampp\\htdocs\\food\\public\\index.php')
CRITICAL - 2024-09-14 00:26:57 --> TypeError: App\Controllers\Admin\Usuarios::buscaUsuarioOu404(): Argument #1 ($id) must be of type ?int, string given, called in C:\xampp\htdocs\food\app\Controllers\Admin\Usuarios.php on line 67
[Method: GET, Route: admin/usuarios/editar/images/faces/face3.jpg]
in APPPATH\Controllers\Admin\Usuarios.php on line 90.
 1 APPPATH\Controllers\Admin\Usuarios.php(67): App\Controllers\Admin\Usuarios->buscaUsuarioOu404('images')
 2 SYSTEMPATH\CodeIgniter.php(933): App\Controllers\Admin\Usuarios->editar('images', 'faces', 'face3.jpg')
 3 SYSTEMPATH\CodeIgniter.php(509): CodeIgniter\CodeIgniter->runController(Object(App\Controllers\Admin\Usuarios))
 4 SYSTEMPATH\CodeIgniter.php(355): CodeIgniter\CodeIgniter->handleRequest(null, Object(Config\Cache), false)
 5 SYSTEMPATH\Boot.php(325): CodeIgniter\CodeIgniter->run()
 6 SYSTEMPATH\Boot.php(67): CodeIgniter\Boot::runCodeIgniter(Object(CodeIgniter\CodeIgniter))
 7 FCPATH\index.php(56): CodeIgniter\Boot::bootWeb(Object(Config\Paths))
 8 SYSTEMPATH\rewrite.php(44): require_once('C:\\xampp\\htdocs\\food\\public\\index.php')
CRITICAL - 2024-09-14 00:26:57 --> TypeError: App\Controllers\Admin\Usuarios::buscaUsuarioOu404(): Argument #1 ($id) must be of type ?int, string given, called in C:\xampp\htdocs\food\app\Controllers\Admin\Usuarios.php on line 67
[Method: GET, Route: admin/usuarios/editar/images/faces/face5.jpg]
in APPPATH\Controllers\Admin\Usuarios.php on line 90.
 1 APPPATH\Controllers\Admin\Usuarios.php(67): App\Controllers\Admin\Usuarios->buscaUsuarioOu404('images')
 2 SYSTEMPATH\CodeIgniter.php(933): App\Controllers\Admin\Usuarios->editar('images', 'faces', 'face5.jpg')
 3 SYSTEMPATH\CodeIgniter.php(509): CodeIgniter\CodeIgniter->runController(Object(App\Controllers\Admin\Usuarios))
 4 SYSTEMPATH\CodeIgniter.php(355): CodeIgniter\CodeIgniter->handleRequest(null, Object(Config\Cache), false)
 5 SYSTEMPATH\Boot.php(325): CodeIgniter\CodeIgniter->run()
 6 SYSTEMPATH\Boot.php(67): CodeIgniter\Boot::runCodeIgniter(Object(CodeIgniter\CodeIgniter))
 7 FCPATH\index.php(56): CodeIgniter\Boot::bootWeb(Object(Config\Paths))
 8 SYSTEMPATH\rewrite.php(44): require_once('C:\\xampp\\htdocs\\food\\public\\index.php')
CRITICAL - 2024-09-14 00:39:56 --> TypeError: App\Controllers\Admin\Usuarios::buscaUsuarioOu404(): Argument #1 ($id) must be of type ?int, string given, called in C:\xampp\htdocs\food\app\Controllers\Admin\Usuarios.php on line 67
[Method: GET, Route: admin/usuarios/editar/images/logo.svg]
in APPPATH\Controllers\Admin\Usuarios.php on line 90.
 1 APPPATH\Controllers\Admin\Usuarios.php(67): App\Controllers\Admin\Usuarios->buscaUsuarioOu404('images')
 2 SYSTEMPATH\CodeIgniter.php(933): App\Controllers\Admin\Usuarios->editar('images', 'logo.svg')
 3 SYSTEMPATH\CodeIgniter.php(509): CodeIgniter\CodeIgniter->runController(Object(App\Controllers\Admin\Usuarios))
 4 SYSTEMPATH\CodeIgniter.php(355): CodeIgniter\CodeIgniter->handleRequest(null, Object(Config\Cache), false)
 5 SYSTEMPATH\Boot.php(325): CodeIgniter\CodeIgniter->run()
 6 SYSTEMPATH\Boot.php(67): CodeIgniter\Boot::runCodeIgniter(Object(CodeIgniter\CodeIgniter))
 7 FCPATH\index.php(56): CodeIgniter\Boot::bootWeb(Object(Config\Paths))
 8 SYSTEMPATH\rewrite.php(44): require_once('C:\\xampp\\htdocs\\food\\public\\index.php')
CRITICAL - 2024-09-14 00:39:56 --> TypeError: App\Controllers\Admin\Usuarios::buscaUsuarioOu404(): Argument #1 ($id) must be of type ?int, string given, called in C:\xampp\htdocs\food\app\Controllers\Admin\Usuarios.php on line 67
[Method: GET, Route: admin/usuarios/editar/images/logo-mini.svg]
in APPPATH\Controllers\Admin\Usuarios.php on line 90.
 1 APPPATH\Controllers\Admin\Usuarios.php(67): App\Controllers\Admin\Usuarios->buscaUsuarioOu404('images')
 2 SYSTEMPATH\CodeIgniter.php(933): App\Controllers\Admin\Usuarios->editar('images', 'logo-mini.svg')
 3 SYSTEMPATH\CodeIgniter.php(509): CodeIgniter\CodeIgniter->runController(Object(App\Controllers\Admin\Usuarios))
 4 SYSTEMPATH\CodeIgniter.php(355): CodeIgniter\CodeIgniter->handleRequest(null, Object(Config\Cache), false)
 5 SYSTEMPATH\Boot.php(325): CodeIgniter\CodeIgniter->run()
 6 SYSTEMPATH\Boot.php(67): CodeIgniter\Boot::runCodeIgniter(Object(CodeIgniter\CodeIgniter))
 7 FCPATH\index.php(56): CodeIgniter\Boot::bootWeb(Object(Config\Paths))
 8 SYSTEMPATH\rewrite.php(44): require_once('C:\\xampp\\htdocs\\food\\public\\index.php')
CRITICAL - 2024-09-14 00:39:56 --> TypeError: App\Controllers\Admin\Usuarios::buscaUsuarioOu404(): Argument #1 ($id) must be of type ?int, string given, called in C:\xampp\htdocs\food\app\Controllers\Admin\Usuarios.php on line 67
[Method: GET, Route: admin/usuarios/editar/images/faces/face4.jpg]
in APPPATH\Controllers\Admin\Usuarios.php on line 90.
 1 APPPATH\Controllers\Admin\Usuarios.php(67): App\Controllers\Admin\Usuarios->buscaUsuarioOu404('images')
 2 SYSTEMPATH\CodeIgniter.php(933): App\Controllers\Admin\Usuarios->editar('images', 'faces', 'face4.jpg')
 3 SYSTEMPATH\CodeIgniter.php(509): CodeIgniter\CodeIgniter->runController(Object(App\Controllers\Admin\Usuarios))
 4 SYSTEMPATH\CodeIgniter.php(355): CodeIgniter\CodeIgniter->handleRequest(null, Object(Config\Cache), false)
 5 SYSTEMPATH\Boot.php(325): CodeIgniter\CodeIgniter->run()
 6 SYSTEMPATH\Boot.php(67): CodeIgniter\Boot::runCodeIgniter(Object(CodeIgniter\CodeIgniter))
 7 FCPATH\index.php(56): CodeIgniter\Boot::bootWeb(Object(Config\Paths))
 8 SYSTEMPATH\rewrite.php(44): require_once('C:\\xampp\\htdocs\\food\\public\\index.php')
CRITICAL - 2024-09-14 00:39:56 --> TypeError: App\Controllers\Admin\Usuarios::buscaUsuarioOu404(): Argument #1 ($id) must be of type ?int, string given, called in C:\xampp\htdocs\food\app\Controllers\Admin\Usuarios.php on line 67
[Method: GET, Route: admin/usuarios/editar/images/faces/face2.jpg]
in APPPATH\Controllers\Admin\Usuarios.php on line 90.
 1 APPPATH\Controllers\Admin\Usuarios.php(67): App\Controllers\Admin\Usuarios->buscaUsuarioOu404('images')
 2 SYSTEMPATH\CodeIgniter.php(933): App\Controllers\Admin\Usuarios->editar('images', 'faces', 'face2.jpg')
 3 SYSTEMPATH\CodeIgniter.php(509): CodeIgniter\CodeIgniter->runController(Object(App\Controllers\Admin\Usuarios))
 4 SYSTEMPATH\CodeIgniter.php(355): CodeIgniter\CodeIgniter->handleRequest(null, Object(Config\Cache), false)
 5 SYSTEMPATH\Boot.php(325): CodeIgniter\CodeIgniter->run()
 6 SYSTEMPATH\Boot.php(67): CodeIgniter\Boot::runCodeIgniter(Object(CodeIgniter\CodeIgniter))
 7 FCPATH\index.php(56): CodeIgniter\Boot::bootWeb(Object(Config\Paths))
 8 SYSTEMPATH\rewrite.php(44): require_once('C:\\xampp\\htdocs\\food\\public\\index.php')
CRITICAL - 2024-09-14 00:39:56 --> TypeError: App\Controllers\Admin\Usuarios::buscaUsuarioOu404(): Argument #1 ($id) must be of type ?int, string given, called in C:\xampp\htdocs\food\app\Controllers\Admin\Usuarios.php on line 67
[Method: GET, Route: admin/usuarios/editar/images/faces/face3.jpg]
in APPPATH\Controllers\Admin\Usuarios.php on line 90.
 1 APPPATH\Controllers\Admin\Usuarios.php(67): App\Controllers\Admin\Usuarios->buscaUsuarioOu404('images')
 2 SYSTEMPATH\CodeIgniter.php(933): App\Controllers\Admin\Usuarios->editar('images', 'faces', 'face3.jpg')
 3 SYSTEMPATH\CodeIgniter.php(509): CodeIgniter\CodeIgniter->runController(Object(App\Controllers\Admin\Usuarios))
 4 SYSTEMPATH\CodeIgniter.php(355): CodeIgniter\CodeIgniter->handleRequest(null, Object(Config\Cache), false)
 5 SYSTEMPATH\Boot.php(325): CodeIgniter\CodeIgniter->run()
 6 SYSTEMPATH\Boot.php(67): CodeIgniter\Boot::runCodeIgniter(Object(CodeIgniter\CodeIgniter))
 7 FCPATH\index.php(56): CodeIgniter\Boot::bootWeb(Object(Config\Paths))
 8 SYSTEMPATH\rewrite.php(44): require_once('C:\\xampp\\htdocs\\food\\public\\index.php')
CRITICAL - 2024-09-14 00:39:57 --> TypeError: App\Controllers\Admin\Usuarios::buscaUsuarioOu404(): Argument #1 ($id) must be of type ?int, string given, called in C:\xampp\htdocs\food\app\Controllers\Admin\Usuarios.php on line 67
[Method: GET, Route: admin/usuarios/editar/images/faces/face5.jpg]
in APPPATH\Controllers\Admin\Usuarios.php on line 90.
 1 APPPATH\Controllers\Admin\Usuarios.php(67): App\Controllers\Admin\Usuarios->buscaUsuarioOu404('images')
 2 SYSTEMPATH\CodeIgniter.php(933): App\Controllers\Admin\Usuarios->editar('images', 'faces', 'face5.jpg')
 3 SYSTEMPATH\CodeIgniter.php(509): CodeIgniter\CodeIgniter->runController(Object(App\Controllers\Admin\Usuarios))
 4 SYSTEMPATH\CodeIgniter.php(355): CodeIgniter\CodeIgniter->handleRequest(null, Object(Config\Cache), false)
 5 SYSTEMPATH\Boot.php(325): CodeIgniter\CodeIgniter->run()
 6 SYSTEMPATH\Boot.php(67): CodeIgniter\Boot::runCodeIgniter(Object(CodeIgniter\CodeIgniter))
 7 FCPATH\index.php(56): CodeIgniter\Boot::bootWeb(Object(Config\Paths))
 8 SYSTEMPATH\rewrite.php(44): require_once('C:\\xampp\\htdocs\\food\\public\\index.php')
CRITICAL - 2024-09-14 01:09:39 --> TypeError: App\Controllers\Admin\Usuarios::buscaUsuarioOu404(): Argument #1 ($id) must be of type ?int, string given, called in C:\xampp\htdocs\food\app\Controllers\Admin\Usuarios.php on line 67
[Method: GET, Route: admin/usuarios/editar/images/logo.svg]
in APPPATH\Controllers\Admin\Usuarios.php on line 90.
 1 APPPATH\Controllers\Admin\Usuarios.php(67): App\Controllers\Admin\Usuarios->buscaUsuarioOu404('images')
 2 SYSTEMPATH\CodeIgniter.php(933): App\Controllers\Admin\Usuarios->editar('images', 'logo.svg')
 3 SYSTEMPATH\CodeIgniter.php(509): CodeIgniter\CodeIgniter->runController(Object(App\Controllers\Admin\Usuarios))
 4 SYSTEMPATH\CodeIgniter.php(355): CodeIgniter\CodeIgniter->handleRequest(null, Object(Config\Cache), false)
 5 SYSTEMPATH\Boot.php(325): CodeIgniter\CodeIgniter->run()
 6 SYSTEMPATH\Boot.php(67): CodeIgniter\Boot::runCodeIgniter(Object(CodeIgniter\CodeIgniter))
 7 FCPATH\index.php(56): CodeIgniter\Boot::bootWeb(Object(Config\Paths))
 8 SYSTEMPATH\rewrite.php(44): require_once('C:\\xampp\\htdocs\\food\\public\\index.php')
CRITICAL - 2024-09-14 01:09:39 --> TypeError: App\Controllers\Admin\Usuarios::buscaUsuarioOu404(): Argument #1 ($id) must be of type ?int, string given, called in C:\xampp\htdocs\food\app\Controllers\Admin\Usuarios.php on line 67
[Method: GET, Route: admin/usuarios/editar/images/logo-mini.svg]
in APPPATH\Controllers\Admin\Usuarios.php on line 90.
 1 APPPATH\Controllers\Admin\Usuarios.php(67): App\Controllers\Admin\Usuarios->buscaUsuarioOu404('images')
 2 SYSTEMPATH\CodeIgniter.php(933): App\Controllers\Admin\Usuarios->editar('images', 'logo-mini.svg')
 3 SYSTEMPATH\CodeIgniter.php(509): CodeIgniter\CodeIgniter->runController(Object(App\Controllers\Admin\Usuarios))
 4 SYSTEMPATH\CodeIgniter.php(355): CodeIgniter\CodeIgniter->handleRequest(null, Object(Config\Cache), false)
 5 SYSTEMPATH\Boot.php(325): CodeIgniter\CodeIgniter->run()
 6 SYSTEMPATH\Boot.php(67): CodeIgniter\Boot::runCodeIgniter(Object(CodeIgniter\CodeIgniter))
 7 FCPATH\index.php(56): CodeIgniter\Boot::bootWeb(Object(Config\Paths))
 8 SYSTEMPATH\rewrite.php(44): require_once('C:\\xampp\\htdocs\\food\\public\\index.php')
CRITICAL - 2024-09-14 01:09:39 --> TypeError: App\Controllers\Admin\Usuarios::buscaUsuarioOu404(): Argument #1 ($id) must be of type ?int, string given, called in C:\xampp\htdocs\food\app\Controllers\Admin\Usuarios.php on line 67
[Method: GET, Route: admin/usuarios/editar/images/faces/face4.jpg]
in APPPATH\Controllers\Admin\Usuarios.php on line 90.
 1 APPPATH\Controllers\Admin\Usuarios.php(67): App\Controllers\Admin\Usuarios->buscaUsuarioOu404('images')
 2 SYSTEMPATH\CodeIgniter.php(933): App\Controllers\Admin\Usuarios->editar('images', 'faces', 'face4.jpg')
 3 SYSTEMPATH\CodeIgniter.php(509): CodeIgniter\CodeIgniter->runController(Object(App\Controllers\Admin\Usuarios))
 4 SYSTEMPATH\CodeIgniter.php(355): CodeIgniter\CodeIgniter->handleRequest(null, Object(Config\Cache), false)
 5 SYSTEMPATH\Boot.php(325): CodeIgniter\CodeIgniter->run()
 6 SYSTEMPATH\Boot.php(67): CodeIgniter\Boot::runCodeIgniter(Object(CodeIgniter\CodeIgniter))
 7 FCPATH\index.php(56): CodeIgniter\Boot::bootWeb(Object(Config\Paths))
 8 SYSTEMPATH\rewrite.php(44): require_once('C:\\xampp\\htdocs\\food\\public\\index.php')
CRITICAL - 2024-09-14 01:09:39 --> TypeError: App\Controllers\Admin\Usuarios::buscaUsuarioOu404(): Argument #1 ($id) must be of type ?int, string given, called in C:\xampp\htdocs\food\app\Controllers\Admin\Usuarios.php on line 67
[Method: GET, Route: admin/usuarios/editar/images/faces/face2.jpg]
in APPPATH\Controllers\Admin\Usuarios.php on line 90.
 1 APPPATH\Controllers\Admin\Usuarios.php(67): App\Controllers\Admin\Usuarios->buscaUsuarioOu404('images')
 2 SYSTEMPATH\CodeIgniter.php(933): App\Controllers\Admin\Usuarios->editar('images', 'faces', 'face2.jpg')
 3 SYSTEMPATH\CodeIgniter.php(509): CodeIgniter\CodeIgniter->runController(Object(App\Controllers\Admin\Usuarios))
 4 SYSTEMPATH\CodeIgniter.php(355): CodeIgniter\CodeIgniter->handleRequest(null, Object(Config\Cache), false)
 5 SYSTEMPATH\Boot.php(325): CodeIgniter\CodeIgniter->run()
 6 SYSTEMPATH\Boot.php(67): CodeIgniter\Boot::runCodeIgniter(Object(CodeIgniter\CodeIgniter))
 7 FCPATH\index.php(56): CodeIgniter\Boot::bootWeb(Object(Config\Paths))
 8 SYSTEMPATH\rewrite.php(44): require_once('C:\\xampp\\htdocs\\food\\public\\index.php')
CRITICAL - 2024-09-14 01:09:39 --> TypeError: App\Controllers\Admin\Usuarios::buscaUsuarioOu404(): Argument #1 ($id) must be of type ?int, string given, called in C:\xampp\htdocs\food\app\Controllers\Admin\Usuarios.php on line 67
[Method: GET, Route: admin/usuarios/editar/images/faces/face3.jpg]
in APPPATH\Controllers\Admin\Usuarios.php on line 90.
 1 APPPATH\Controllers\Admin\Usuarios.php(67): App\Controllers\Admin\Usuarios->buscaUsuarioOu404('images')
 2 SYSTEMPATH\CodeIgniter.php(933): App\Controllers\Admin\Usuarios->editar('images', 'faces', 'face3.jpg')
 3 SYSTEMPATH\CodeIgniter.php(509): CodeIgniter\CodeIgniter->runController(Object(App\Controllers\Admin\Usuarios))
 4 SYSTEMPATH\CodeIgniter.php(355): CodeIgniter\CodeIgniter->handleRequest(null, Object(Config\Cache), false)
 5 SYSTEMPATH\Boot.php(325): CodeIgniter\CodeIgniter->run()
 6 SYSTEMPATH\Boot.php(67): CodeIgniter\Boot::runCodeIgniter(Object(CodeIgniter\CodeIgniter))
 7 FCPATH\index.php(56): CodeIgniter\Boot::bootWeb(Object(Config\Paths))
 8 SYSTEMPATH\rewrite.php(44): require_once('C:\\xampp\\htdocs\\food\\public\\index.php')
CRITICAL - 2024-09-14 01:09:40 --> TypeError: App\Controllers\Admin\Usuarios::buscaUsuarioOu404(): Argument #1 ($id) must be of type ?int, string given, called in C:\xampp\htdocs\food\app\Controllers\Admin\Usuarios.php on line 67
[Method: GET, Route: admin/usuarios/editar/images/faces/face5.jpg]
in APPPATH\Controllers\Admin\Usuarios.php on line 90.
 1 APPPATH\Controllers\Admin\Usuarios.php(67): App\Controllers\Admin\Usuarios->buscaUsuarioOu404('images')
 2 SYSTEMPATH\CodeIgniter.php(933): App\Controllers\Admin\Usuarios->editar('images', 'faces', 'face5.jpg')
 3 SYSTEMPATH\CodeIgniter.php(509): CodeIgniter\CodeIgniter->runController(Object(App\Controllers\Admin\Usuarios))
 4 SYSTEMPATH\CodeIgniter.php(355): CodeIgniter\CodeIgniter->handleRequest(null, Object(Config\Cache), false)
 5 SYSTEMPATH\Boot.php(325): CodeIgniter\CodeIgniter->run()
 6 SYSTEMPATH\Boot.php(67): CodeIgniter\Boot::runCodeIgniter(Object(CodeIgniter\CodeIgniter))
 7 FCPATH\index.php(56): CodeIgniter\Boot::bootWeb(Object(Config\Paths))
 8 SYSTEMPATH\rewrite.php(44): require_once('C:\\xampp\\htdocs\\food\\public\\index.php')
CRITICAL - 2024-09-14 01:19:33 --> TypeError: App\Controllers\Admin\Usuarios::buscaUsuarioOu404(): Argument #1 ($id) must be of type ?int, string given, called in C:\xampp\htdocs\food\app\Controllers\Admin\Usuarios.php on line 67
[Method: GET, Route: admin/usuarios/editar/images/logo.svg]
in APPPATH\Controllers\Admin\Usuarios.php on line 90.
 1 APPPATH\Controllers\Admin\Usuarios.php(67): App\Controllers\Admin\Usuarios->buscaUsuarioOu404('images')
 2 SYSTEMPATH\CodeIgniter.php(933): App\Controllers\Admin\Usuarios->editar('images', 'logo.svg')
 3 SYSTEMPATH\CodeIgniter.php(509): CodeIgniter\CodeIgniter->runController(Object(App\Controllers\Admin\Usuarios))
 4 SYSTEMPATH\CodeIgniter.php(355): CodeIgniter\CodeIgniter->handleRequest(null, Object(Config\Cache), false)
 5 SYSTEMPATH\Boot.php(325): CodeIgniter\CodeIgniter->run()
 6 SYSTEMPATH\Boot.php(67): CodeIgniter\Boot::runCodeIgniter(Object(CodeIgniter\CodeIgniter))
 7 FCPATH\index.php(56): CodeIgniter\Boot::bootWeb(Object(Config\Paths))
 8 SYSTEMPATH\rewrite.php(44): require_once('C:\\xampp\\htdocs\\food\\public\\index.php')
CRITICAL - 2024-09-14 01:19:33 --> TypeError: App\Controllers\Admin\Usuarios::buscaUsuarioOu404(): Argument #1 ($id) must be of type ?int, string given, called in C:\xampp\htdocs\food\app\Controllers\Admin\Usuarios.php on line 67
[Method: GET, Route: admin/usuarios/editar/images/logo-mini.svg]
in APPPATH\Controllers\Admin\Usuarios.php on line 90.
 1 APPPATH\Controllers\Admin\Usuarios.php(67): App\Controllers\Admin\Usuarios->buscaUsuarioOu404('images')
 2 SYSTEMPATH\CodeIgniter.php(933): App\Controllers\Admin\Usuarios->editar('images', 'logo-mini.svg')
 3 SYSTEMPATH\CodeIgniter.php(509): CodeIgniter\CodeIgniter->runController(Object(App\Controllers\Admin\Usuarios))
 4 SYSTEMPATH\CodeIgniter.php(355): CodeIgniter\CodeIgniter->handleRequest(null, Object(Config\Cache), false)
 5 SYSTEMPATH\Boot.php(325): CodeIgniter\CodeIgniter->run()
 6 SYSTEMPATH\Boot.php(67): CodeIgniter\Boot::runCodeIgniter(Object(CodeIgniter\CodeIgniter))
 7 FCPATH\index.php(56): CodeIgniter\Boot::bootWeb(Object(Config\Paths))
 8 SYSTEMPATH\rewrite.php(44): require_once('C:\\xampp\\htdocs\\food\\public\\index.php')
CRITICAL - 2024-09-14 01:19:33 --> TypeError: App\Controllers\Admin\Usuarios::buscaUsuarioOu404(): Argument #1 ($id) must be of type ?int, string given, called in C:\xampp\htdocs\food\app\Controllers\Admin\Usuarios.php on line 67
[Method: GET, Route: admin/usuarios/editar/images/faces/face4.jpg]
in APPPATH\Controllers\Admin\Usuarios.php on line 90.
 1 APPPATH\Controllers\Admin\Usuarios.php(67): App\Controllers\Admin\Usuarios->buscaUsuarioOu404('images')
 2 SYSTEMPATH\CodeIgniter.php(933): App\Controllers\Admin\Usuarios->editar('images', 'faces', 'face4.jpg')
 3 SYSTEMPATH\CodeIgniter.php(509): CodeIgniter\CodeIgniter->runController(Object(App\Controllers\Admin\Usuarios))
 4 SYSTEMPATH\CodeIgniter.php(355): CodeIgniter\CodeIgniter->handleRequest(null, Object(Config\Cache), false)
 5 SYSTEMPATH\Boot.php(325): CodeIgniter\CodeIgniter->run()
 6 SYSTEMPATH\Boot.php(67): CodeIgniter\Boot::runCodeIgniter(Object(CodeIgniter\CodeIgniter))
 7 FCPATH\index.php(56): CodeIgniter\Boot::bootWeb(Object(Config\Paths))
 8 SYSTEMPATH\rewrite.php(44): require_once('C:\\xampp\\htdocs\\food\\public\\index.php')
CRITICAL - 2024-09-14 01:19:33 --> TypeError: App\Controllers\Admin\Usuarios::buscaUsuarioOu404(): Argument #1 ($id) must be of type ?int, string given, called in C:\xampp\htdocs\food\app\Controllers\Admin\Usuarios.php on line 67
[Method: GET, Route: admin/usuarios/editar/images/faces/face2.jpg]
in APPPATH\Controllers\Admin\Usuarios.php on line 90.
 1 APPPATH\Controllers\Admin\Usuarios.php(67): App\Controllers\Admin\Usuarios->buscaUsuarioOu404('images')
 2 SYSTEMPATH\CodeIgniter.php(933): App\Controllers\Admin\Usuarios->editar('images', 'faces', 'face2.jpg')
 3 SYSTEMPATH\CodeIgniter.php(509): CodeIgniter\CodeIgniter->runController(Object(App\Controllers\Admin\Usuarios))
 4 SYSTEMPATH\CodeIgniter.php(355): CodeIgniter\CodeIgniter->handleRequest(null, Object(Config\Cache), false)
 5 SYSTEMPATH\Boot.php(325): CodeIgniter\CodeIgniter->run()
 6 SYSTEMPATH\Boot.php(67): CodeIgniter\Boot::runCodeIgniter(Object(CodeIgniter\CodeIgniter))
 7 FCPATH\index.php(56): CodeIgniter\Boot::bootWeb(Object(Config\Paths))
 8 SYSTEMPATH\rewrite.php(44): require_once('C:\\xampp\\htdocs\\food\\public\\index.php')
CRITICAL - 2024-09-14 01:19:33 --> TypeError: App\Controllers\Admin\Usuarios::buscaUsuarioOu404(): Argument #1 ($id) must be of type ?int, string given, called in C:\xampp\htdocs\food\app\Controllers\Admin\Usuarios.php on line 67
[Method: GET, Route: admin/usuarios/editar/images/faces/face3.jpg]
in APPPATH\Controllers\Admin\Usuarios.php on line 90.
 1 APPPATH\Controllers\Admin\Usuarios.php(67): App\Controllers\Admin\Usuarios->buscaUsuarioOu404('images')
 2 SYSTEMPATH\CodeIgniter.php(933): App\Controllers\Admin\Usuarios->editar('images', 'faces', 'face3.jpg')
 3 SYSTEMPATH\CodeIgniter.php(509): CodeIgniter\CodeIgniter->runController(Object(App\Controllers\Admin\Usuarios))
 4 SYSTEMPATH\CodeIgniter.php(355): CodeIgniter\CodeIgniter->handleRequest(null, Object(Config\Cache), false)
 5 SYSTEMPATH\Boot.php(325): CodeIgniter\CodeIgniter->run()
 6 SYSTEMPATH\Boot.php(67): CodeIgniter\Boot::runCodeIgniter(Object(CodeIgniter\CodeIgniter))
 7 FCPATH\index.php(56): CodeIgniter\Boot::bootWeb(Object(Config\Paths))
 8 SYSTEMPATH\rewrite.php(44): require_once('C:\\xampp\\htdocs\\food\\public\\index.php')
CRITICAL - 2024-09-14 01:19:34 --> TypeError: App\Controllers\Admin\Usuarios::buscaUsuarioOu404(): Argument #1 ($id) must be of type ?int, string given, called in C:\xampp\htdocs\food\app\Controllers\Admin\Usuarios.php on line 67
[Method: GET, Route: admin/usuarios/editar/images/faces/face5.jpg]
in APPPATH\Controllers\Admin\Usuarios.php on line 90.
 1 APPPATH\Controllers\Admin\Usuarios.php(67): App\Controllers\Admin\Usuarios->buscaUsuarioOu404('images')
 2 SYSTEMPATH\CodeIgniter.php(933): App\Controllers\Admin\Usuarios->editar('images', 'faces', 'face5.jpg')
 3 SYSTEMPATH\CodeIgniter.php(509): CodeIgniter\CodeIgniter->runController(Object(App\Controllers\Admin\Usuarios))
 4 SYSTEMPATH\CodeIgniter.php(355): CodeIgniter\CodeIgniter->handleRequest(null, Object(Config\Cache), false)
 5 SYSTEMPATH\Boot.php(325): CodeIgniter\CodeIgniter->run()
 6 SYSTEMPATH\Boot.php(67): CodeIgniter\Boot::runCodeIgniter(Object(CodeIgniter\CodeIgniter))
 7 FCPATH\index.php(56): CodeIgniter\Boot::bootWeb(Object(Config\Paths))
 8 SYSTEMPATH\rewrite.php(44): require_once('C:\\xampp\\htdocs\\food\\public\\index.php')
CRITICAL - 2024-09-14 17:29:02 --> TypeError: App\Controllers\Admin\Usuarios::buscaUsuarioOu404(): Argument #1 ($id) must be of type ?int, string given, called in C:\xampp\htdocs\food\app\Controllers\Admin\Usuarios.php on line 67
[Method: GET, Route: admin/usuarios/editar/images/logo.svg]
in APPPATH\Controllers\Admin\Usuarios.php on line 90.
 1 APPPATH\Controllers\Admin\Usuarios.php(67): App\Controllers\Admin\Usuarios->buscaUsuarioOu404('images')
 2 SYSTEMPATH\CodeIgniter.php(933): App\Controllers\Admin\Usuarios->editar('images', 'logo.svg')
 3 SYSTEMPATH\CodeIgniter.php(509): CodeIgniter\CodeIgniter->runController(Object(App\Controllers\Admin\Usuarios))
 4 SYSTEMPATH\CodeIgniter.php(355): CodeIgniter\CodeIgniter->handleRequest(null, Object(Config\Cache), false)
 5 SYSTEMPATH\Boot.php(325): CodeIgniter\CodeIgniter->run()
 6 SYSTEMPATH\Boot.php(67): CodeIgniter\Boot::runCodeIgniter(Object(CodeIgniter\CodeIgniter))
 7 FCPATH\index.php(56): CodeIgniter\Boot::bootWeb(Object(Config\Paths))
 8 SYSTEMPATH\rewrite.php(44): require_once('C:\\xampp\\htdocs\\food\\public\\index.php')
CRITICAL - 2024-09-14 17:29:02 --> TypeError: App\Controllers\Admin\Usuarios::buscaUsuarioOu404(): Argument #1 ($id) must be of type ?int, string given, called in C:\xampp\htdocs\food\app\Controllers\Admin\Usuarios.php on line 67
[Method: GET, Route: admin/usuarios/editar/images/logo-mini.svg]
in APPPATH\Controllers\Admin\Usuarios.php on line 90.
 1 APPPATH\Controllers\Admin\Usuarios.php(67): App\Controllers\Admin\Usuarios->buscaUsuarioOu404('images')
 2 SYSTEMPATH\CodeIgniter.php(933): App\Controllers\Admin\Usuarios->editar('images', 'logo-mini.svg')
 3 SYSTEMPATH\CodeIgniter.php(509): CodeIgniter\CodeIgniter->runController(Object(App\Controllers\Admin\Usuarios))
 4 SYSTEMPATH\CodeIgniter.php(355): CodeIgniter\CodeIgniter->handleRequest(null, Object(Config\Cache), false)
 5 SYSTEMPATH\Boot.php(325): CodeIgniter\CodeIgniter->run()
 6 SYSTEMPATH\Boot.php(67): CodeIgniter\Boot::runCodeIgniter(Object(CodeIgniter\CodeIgniter))
 7 FCPATH\index.php(56): CodeIgniter\Boot::bootWeb(Object(Config\Paths))
 8 SYSTEMPATH\rewrite.php(44): require_once('C:\\xampp\\htdocs\\food\\public\\index.php')
CRITICAL - 2024-09-14 17:29:03 --> TypeError: App\Controllers\Admin\Usuarios::buscaUsuarioOu404(): Argument #1 ($id) must be of type ?int, string given, called in C:\xampp\htdocs\food\app\Controllers\Admin\Usuarios.php on line 67
[Method: GET, Route: admin/usuarios/editar/images/faces/face4.jpg]
in APPPATH\Controllers\Admin\Usuarios.php on line 90.
 1 APPPATH\Controllers\Admin\Usuarios.php(67): App\Controllers\Admin\Usuarios->buscaUsuarioOu404('images')
 2 SYSTEMPATH\CodeIgniter.php(933): App\Controllers\Admin\Usuarios->editar('images', 'faces', 'face4.jpg')
 3 SYSTEMPATH\CodeIgniter.php(509): CodeIgniter\CodeIgniter->runController(Object(App\Controllers\Admin\Usuarios))
 4 SYSTEMPATH\CodeIgniter.php(355): CodeIgniter\CodeIgniter->handleRequest(null, Object(Config\Cache), false)
 5 SYSTEMPATH\Boot.php(325): CodeIgniter\CodeIgniter->run()
 6 SYSTEMPATH\Boot.php(67): CodeIgniter\Boot::runCodeIgniter(Object(CodeIgniter\CodeIgniter))
 7 FCPATH\index.php(56): CodeIgniter\Boot::bootWeb(Object(Config\Paths))
 8 SYSTEMPATH\rewrite.php(44): require_once('C:\\xampp\\htdocs\\food\\public\\index.php')
CRITICAL - 2024-09-14 17:29:03 --> TypeError: App\Controllers\Admin\Usuarios::buscaUsuarioOu404(): Argument #1 ($id) must be of type ?int, string given, called in C:\xampp\htdocs\food\app\Controllers\Admin\Usuarios.php on line 67
[Method: GET, Route: admin/usuarios/editar/images/faces/face2.jpg]
in APPPATH\Controllers\Admin\Usuarios.php on line 90.
 1 APPPATH\Controllers\Admin\Usuarios.php(67): App\Controllers\Admin\Usuarios->buscaUsuarioOu404('images')
 2 SYSTEMPATH\CodeIgniter.php(933): App\Controllers\Admin\Usuarios->editar('images', 'faces', 'face2.jpg')
 3 SYSTEMPATH\CodeIgniter.php(509): CodeIgniter\CodeIgniter->runController(Object(App\Controllers\Admin\Usuarios))
 4 SYSTEMPATH\CodeIgniter.php(355): CodeIgniter\CodeIgniter->handleRequest(null, Object(Config\Cache), false)
 5 SYSTEMPATH\Boot.php(325): CodeIgniter\CodeIgniter->run()
 6 SYSTEMPATH\Boot.php(67): CodeIgniter\Boot::runCodeIgniter(Object(CodeIgniter\CodeIgniter))
 7 FCPATH\index.php(56): CodeIgniter\Boot::bootWeb(Object(Config\Paths))
 8 SYSTEMPATH\rewrite.php(44): require_once('C:\\xampp\\htdocs\\food\\public\\index.php')
CRITICAL - 2024-09-14 17:29:03 --> TypeError: App\Controllers\Admin\Usuarios::buscaUsuarioOu404(): Argument #1 ($id) must be of type ?int, string given, called in C:\xampp\htdocs\food\app\Controllers\Admin\Usuarios.php on line 67
[Method: GET, Route: admin/usuarios/editar/images/faces/face3.jpg]
in APPPATH\Controllers\Admin\Usuarios.php on line 90.
 1 APPPATH\Controllers\Admin\Usuarios.php(67): App\Controllers\Admin\Usuarios->buscaUsuarioOu404('images')
 2 SYSTEMPATH\CodeIgniter.php(933): App\Controllers\Admin\Usuarios->editar('images', 'faces', 'face3.jpg')
 3 SYSTEMPATH\CodeIgniter.php(509): CodeIgniter\CodeIgniter->runController(Object(App\Controllers\Admin\Usuarios))
 4 SYSTEMPATH\CodeIgniter.php(355): CodeIgniter\CodeIgniter->handleRequest(null, Object(Config\Cache), false)
 5 SYSTEMPATH\Boot.php(325): CodeIgniter\CodeIgniter->run()
 6 SYSTEMPATH\Boot.php(67): CodeIgniter\Boot::runCodeIgniter(Object(CodeIgniter\CodeIgniter))
 7 FCPATH\index.php(56): CodeIgniter\Boot::bootWeb(Object(Config\Paths))
 8 SYSTEMPATH\rewrite.php(44): require_once('C:\\xampp\\htdocs\\food\\public\\index.php')
CRITICAL - 2024-09-14 17:29:04 --> TypeError: App\Controllers\Admin\Usuarios::buscaUsuarioOu404(): Argument #1 ($id) must be of type ?int, string given, called in C:\xampp\htdocs\food\app\Controllers\Admin\Usuarios.php on line 67
[Method: GET, Route: admin/usuarios/editar/images/faces/face5.jpg]
in APPPATH\Controllers\Admin\Usuarios.php on line 90.
 1 APPPATH\Controllers\Admin\Usuarios.php(67): App\Controllers\Admin\Usuarios->buscaUsuarioOu404('images')
 2 SYSTEMPATH\CodeIgniter.php(933): App\Controllers\Admin\Usuarios->editar('images', 'faces', 'face5.jpg')
 3 SYSTEMPATH\CodeIgniter.php(509): CodeIgniter\CodeIgniter->runController(Object(App\Controllers\Admin\Usuarios))
 4 SYSTEMPATH\CodeIgniter.php(355): CodeIgniter\CodeIgniter->handleRequest(null, Object(Config\Cache), false)
 5 SYSTEMPATH\Boot.php(325): CodeIgniter\CodeIgniter->run()
 6 SYSTEMPATH\Boot.php(67): CodeIgniter\Boot::runCodeIgniter(Object(CodeIgniter\CodeIgniter))
 7 FCPATH\index.php(56): CodeIgniter\Boot::bootWeb(Object(Config\Paths))
 8 SYSTEMPATH\rewrite.php(44): require_once('C:\\xampp\\htdocs\\food\\public\\index.php')
CRITICAL - 2024-09-14 17:30:28 --> TypeError: App\Controllers\Admin\Usuarios::buscaUsuarioOu404(): Argument #1 ($id) must be of type ?int, string given, called in C:\xampp\htdocs\food\app\Controllers\Admin\Usuarios.php on line 67
[Method: GET, Route: admin/usuarios/editar/images/logo.svg]
in APPPATH\Controllers\Admin\Usuarios.php on line 90.
 1 APPPATH\Controllers\Admin\Usuarios.php(67): App\Controllers\Admin\Usuarios->buscaUsuarioOu404('images')
 2 SYSTEMPATH\CodeIgniter.php(933): App\Controllers\Admin\Usuarios->editar('images', 'logo.svg')
 3 SYSTEMPATH\CodeIgniter.php(509): CodeIgniter\CodeIgniter->runController(Object(App\Controllers\Admin\Usuarios))
 4 SYSTEMPATH\CodeIgniter.php(355): CodeIgniter\CodeIgniter->handleRequest(null, Object(Config\Cache), false)
 5 SYSTEMPATH\Boot.php(325): CodeIgniter\CodeIgniter->run()
 6 SYSTEMPATH\Boot.php(67): CodeIgniter\Boot::runCodeIgniter(Object(CodeIgniter\CodeIgniter))
 7 FCPATH\index.php(56): CodeIgniter\Boot::bootWeb(Object(Config\Paths))
 8 SYSTEMPATH\rewrite.php(44): require_once('C:\\xampp\\htdocs\\food\\public\\index.php')
CRITICAL - 2024-09-14 17:30:28 --> TypeError: App\Controllers\Admin\Usuarios::buscaUsuarioOu404(): Argument #1 ($id) must be of type ?int, string given, called in C:\xampp\htdocs\food\app\Controllers\Admin\Usuarios.php on line 67
[Method: GET, Route: admin/usuarios/editar/images/logo-mini.svg]
in APPPATH\Controllers\Admin\Usuarios.php on line 90.
 1 APPPATH\Controllers\Admin\Usuarios.php(67): App\Controllers\Admin\Usuarios->buscaUsuarioOu404('images')
 2 SYSTEMPATH\CodeIgniter.php(933): App\Controllers\Admin\Usuarios->editar('images', 'logo-mini.svg')
 3 SYSTEMPATH\CodeIgniter.php(509): CodeIgniter\CodeIgniter->runController(Object(App\Controllers\Admin\Usuarios))
 4 SYSTEMPATH\CodeIgniter.php(355): CodeIgniter\CodeIgniter->handleRequest(null, Object(Config\Cache), false)
 5 SYSTEMPATH\Boot.php(325): CodeIgniter\CodeIgniter->run()
 6 SYSTEMPATH\Boot.php(67): CodeIgniter\Boot::runCodeIgniter(Object(CodeIgniter\CodeIgniter))
 7 FCPATH\index.php(56): CodeIgniter\Boot::bootWeb(Object(Config\Paths))
 8 SYSTEMPATH\rewrite.php(44): require_once('C:\\xampp\\htdocs\\food\\public\\index.php')
CRITICAL - 2024-09-14 17:30:28 --> TypeError: App\Controllers\Admin\Usuarios::buscaUsuarioOu404(): Argument #1 ($id) must be of type ?int, string given, called in C:\xampp\htdocs\food\app\Controllers\Admin\Usuarios.php on line 67
[Method: GET, Route: admin/usuarios/editar/images/faces/face4.jpg]
in APPPATH\Controllers\Admin\Usuarios.php on line 90.
 1 APPPATH\Controllers\Admin\Usuarios.php(67): App\Controllers\Admin\Usuarios->buscaUsuarioOu404('images')
 2 SYSTEMPATH\CodeIgniter.php(933): App\Controllers\Admin\Usuarios->editar('images', 'faces', 'face4.jpg')
 3 SYSTEMPATH\CodeIgniter.php(509): CodeIgniter\CodeIgniter->runController(Object(App\Controllers\Admin\Usuarios))
 4 SYSTEMPATH\CodeIgniter.php(355): CodeIgniter\CodeIgniter->handleRequest(null, Object(Config\Cache), false)
 5 SYSTEMPATH\Boot.php(325): CodeIgniter\CodeIgniter->run()
 6 SYSTEMPATH\Boot.php(67): CodeIgniter\Boot::runCodeIgniter(Object(CodeIgniter\CodeIgniter))
 7 FCPATH\index.php(56): CodeIgniter\Boot::bootWeb(Object(Config\Paths))
 8 SYSTEMPATH\rewrite.php(44): require_once('C:\\xampp\\htdocs\\food\\public\\index.php')
CRITICAL - 2024-09-14 17:30:28 --> TypeError: App\Controllers\Admin\Usuarios::buscaUsuarioOu404(): Argument #1 ($id) must be of type ?int, string given, called in C:\xampp\htdocs\food\app\Controllers\Admin\Usuarios.php on line 67
[Method: GET, Route: admin/usuarios/editar/images/faces/face2.jpg]
in APPPATH\Controllers\Admin\Usuarios.php on line 90.
 1 APPPATH\Controllers\Admin\Usuarios.php(67): App\Controllers\Admin\Usuarios->buscaUsuarioOu404('images')
 2 SYSTEMPATH\CodeIgniter.php(933): App\Controllers\Admin\Usuarios->editar('images', 'faces', 'face2.jpg')
 3 SYSTEMPATH\CodeIgniter.php(509): CodeIgniter\CodeIgniter->runController(Object(App\Controllers\Admin\Usuarios))
 4 SYSTEMPATH\CodeIgniter.php(355): CodeIgniter\CodeIgniter->handleRequest(null, Object(Config\Cache), false)
 5 SYSTEMPATH\Boot.php(325): CodeIgniter\CodeIgniter->run()
 6 SYSTEMPATH\Boot.php(67): CodeIgniter\Boot::runCodeIgniter(Object(CodeIgniter\CodeIgniter))
 7 FCPATH\index.php(56): CodeIgniter\Boot::bootWeb(Object(Config\Paths))
 8 SYSTEMPATH\rewrite.php(44): require_once('C:\\xampp\\htdocs\\food\\public\\index.php')
CRITICAL - 2024-09-14 17:30:28 --> TypeError: App\Controllers\Admin\Usuarios::buscaUsuarioOu404(): Argument #1 ($id) must be of type ?int, string given, called in C:\xampp\htdocs\food\app\Controllers\Admin\Usuarios.php on line 67
[Method: GET, Route: admin/usuarios/editar/images/faces/face3.jpg]
in APPPATH\Controllers\Admin\Usuarios.php on line 90.
 1 APPPATH\Controllers\Admin\Usuarios.php(67): App\Controllers\Admin\Usuarios->buscaUsuarioOu404('images')
 2 SYSTEMPATH\CodeIgniter.php(933): App\Controllers\Admin\Usuarios->editar('images', 'faces', 'face3.jpg')
 3 SYSTEMPATH\CodeIgniter.php(509): CodeIgniter\CodeIgniter->runController(Object(App\Controllers\Admin\Usuarios))
 4 SYSTEMPATH\CodeIgniter.php(355): CodeIgniter\CodeIgniter->handleRequest(null, Object(Config\Cache), false)
 5 SYSTEMPATH\Boot.php(325): CodeIgniter\CodeIgniter->run()
 6 SYSTEMPATH\Boot.php(67): CodeIgniter\Boot::runCodeIgniter(Object(CodeIgniter\CodeIgniter))
 7 FCPATH\index.php(56): CodeIgniter\Boot::bootWeb(Object(Config\Paths))
 8 SYSTEMPATH\rewrite.php(44): require_once('C:\\xampp\\htdocs\\food\\public\\index.php')
CRITICAL - 2024-09-14 17:30:28 --> TypeError: App\Controllers\Admin\Usuarios::buscaUsuarioOu404(): Argument #1 ($id) must be of type ?int, string given, called in C:\xampp\htdocs\food\app\Controllers\Admin\Usuarios.php on line 67
[Method: GET, Route: admin/usuarios/editar/images/faces/face5.jpg]
in APPPATH\Controllers\Admin\Usuarios.php on line 90.
 1 APPPATH\Controllers\Admin\Usuarios.php(67): App\Controllers\Admin\Usuarios->buscaUsuarioOu404('images')
 2 SYSTEMPATH\CodeIgniter.php(933): App\Controllers\Admin\Usuarios->editar('images', 'faces', 'face5.jpg')
 3 SYSTEMPATH\CodeIgniter.php(509): CodeIgniter\CodeIgniter->runController(Object(App\Controllers\Admin\Usuarios))
 4 SYSTEMPATH\CodeIgniter.php(355): CodeIgniter\CodeIgniter->handleRequest(null, Object(Config\Cache), false)
 5 SYSTEMPATH\Boot.php(325): CodeIgniter\CodeIgniter->run()
 6 SYSTEMPATH\Boot.php(67): CodeIgniter\Boot::runCodeIgniter(Object(CodeIgniter\CodeIgniter))
 7 FCPATH\index.php(56): CodeIgniter\Boot::bootWeb(Object(Config\Paths))
 8 SYSTEMPATH\rewrite.php(44): require_once('C:\\xampp\\htdocs\\food\\public\\index.php')
CRITICAL - 2024-09-14 17:48:38 --> TypeError: App\Controllers\Admin\Usuarios::buscaUsuarioOu404(): Argument #1 ($id) must be of type ?int, string given, called in C:\xampp\htdocs\food\app\Controllers\Admin\Usuarios.php on line 67
[Method: GET, Route: admin/usuarios/editar/images/logo.svg]
in APPPATH\Controllers\Admin\Usuarios.php on line 90.
 1 APPPATH\Controllers\Admin\Usuarios.php(67): App\Controllers\Admin\Usuarios->buscaUsuarioOu404('images')
 2 SYSTEMPATH\CodeIgniter.php(933): App\Controllers\Admin\Usuarios->editar('images', 'logo.svg')
 3 SYSTEMPATH\CodeIgniter.php(509): CodeIgniter\CodeIgniter->runController(Object(App\Controllers\Admin\Usuarios))
 4 SYSTEMPATH\CodeIgniter.php(355): CodeIgniter\CodeIgniter->handleRequest(null, Object(Config\Cache), false)
 5 SYSTEMPATH\Boot.php(325): CodeIgniter\CodeIgniter->run()
 6 SYSTEMPATH\Boot.php(67): CodeIgniter\Boot::runCodeIgniter(Object(CodeIgniter\CodeIgniter))
 7 FCPATH\index.php(56): CodeIgniter\Boot::bootWeb(Object(Config\Paths))
 8 SYSTEMPATH\rewrite.php(44): require_once('C:\\xampp\\htdocs\\food\\public\\index.php')
CRITICAL - 2024-09-14 17:48:38 --> TypeError: App\Controllers\Admin\Usuarios::buscaUsuarioOu404(): Argument #1 ($id) must be of type ?int, string given, called in C:\xampp\htdocs\food\app\Controllers\Admin\Usuarios.php on line 67
[Method: GET, Route: admin/usuarios/editar/images/logo-mini.svg]
in APPPATH\Controllers\Admin\Usuarios.php on line 90.
 1 APPPATH\Controllers\Admin\Usuarios.php(67): App\Controllers\Admin\Usuarios->buscaUsuarioOu404('images')
 2 SYSTEMPATH\CodeIgniter.php(933): App\Controllers\Admin\Usuarios->editar('images', 'logo-mini.svg')
 3 SYSTEMPATH\CodeIgniter.php(509): CodeIgniter\CodeIgniter->runController(Object(App\Controllers\Admin\Usuarios))
 4 SYSTEMPATH\CodeIgniter.php(355): CodeIgniter\CodeIgniter->handleRequest(null, Object(Config\Cache), false)
 5 SYSTEMPATH\Boot.php(325): CodeIgniter\CodeIgniter->run()
 6 SYSTEMPATH\Boot.php(67): CodeIgniter\Boot::runCodeIgniter(Object(CodeIgniter\CodeIgniter))
 7 FCPATH\index.php(56): CodeIgniter\Boot::bootWeb(Object(Config\Paths))
 8 SYSTEMPATH\rewrite.php(44): require_once('C:\\xampp\\htdocs\\food\\public\\index.php')
CRITICAL - 2024-09-14 17:48:38 --> TypeError: App\Controllers\Admin\Usuarios::buscaUsuarioOu404(): Argument #1 ($id) must be of type ?int, string given, called in C:\xampp\htdocs\food\app\Controllers\Admin\Usuarios.php on line 67
[Method: GET, Route: admin/usuarios/editar/images/faces/face4.jpg]
in APPPATH\Controllers\Admin\Usuarios.php on line 90.
 1 APPPATH\Controllers\Admin\Usuarios.php(67): App\Controllers\Admin\Usuarios->buscaUsuarioOu404('images')
 2 SYSTEMPATH\CodeIgniter.php(933): App\Controllers\Admin\Usuarios->editar('images', 'faces', 'face4.jpg')
 3 SYSTEMPATH\CodeIgniter.php(509): CodeIgniter\CodeIgniter->runController(Object(App\Controllers\Admin\Usuarios))
 4 SYSTEMPATH\CodeIgniter.php(355): CodeIgniter\CodeIgniter->handleRequest(null, Object(Config\Cache), false)
 5 SYSTEMPATH\Boot.php(325): CodeIgniter\CodeIgniter->run()
 6 SYSTEMPATH\Boot.php(67): CodeIgniter\Boot::runCodeIgniter(Object(CodeIgniter\CodeIgniter))
 7 FCPATH\index.php(56): CodeIgniter\Boot::bootWeb(Object(Config\Paths))
 8 SYSTEMPATH\rewrite.php(44): require_once('C:\\xampp\\htdocs\\food\\public\\index.php')
CRITICAL - 2024-09-14 17:48:38 --> TypeError: App\Controllers\Admin\Usuarios::buscaUsuarioOu404(): Argument #1 ($id) must be of type ?int, string given, called in C:\xampp\htdocs\food\app\Controllers\Admin\Usuarios.php on line 67
[Method: GET, Route: admin/usuarios/editar/images/faces/face2.jpg]
in APPPATH\Controllers\Admin\Usuarios.php on line 90.
 1 APPPATH\Controllers\Admin\Usuarios.php(67): App\Controllers\Admin\Usuarios->buscaUsuarioOu404('images')
 2 SYSTEMPATH\CodeIgniter.php(933): App\Controllers\Admin\Usuarios->editar('images', 'faces', 'face2.jpg')
 3 SYSTEMPATH\CodeIgniter.php(509): CodeIgniter\CodeIgniter->runController(Object(App\Controllers\Admin\Usuarios))
 4 SYSTEMPATH\CodeIgniter.php(355): CodeIgniter\CodeIgniter->handleRequest(null, Object(Config\Cache), false)
 5 SYSTEMPATH\Boot.php(325): CodeIgniter\CodeIgniter->run()
 6 SYSTEMPATH\Boot.php(67): CodeIgniter\Boot::runCodeIgniter(Object(CodeIgniter\CodeIgniter))
 7 FCPATH\index.php(56): CodeIgniter\Boot::bootWeb(Object(Config\Paths))
 8 SYSTEMPATH\rewrite.php(44): require_once('C:\\xampp\\htdocs\\food\\public\\index.php')
CRITICAL - 2024-09-14 17:48:38 --> TypeError: App\Controllers\Admin\Usuarios::buscaUsuarioOu404(): Argument #1 ($id) must be of type ?int, string given, called in C:\xampp\htdocs\food\app\Controllers\Admin\Usuarios.php on line 67
[Method: GET, Route: admin/usuarios/editar/images/faces/face3.jpg]
in APPPATH\Controllers\Admin\Usuarios.php on line 90.
 1 APPPATH\Controllers\Admin\Usuarios.php(67): App\Controllers\Admin\Usuarios->buscaUsuarioOu404('images')
 2 SYSTEMPATH\CodeIgniter.php(933): App\Controllers\Admin\Usuarios->editar('images', 'faces', 'face3.jpg')
 3 SYSTEMPATH\CodeIgniter.php(509): CodeIgniter\CodeIgniter->runController(Object(App\Controllers\Admin\Usuarios))
 4 SYSTEMPATH\CodeIgniter.php(355): CodeIgniter\CodeIgniter->handleRequest(null, Object(Config\Cache), false)
 5 SYSTEMPATH\Boot.php(325): CodeIgniter\CodeIgniter->run()
 6 SYSTEMPATH\Boot.php(67): CodeIgniter\Boot::runCodeIgniter(Object(CodeIgniter\CodeIgniter))
 7 FCPATH\index.php(56): CodeIgniter\Boot::bootWeb(Object(Config\Paths))
 8 SYSTEMPATH\rewrite.php(44): require_once('C:\\xampp\\htdocs\\food\\public\\index.php')
CRITICAL - 2024-09-14 17:48:38 --> TypeError: App\Controllers\Admin\Usuarios::buscaUsuarioOu404(): Argument #1 ($id) must be of type ?int, string given, called in C:\xampp\htdocs\food\app\Controllers\Admin\Usuarios.php on line 67
[Method: GET, Route: admin/usuarios/editar/images/faces/face5.jpg]
in APPPATH\Controllers\Admin\Usuarios.php on line 90.
 1 APPPATH\Controllers\Admin\Usuarios.php(67): App\Controllers\Admin\Usuarios->buscaUsuarioOu404('images')
 2 SYSTEMPATH\CodeIgniter.php(933): App\Controllers\Admin\Usuarios->editar('images', 'faces', 'face5.jpg')
 3 SYSTEMPATH\CodeIgniter.php(509): CodeIgniter\CodeIgniter->runController(Object(App\Controllers\Admin\Usuarios))
 4 SYSTEMPATH\CodeIgniter.php(355): CodeIgniter\CodeIgniter->handleRequest(null, Object(Config\Cache), false)
 5 SYSTEMPATH\Boot.php(325): CodeIgniter\CodeIgniter->run()
 6 SYSTEMPATH\Boot.php(67): CodeIgniter\Boot::runCodeIgniter(Object(CodeIgniter\CodeIgniter))
 7 FCPATH\index.php(56): CodeIgniter\Boot::bootWeb(Object(Config\Paths))
 8 SYSTEMPATH\rewrite.php(44): require_once('C:\\xampp\\htdocs\\food\\public\\index.php')
CRITICAL - 2024-09-14 17:58:40 --> TypeError: App\Controllers\Admin\Usuarios::buscaUsuarioOu404(): Argument #1 ($id) must be of type ?int, string given, called in C:\xampp\htdocs\food\app\Controllers\Admin\Usuarios.php on line 67
[Method: GET, Route: admin/usuarios/editar/images/logo.svg]
in APPPATH\Controllers\Admin\Usuarios.php on line 90.
 1 APPPATH\Controllers\Admin\Usuarios.php(67): App\Controllers\Admin\Usuarios->buscaUsuarioOu404('images')
 2 SYSTEMPATH\CodeIgniter.php(933): App\Controllers\Admin\Usuarios->editar('images', 'logo.svg')
 3 SYSTEMPATH\CodeIgniter.php(509): CodeIgniter\CodeIgniter->runController(Object(App\Controllers\Admin\Usuarios))
 4 SYSTEMPATH\CodeIgniter.php(355): CodeIgniter\CodeIgniter->handleRequest(null, Object(Config\Cache), false)
 5 SYSTEMPATH\Boot.php(325): CodeIgniter\CodeIgniter->run()
 6 SYSTEMPATH\Boot.php(67): CodeIgniter\Boot::runCodeIgniter(Object(CodeIgniter\CodeIgniter))
 7 FCPATH\index.php(56): CodeIgniter\Boot::bootWeb(Object(Config\Paths))
 8 SYSTEMPATH\rewrite.php(44): require_once('C:\\xampp\\htdocs\\food\\public\\index.php')
CRITICAL - 2024-09-14 17:58:41 --> TypeError: App\Controllers\Admin\Usuarios::buscaUsuarioOu404(): Argument #1 ($id) must be of type ?int, string given, called in C:\xampp\htdocs\food\app\Controllers\Admin\Usuarios.php on line 67
[Method: GET, Route: admin/usuarios/editar/images/logo-mini.svg]
in APPPATH\Controllers\Admin\Usuarios.php on line 90.
 1 APPPATH\Controllers\Admin\Usuarios.php(67): App\Controllers\Admin\Usuarios->buscaUsuarioOu404('images')
 2 SYSTEMPATH\CodeIgniter.php(933): App\Controllers\Admin\Usuarios->editar('images', 'logo-mini.svg')
 3 SYSTEMPATH\CodeIgniter.php(509): CodeIgniter\CodeIgniter->runController(Object(App\Controllers\Admin\Usuarios))
 4 SYSTEMPATH\CodeIgniter.php(355): CodeIgniter\CodeIgniter->handleRequest(null, Object(Config\Cache), false)
 5 SYSTEMPATH\Boot.php(325): CodeIgniter\CodeIgniter->run()
 6 SYSTEMPATH\Boot.php(67): CodeIgniter\Boot::runCodeIgniter(Object(CodeIgniter\CodeIgniter))
 7 FCPATH\index.php(56): CodeIgniter\Boot::bootWeb(Object(Config\Paths))
 8 SYSTEMPATH\rewrite.php(44): require_once('C:\\xampp\\htdocs\\food\\public\\index.php')
CRITICAL - 2024-09-14 17:58:41 --> TypeError: App\Controllers\Admin\Usuarios::buscaUsuarioOu404(): Argument #1 ($id) must be of type ?int, string given, called in C:\xampp\htdocs\food\app\Controllers\Admin\Usuarios.php on line 67
[Method: GET, Route: admin/usuarios/editar/images/faces/face4.jpg]
in APPPATH\Controllers\Admin\Usuarios.php on line 90.
 1 APPPATH\Controllers\Admin\Usuarios.php(67): App\Controllers\Admin\Usuarios->buscaUsuarioOu404('images')
 2 SYSTEMPATH\CodeIgniter.php(933): App\Controllers\Admin\Usuarios->editar('images', 'faces', 'face4.jpg')
 3 SYSTEMPATH\CodeIgniter.php(509): CodeIgniter\CodeIgniter->runController(Object(App\Controllers\Admin\Usuarios))
 4 SYSTEMPATH\CodeIgniter.php(355): CodeIgniter\CodeIgniter->handleRequest(null, Object(Config\Cache), false)
 5 SYSTEMPATH\Boot.php(325): CodeIgniter\CodeIgniter->run()
 6 SYSTEMPATH\Boot.php(67): CodeIgniter\Boot::runCodeIgniter(Object(CodeIgniter\CodeIgniter))
 7 FCPATH\index.php(56): CodeIgniter\Boot::bootWeb(Object(Config\Paths))
 8 SYSTEMPATH\rewrite.php(44): require_once('C:\\xampp\\htdocs\\food\\public\\index.php')
CRITICAL - 2024-09-14 17:58:41 --> TypeError: App\Controllers\Admin\Usuarios::buscaUsuarioOu404(): Argument #1 ($id) must be of type ?int, string given, called in C:\xampp\htdocs\food\app\Controllers\Admin\Usuarios.php on line 67
[Method: GET, Route: admin/usuarios/editar/images/faces/face2.jpg]
in APPPATH\Controllers\Admin\Usuarios.php on line 90.
 1 APPPATH\Controllers\Admin\Usuarios.php(67): App\Controllers\Admin\Usuarios->buscaUsuarioOu404('images')
 2 SYSTEMPATH\CodeIgniter.php(933): App\Controllers\Admin\Usuarios->editar('images', 'faces', 'face2.jpg')
 3 SYSTEMPATH\CodeIgniter.php(509): CodeIgniter\CodeIgniter->runController(Object(App\Controllers\Admin\Usuarios))
 4 SYSTEMPATH\CodeIgniter.php(355): CodeIgniter\CodeIgniter->handleRequest(null, Object(Config\Cache), false)
 5 SYSTEMPATH\Boot.php(325): CodeIgniter\CodeIgniter->run()
 6 SYSTEMPATH\Boot.php(67): CodeIgniter\Boot::runCodeIgniter(Object(CodeIgniter\CodeIgniter))
 7 FCPATH\index.php(56): CodeIgniter\Boot::bootWeb(Object(Config\Paths))
 8 SYSTEMPATH\rewrite.php(44): require_once('C:\\xampp\\htdocs\\food\\public\\index.php')
CRITICAL - 2024-09-14 17:58:41 --> TypeError: App\Controllers\Admin\Usuarios::buscaUsuarioOu404(): Argument #1 ($id) must be of type ?int, string given, called in C:\xampp\htdocs\food\app\Controllers\Admin\Usuarios.php on line 67
[Method: GET, Route: admin/usuarios/editar/images/faces/face3.jpg]
in APPPATH\Controllers\Admin\Usuarios.php on line 90.
 1 APPPATH\Controllers\Admin\Usuarios.php(67): App\Controllers\Admin\Usuarios->buscaUsuarioOu404('images')
 2 SYSTEMPATH\CodeIgniter.php(933): App\Controllers\Admin\Usuarios->editar('images', 'faces', 'face3.jpg')
 3 SYSTEMPATH\CodeIgniter.php(509): CodeIgniter\CodeIgniter->runController(Object(App\Controllers\Admin\Usuarios))
 4 SYSTEMPATH\CodeIgniter.php(355): CodeIgniter\CodeIgniter->handleRequest(null, Object(Config\Cache), false)
 5 SYSTEMPATH\Boot.php(325): CodeIgniter\CodeIgniter->run()
 6 SYSTEMPATH\Boot.php(67): CodeIgniter\Boot::runCodeIgniter(Object(CodeIgniter\CodeIgniter))
 7 FCPATH\index.php(56): CodeIgniter\Boot::bootWeb(Object(Config\Paths))
 8 SYSTEMPATH\rewrite.php(44): require_once('C:\\xampp\\htdocs\\food\\public\\index.php')
CRITICAL - 2024-09-14 17:58:42 --> TypeError: App\Controllers\Admin\Usuarios::buscaUsuarioOu404(): Argument #1 ($id) must be of type ?int, string given, called in C:\xampp\htdocs\food\app\Controllers\Admin\Usuarios.php on line 67
[Method: GET, Route: admin/usuarios/editar/images/faces/face5.jpg]
in APPPATH\Controllers\Admin\Usuarios.php on line 90.
 1 APPPATH\Controllers\Admin\Usuarios.php(67): App\Controllers\Admin\Usuarios->buscaUsuarioOu404('images')
 2 SYSTEMPATH\CodeIgniter.php(933): App\Controllers\Admin\Usuarios->editar('images', 'faces', 'face5.jpg')
 3 SYSTEMPATH\CodeIgniter.php(509): CodeIgniter\CodeIgniter->runController(Object(App\Controllers\Admin\Usuarios))
 4 SYSTEMPATH\CodeIgniter.php(355): CodeIgniter\CodeIgniter->handleRequest(null, Object(Config\Cache), false)
 5 SYSTEMPATH\Boot.php(325): CodeIgniter\CodeIgniter->run()
 6 SYSTEMPATH\Boot.php(67): CodeIgniter\Boot::runCodeIgniter(Object(CodeIgniter\CodeIgniter))
 7 FCPATH\index.php(56): CodeIgniter\Boot::bootWeb(Object(Config\Paths))
 8 SYSTEMPATH\rewrite.php(44): require_once('C:\\xampp\\htdocs\\food\\public\\index.php')
CRITICAL - 2024-09-14 18:14:01 --> TypeError: App\Controllers\Admin\Usuarios::buscaUsuarioOu404(): Argument #1 ($id) must be of type ?int, string given, called in C:\xampp\htdocs\food\app\Controllers\Admin\Usuarios.php on line 67
[Method: GET, Route: admin/usuarios/editar/images/logo.svg]
in APPPATH\Controllers\Admin\Usuarios.php on line 90.
 1 APPPATH\Controllers\Admin\Usuarios.php(67): App\Controllers\Admin\Usuarios->buscaUsuarioOu404('images')
 2 SYSTEMPATH\CodeIgniter.php(933): App\Controllers\Admin\Usuarios->editar('images', 'logo.svg')
 3 SYSTEMPATH\CodeIgniter.php(509): CodeIgniter\CodeIgniter->runController(Object(App\Controllers\Admin\Usuarios))
 4 SYSTEMPATH\CodeIgniter.php(355): CodeIgniter\CodeIgniter->handleRequest(null, Object(Config\Cache), false)
 5 SYSTEMPATH\Boot.php(325): CodeIgniter\CodeIgniter->run()
 6 SYSTEMPATH\Boot.php(67): CodeIgniter\Boot::runCodeIgniter(Object(CodeIgniter\CodeIgniter))
 7 FCPATH\index.php(56): CodeIgniter\Boot::bootWeb(Object(Config\Paths))
 8 SYSTEMPATH\rewrite.php(44): require_once('C:\\xampp\\htdocs\\food\\public\\index.php')
CRITICAL - 2024-09-14 18:14:01 --> TypeError: App\Controllers\Admin\Usuarios::buscaUsuarioOu404(): Argument #1 ($id) must be of type ?int, string given, called in C:\xampp\htdocs\food\app\Controllers\Admin\Usuarios.php on line 67
[Method: GET, Route: admin/usuarios/editar/images/logo-mini.svg]
in APPPATH\Controllers\Admin\Usuarios.php on line 90.
 1 APPPATH\Controllers\Admin\Usuarios.php(67): App\Controllers\Admin\Usuarios->buscaUsuarioOu404('images')
 2 SYSTEMPATH\CodeIgniter.php(933): App\Controllers\Admin\Usuarios->editar('images', 'logo-mini.svg')
 3 SYSTEMPATH\CodeIgniter.php(509): CodeIgniter\CodeIgniter->runController(Object(App\Controllers\Admin\Usuarios))
 4 SYSTEMPATH\CodeIgniter.php(355): CodeIgniter\CodeIgniter->handleRequest(null, Object(Config\Cache), false)
 5 SYSTEMPATH\Boot.php(325): CodeIgniter\CodeIgniter->run()
 6 SYSTEMPATH\Boot.php(67): CodeIgniter\Boot::runCodeIgniter(Object(CodeIgniter\CodeIgniter))
 7 FCPATH\index.php(56): CodeIgniter\Boot::bootWeb(Object(Config\Paths))
 8 SYSTEMPATH\rewrite.php(44): require_once('C:\\xampp\\htdocs\\food\\public\\index.php')
CRITICAL - 2024-09-14 18:14:01 --> TypeError: App\Controllers\Admin\Usuarios::buscaUsuarioOu404(): Argument #1 ($id) must be of type ?int, string given, called in C:\xampp\htdocs\food\app\Controllers\Admin\Usuarios.php on line 67
[Method: GET, Route: admin/usuarios/editar/images/faces/face4.jpg]
in APPPATH\Controllers\Admin\Usuarios.php on line 90.
 1 APPPATH\Controllers\Admin\Usuarios.php(67): App\Controllers\Admin\Usuarios->buscaUsuarioOu404('images')
 2 SYSTEMPATH\CodeIgniter.php(933): App\Controllers\Admin\Usuarios->editar('images', 'faces', 'face4.jpg')
 3 SYSTEMPATH\CodeIgniter.php(509): CodeIgniter\CodeIgniter->runController(Object(App\Controllers\Admin\Usuarios))
 4 SYSTEMPATH\CodeIgniter.php(355): CodeIgniter\CodeIgniter->handleRequest(null, Object(Config\Cache), false)
 5 SYSTEMPATH\Boot.php(325): CodeIgniter\CodeIgniter->run()
 6 SYSTEMPATH\Boot.php(67): CodeIgniter\Boot::runCodeIgniter(Object(CodeIgniter\CodeIgniter))
 7 FCPATH\index.php(56): CodeIgniter\Boot::bootWeb(Object(Config\Paths))
 8 SYSTEMPATH\rewrite.php(44): require_once('C:\\xampp\\htdocs\\food\\public\\index.php')
CRITICAL - 2024-09-14 18:14:01 --> TypeError: App\Controllers\Admin\Usuarios::buscaUsuarioOu404(): Argument #1 ($id) must be of type ?int, string given, called in C:\xampp\htdocs\food\app\Controllers\Admin\Usuarios.php on line 67
[Method: GET, Route: admin/usuarios/editar/images/faces/face2.jpg]
in APPPATH\Controllers\Admin\Usuarios.php on line 90.
 1 APPPATH\Controllers\Admin\Usuarios.php(67): App\Controllers\Admin\Usuarios->buscaUsuarioOu404('images')
 2 SYSTEMPATH\CodeIgniter.php(933): App\Controllers\Admin\Usuarios->editar('images', 'faces', 'face2.jpg')
 3 SYSTEMPATH\CodeIgniter.php(509): CodeIgniter\CodeIgniter->runController(Object(App\Controllers\Admin\Usuarios))
 4 SYSTEMPATH\CodeIgniter.php(355): CodeIgniter\CodeIgniter->handleRequest(null, Object(Config\Cache), false)
 5 SYSTEMPATH\Boot.php(325): CodeIgniter\CodeIgniter->run()
 6 SYSTEMPATH\Boot.php(67): CodeIgniter\Boot::runCodeIgniter(Object(CodeIgniter\CodeIgniter))
 7 FCPATH\index.php(56): CodeIgniter\Boot::bootWeb(Object(Config\Paths))
 8 SYSTEMPATH\rewrite.php(44): require_once('C:\\xampp\\htdocs\\food\\public\\index.php')
CRITICAL - 2024-09-14 18:14:01 --> TypeError: App\Controllers\Admin\Usuarios::buscaUsuarioOu404(): Argument #1 ($id) must be of type ?int, string given, called in C:\xampp\htdocs\food\app\Controllers\Admin\Usuarios.php on line 67
[Method: GET, Route: admin/usuarios/editar/images/faces/face3.jpg]
in APPPATH\Controllers\Admin\Usuarios.php on line 90.
 1 APPPATH\Controllers\Admin\Usuarios.php(67): App\Controllers\Admin\Usuarios->buscaUsuarioOu404('images')
 2 SYSTEMPATH\CodeIgniter.php(933): App\Controllers\Admin\Usuarios->editar('images', 'faces', 'face3.jpg')
 3 SYSTEMPATH\CodeIgniter.php(509): CodeIgniter\CodeIgniter->runController(Object(App\Controllers\Admin\Usuarios))
 4 SYSTEMPATH\CodeIgniter.php(355): CodeIgniter\CodeIgniter->handleRequest(null, Object(Config\Cache), false)
 5 SYSTEMPATH\Boot.php(325): CodeIgniter\CodeIgniter->run()
 6 SYSTEMPATH\Boot.php(67): CodeIgniter\Boot::runCodeIgniter(Object(CodeIgniter\CodeIgniter))
 7 FCPATH\index.php(56): CodeIgniter\Boot::bootWeb(Object(Config\Paths))
 8 SYSTEMPATH\rewrite.php(44): require_once('C:\\xampp\\htdocs\\food\\public\\index.php')
CRITICAL - 2024-09-14 18:14:01 --> TypeError: App\Controllers\Admin\Usuarios::buscaUsuarioOu404(): Argument #1 ($id) must be of type ?int, string given, called in C:\xampp\htdocs\food\app\Controllers\Admin\Usuarios.php on line 67
[Method: GET, Route: admin/usuarios/editar/images/faces/face5.jpg]
in APPPATH\Controllers\Admin\Usuarios.php on line 90.
 1 APPPATH\Controllers\Admin\Usuarios.php(67): App\Controllers\Admin\Usuarios->buscaUsuarioOu404('images')
 2 SYSTEMPATH\CodeIgniter.php(933): App\Controllers\Admin\Usuarios->editar('images', 'faces', 'face5.jpg')
 3 SYSTEMPATH\CodeIgniter.php(509): CodeIgniter\CodeIgniter->runController(Object(App\Controllers\Admin\Usuarios))
 4 SYSTEMPATH\CodeIgniter.php(355): CodeIgniter\CodeIgniter->handleRequest(null, Object(Config\Cache), false)
 5 SYSTEMPATH\Boot.php(325): CodeIgniter\CodeIgniter->run()
 6 SYSTEMPATH\Boot.php(67): CodeIgniter\Boot::runCodeIgniter(Object(CodeIgniter\CodeIgniter))
 7 FCPATH\index.php(56): CodeIgniter\Boot::bootWeb(Object(Config\Paths))
 8 SYSTEMPATH\rewrite.php(44): require_once('C:\\xampp\\htdocs\\food\\public\\index.php')
CRITICAL - 2024-09-14 18:15:34 --> TypeError: App\Controllers\Admin\Usuarios::buscaUsuarioOu404(): Argument #1 ($id) must be of type ?int, string given, called in C:\xampp\htdocs\food\app\Controllers\Admin\Usuarios.php on line 67
[Method: GET, Route: admin/usuarios/editar/images/logo.svg]
in APPPATH\Controllers\Admin\Usuarios.php on line 90.
 1 APPPATH\Controllers\Admin\Usuarios.php(67): App\Controllers\Admin\Usuarios->buscaUsuarioOu404('images')
 2 SYSTEMPATH\CodeIgniter.php(933): App\Controllers\Admin\Usuarios->editar('images', 'logo.svg')
 3 SYSTEMPATH\CodeIgniter.php(509): CodeIgniter\CodeIgniter->runController(Object(App\Controllers\Admin\Usuarios))
 4 SYSTEMPATH\CodeIgniter.php(355): CodeIgniter\CodeIgniter->handleRequest(null, Object(Config\Cache), false)
 5 SYSTEMPATH\Boot.php(325): CodeIgniter\CodeIgniter->run()
 6 SYSTEMPATH\Boot.php(67): CodeIgniter\Boot::runCodeIgniter(Object(CodeIgniter\CodeIgniter))
 7 FCPATH\index.php(56): CodeIgniter\Boot::bootWeb(Object(Config\Paths))
 8 SYSTEMPATH\rewrite.php(44): require_once('C:\\xampp\\htdocs\\food\\public\\index.php')
CRITICAL - 2024-09-14 18:15:34 --> TypeError: App\Controllers\Admin\Usuarios::buscaUsuarioOu404(): Argument #1 ($id) must be of type ?int, string given, called in C:\xampp\htdocs\food\app\Controllers\Admin\Usuarios.php on line 67
[Method: GET, Route: admin/usuarios/editar/images/logo-mini.svg]
in APPPATH\Controllers\Admin\Usuarios.php on line 90.
 1 APPPATH\Controllers\Admin\Usuarios.php(67): App\Controllers\Admin\Usuarios->buscaUsuarioOu404('images')
 2 SYSTEMPATH\CodeIgniter.php(933): App\Controllers\Admin\Usuarios->editar('images', 'logo-mini.svg')
 3 SYSTEMPATH\CodeIgniter.php(509): CodeIgniter\CodeIgniter->runController(Object(App\Controllers\Admin\Usuarios))
 4 SYSTEMPATH\CodeIgniter.php(355): CodeIgniter\CodeIgniter->handleRequest(null, Object(Config\Cache), false)
 5 SYSTEMPATH\Boot.php(325): CodeIgniter\CodeIgniter->run()
 6 SYSTEMPATH\Boot.php(67): CodeIgniter\Boot::runCodeIgniter(Object(CodeIgniter\CodeIgniter))
 7 FCPATH\index.php(56): CodeIgniter\Boot::bootWeb(Object(Config\Paths))
 8 SYSTEMPATH\rewrite.php(44): require_once('C:\\xampp\\htdocs\\food\\public\\index.php')
CRITICAL - 2024-09-14 18:15:34 --> TypeError: App\Controllers\Admin\Usuarios::buscaUsuarioOu404(): Argument #1 ($id) must be of type ?int, string given, called in C:\xampp\htdocs\food\app\Controllers\Admin\Usuarios.php on line 67
[Method: GET, Route: admin/usuarios/editar/images/faces/face4.jpg]
in APPPATH\Controllers\Admin\Usuarios.php on line 90.
 1 APPPATH\Controllers\Admin\Usuarios.php(67): App\Controllers\Admin\Usuarios->buscaUsuarioOu404('images')
 2 SYSTEMPATH\CodeIgniter.php(933): App\Controllers\Admin\Usuarios->editar('images', 'faces', 'face4.jpg')
 3 SYSTEMPATH\CodeIgniter.php(509): CodeIgniter\CodeIgniter->runController(Object(App\Controllers\Admin\Usuarios))
 4 SYSTEMPATH\CodeIgniter.php(355): CodeIgniter\CodeIgniter->handleRequest(null, Object(Config\Cache), false)
 5 SYSTEMPATH\Boot.php(325): CodeIgniter\CodeIgniter->run()
 6 SYSTEMPATH\Boot.php(67): CodeIgniter\Boot::runCodeIgniter(Object(CodeIgniter\CodeIgniter))
 7 FCPATH\index.php(56): CodeIgniter\Boot::bootWeb(Object(Config\Paths))
 8 SYSTEMPATH\rewrite.php(44): require_once('C:\\xampp\\htdocs\\food\\public\\index.php')
CRITICAL - 2024-09-14 18:15:34 --> TypeError: App\Controllers\Admin\Usuarios::buscaUsuarioOu404(): Argument #1 ($id) must be of type ?int, string given, called in C:\xampp\htdocs\food\app\Controllers\Admin\Usuarios.php on line 67
[Method: GET, Route: admin/usuarios/editar/images/faces/face2.jpg]
in APPPATH\Controllers\Admin\Usuarios.php on line 90.
 1 APPPATH\Controllers\Admin\Usuarios.php(67): App\Controllers\Admin\Usuarios->buscaUsuarioOu404('images')
 2 SYSTEMPATH\CodeIgniter.php(933): App\Controllers\Admin\Usuarios->editar('images', 'faces', 'face2.jpg')
 3 SYSTEMPATH\CodeIgniter.php(509): CodeIgniter\CodeIgniter->runController(Object(App\Controllers\Admin\Usuarios))
 4 SYSTEMPATH\CodeIgniter.php(355): CodeIgniter\CodeIgniter->handleRequest(null, Object(Config\Cache), false)
 5 SYSTEMPATH\Boot.php(325): CodeIgniter\CodeIgniter->run()
 6 SYSTEMPATH\Boot.php(67): CodeIgniter\Boot::runCodeIgniter(Object(CodeIgniter\CodeIgniter))
 7 FCPATH\index.php(56): CodeIgniter\Boot::bootWeb(Object(Config\Paths))
 8 SYSTEMPATH\rewrite.php(44): require_once('C:\\xampp\\htdocs\\food\\public\\index.php')
CRITICAL - 2024-09-14 18:15:34 --> TypeError: App\Controllers\Admin\Usuarios::buscaUsuarioOu404(): Argument #1 ($id) must be of type ?int, string given, called in C:\xampp\htdocs\food\app\Controllers\Admin\Usuarios.php on line 67
[Method: GET, Route: admin/usuarios/editar/images/faces/face3.jpg]
in APPPATH\Controllers\Admin\Usuarios.php on line 90.
 1 APPPATH\Controllers\Admin\Usuarios.php(67): App\Controllers\Admin\Usuarios->buscaUsuarioOu404('images')
 2 SYSTEMPATH\CodeIgniter.php(933): App\Controllers\Admin\Usuarios->editar('images', 'faces', 'face3.jpg')
 3 SYSTEMPATH\CodeIgniter.php(509): CodeIgniter\CodeIgniter->runController(Object(App\Controllers\Admin\Usuarios))
 4 SYSTEMPATH\CodeIgniter.php(355): CodeIgniter\CodeIgniter->handleRequest(null, Object(Config\Cache), false)
 5 SYSTEMPATH\Boot.php(325): CodeIgniter\CodeIgniter->run()
 6 SYSTEMPATH\Boot.php(67): CodeIgniter\Boot::runCodeIgniter(Object(CodeIgniter\CodeIgniter))
 7 FCPATH\index.php(56): CodeIgniter\Boot::bootWeb(Object(Config\Paths))
 8 SYSTEMPATH\rewrite.php(44): require_once('C:\\xampp\\htdocs\\food\\public\\index.php')
CRITICAL - 2024-09-14 18:15:34 --> TypeError: App\Controllers\Admin\Usuarios::buscaUsuarioOu404(): Argument #1 ($id) must be of type ?int, string given, called in C:\xampp\htdocs\food\app\Controllers\Admin\Usuarios.php on line 67
[Method: GET, Route: admin/usuarios/editar/images/faces/face5.jpg]
in APPPATH\Controllers\Admin\Usuarios.php on line 90.
 1 APPPATH\Controllers\Admin\Usuarios.php(67): App\Controllers\Admin\Usuarios->buscaUsuarioOu404('images')
 2 SYSTEMPATH\CodeIgniter.php(933): App\Controllers\Admin\Usuarios->editar('images', 'faces', 'face5.jpg')
 3 SYSTEMPATH\CodeIgniter.php(509): CodeIgniter\CodeIgniter->runController(Object(App\Controllers\Admin\Usuarios))
 4 SYSTEMPATH\CodeIgniter.php(355): CodeIgniter\CodeIgniter->handleRequest(null, Object(Config\Cache), false)
 5 SYSTEMPATH\Boot.php(325): CodeIgniter\CodeIgniter->run()
 6 SYSTEMPATH\Boot.php(67): CodeIgniter\Boot::runCodeIgniter(Object(CodeIgniter\CodeIgniter))
 7 FCPATH\index.php(56): CodeIgniter\Boot::bootWeb(Object(Config\Paths))
 8 SYSTEMPATH\rewrite.php(44): require_once('C:\\xampp\\htdocs\\food\\public\\index.php')
CRITICAL - 2024-09-14 18:21:46 --> TypeError: App\Controllers\Admin\Usuarios::buscaUsuarioOu404(): Argument #1 ($id) must be of type ?int, string given, called in C:\xampp\htdocs\food\app\Controllers\Admin\Usuarios.php on line 67
[Method: GET, Route: admin/usuarios/editar/images/logo.svg]
in APPPATH\Controllers\Admin\Usuarios.php on line 90.
 1 APPPATH\Controllers\Admin\Usuarios.php(67): App\Controllers\Admin\Usuarios->buscaUsuarioOu404('images')
 2 SYSTEMPATH\CodeIgniter.php(933): App\Controllers\Admin\Usuarios->editar('images', 'logo.svg')
 3 SYSTEMPATH\CodeIgniter.php(509): CodeIgniter\CodeIgniter->runController(Object(App\Controllers\Admin\Usuarios))
 4 SYSTEMPATH\CodeIgniter.php(355): CodeIgniter\CodeIgniter->handleRequest(null, Object(Config\Cache), false)
 5 SYSTEMPATH\Boot.php(325): CodeIgniter\CodeIgniter->run()
 6 SYSTEMPATH\Boot.php(67): CodeIgniter\Boot::runCodeIgniter(Object(CodeIgniter\CodeIgniter))
 7 FCPATH\index.php(56): CodeIgniter\Boot::bootWeb(Object(Config\Paths))
 8 SYSTEMPATH\rewrite.php(44): require_once('C:\\xampp\\htdocs\\food\\public\\index.php')
CRITICAL - 2024-09-14 18:21:46 --> TypeError: App\Controllers\Admin\Usuarios::buscaUsuarioOu404(): Argument #1 ($id) must be of type ?int, string given, called in C:\xampp\htdocs\food\app\Controllers\Admin\Usuarios.php on line 67
[Method: GET, Route: admin/usuarios/editar/images/logo-mini.svg]
in APPPATH\Controllers\Admin\Usuarios.php on line 90.
 1 APPPATH\Controllers\Admin\Usuarios.php(67): App\Controllers\Admin\Usuarios->buscaUsuarioOu404('images')
 2 SYSTEMPATH\CodeIgniter.php(933): App\Controllers\Admin\Usuarios->editar('images', 'logo-mini.svg')
 3 SYSTEMPATH\CodeIgniter.php(509): CodeIgniter\CodeIgniter->runController(Object(App\Controllers\Admin\Usuarios))
 4 SYSTEMPATH\CodeIgniter.php(355): CodeIgniter\CodeIgniter->handleRequest(null, Object(Config\Cache), false)
 5 SYSTEMPATH\Boot.php(325): CodeIgniter\CodeIgniter->run()
 6 SYSTEMPATH\Boot.php(67): CodeIgniter\Boot::runCodeIgniter(Object(CodeIgniter\CodeIgniter))
 7 FCPATH\index.php(56): CodeIgniter\Boot::bootWeb(Object(Config\Paths))
 8 SYSTEMPATH\rewrite.php(44): require_once('C:\\xampp\\htdocs\\food\\public\\index.php')
CRITICAL - 2024-09-14 18:21:46 --> TypeError: App\Controllers\Admin\Usuarios::buscaUsuarioOu404(): Argument #1 ($id) must be of type ?int, string given, called in C:\xampp\htdocs\food\app\Controllers\Admin\Usuarios.php on line 67
[Method: GET, Route: admin/usuarios/editar/images/faces/face4.jpg]
in APPPATH\Controllers\Admin\Usuarios.php on line 90.
 1 APPPATH\Controllers\Admin\Usuarios.php(67): App\Controllers\Admin\Usuarios->buscaUsuarioOu404('images')
 2 SYSTEMPATH\CodeIgniter.php(933): App\Controllers\Admin\Usuarios->editar('images', 'faces', 'face4.jpg')
 3 SYSTEMPATH\CodeIgniter.php(509): CodeIgniter\CodeIgniter->runController(Object(App\Controllers\Admin\Usuarios))
 4 SYSTEMPATH\CodeIgniter.php(355): CodeIgniter\CodeIgniter->handleRequest(null, Object(Config\Cache), false)
 5 SYSTEMPATH\Boot.php(325): CodeIgniter\CodeIgniter->run()
 6 SYSTEMPATH\Boot.php(67): CodeIgniter\Boot::runCodeIgniter(Object(CodeIgniter\CodeIgniter))
 7 FCPATH\index.php(56): CodeIgniter\Boot::bootWeb(Object(Config\Paths))
 8 SYSTEMPATH\rewrite.php(44): require_once('C:\\xampp\\htdocs\\food\\public\\index.php')
CRITICAL - 2024-09-14 18:21:46 --> TypeError: App\Controllers\Admin\Usuarios::buscaUsuarioOu404(): Argument #1 ($id) must be of type ?int, string given, called in C:\xampp\htdocs\food\app\Controllers\Admin\Usuarios.php on line 67
[Method: GET, Route: admin/usuarios/editar/images/faces/face2.jpg]
in APPPATH\Controllers\Admin\Usuarios.php on line 90.
 1 APPPATH\Controllers\Admin\Usuarios.php(67): App\Controllers\Admin\Usuarios->buscaUsuarioOu404('images')
 2 SYSTEMPATH\CodeIgniter.php(933): App\Controllers\Admin\Usuarios->editar('images', 'faces', 'face2.jpg')
 3 SYSTEMPATH\CodeIgniter.php(509): CodeIgniter\CodeIgniter->runController(Object(App\Controllers\Admin\Usuarios))
 4 SYSTEMPATH\CodeIgniter.php(355): CodeIgniter\CodeIgniter->handleRequest(null, Object(Config\Cache), false)
 5 SYSTEMPATH\Boot.php(325): CodeIgniter\CodeIgniter->run()
 6 SYSTEMPATH\Boot.php(67): CodeIgniter\Boot::runCodeIgniter(Object(CodeIgniter\CodeIgniter))
 7 FCPATH\index.php(56): CodeIgniter\Boot::bootWeb(Object(Config\Paths))
 8 SYSTEMPATH\rewrite.php(44): require_once('C:\\xampp\\htdocs\\food\\public\\index.php')
CRITICAL - 2024-09-14 18:21:46 --> TypeError: App\Controllers\Admin\Usuarios::buscaUsuarioOu404(): Argument #1 ($id) must be of type ?int, string given, called in C:\xampp\htdocs\food\app\Controllers\Admin\Usuarios.php on line 67
[Method: GET, Route: admin/usuarios/editar/images/faces/face3.jpg]
in APPPATH\Controllers\Admin\Usuarios.php on line 90.
 1 APPPATH\Controllers\Admin\Usuarios.php(67): App\Controllers\Admin\Usuarios->buscaUsuarioOu404('images')
 2 SYSTEMPATH\CodeIgniter.php(933): App\Controllers\Admin\Usuarios->editar('images', 'faces', 'face3.jpg')
 3 SYSTEMPATH\CodeIgniter.php(509): CodeIgniter\CodeIgniter->runController(Object(App\Controllers\Admin\Usuarios))
 4 SYSTEMPATH\CodeIgniter.php(355): CodeIgniter\CodeIgniter->handleRequest(null, Object(Config\Cache), false)
 5 SYSTEMPATH\Boot.php(325): CodeIgniter\CodeIgniter->run()
 6 SYSTEMPATH\Boot.php(67): CodeIgniter\Boot::runCodeIgniter(Object(CodeIgniter\CodeIgniter))
 7 FCPATH\index.php(56): CodeIgniter\Boot::bootWeb(Object(Config\Paths))
 8 SYSTEMPATH\rewrite.php(44): require_once('C:\\xampp\\htdocs\\food\\public\\index.php')
CRITICAL - 2024-09-14 18:21:46 --> TypeError: App\Controllers\Admin\Usuarios::buscaUsuarioOu404(): Argument #1 ($id) must be of type ?int, string given, called in C:\xampp\htdocs\food\app\Controllers\Admin\Usuarios.php on line 67
[Method: GET, Route: admin/usuarios/editar/images/faces/face5.jpg]
in APPPATH\Controllers\Admin\Usuarios.php on line 90.
 1 APPPATH\Controllers\Admin\Usuarios.php(67): App\Controllers\Admin\Usuarios->buscaUsuarioOu404('images')
 2 SYSTEMPATH\CodeIgniter.php(933): App\Controllers\Admin\Usuarios->editar('images', 'faces', 'face5.jpg')
 3 SYSTEMPATH\CodeIgniter.php(509): CodeIgniter\CodeIgniter->runController(Object(App\Controllers\Admin\Usuarios))
 4 SYSTEMPATH\CodeIgniter.php(355): CodeIgniter\CodeIgniter->handleRequest(null, Object(Config\Cache), false)
 5 SYSTEMPATH\Boot.php(325): CodeIgniter\CodeIgniter->run()
 6 SYSTEMPATH\Boot.php(67): CodeIgniter\Boot::runCodeIgniter(Object(CodeIgniter\CodeIgniter))
 7 FCPATH\index.php(56): CodeIgniter\Boot::bootWeb(Object(Config\Paths))
 8 SYSTEMPATH\rewrite.php(44): require_once('C:\\xampp\\htdocs\\food\\public\\index.php')
CRITICAL - 2024-09-14 18:28:04 --> TypeError: App\Controllers\Admin\Usuarios::buscaUsuarioOu404(): Argument #1 ($id) must be of type ?int, string given, called in C:\xampp\htdocs\food\app\Controllers\Admin\Usuarios.php on line 67
[Method: GET, Route: admin/usuarios/editar/images/logo.svg]
in APPPATH\Controllers\Admin\Usuarios.php on line 90.
 1 APPPATH\Controllers\Admin\Usuarios.php(67): App\Controllers\Admin\Usuarios->buscaUsuarioOu404('images')
 2 SYSTEMPATH\CodeIgniter.php(933): App\Controllers\Admin\Usuarios->editar('images', 'logo.svg')
 3 SYSTEMPATH\CodeIgniter.php(509): CodeIgniter\CodeIgniter->runController(Object(App\Controllers\Admin\Usuarios))
 4 SYSTEMPATH\CodeIgniter.php(355): CodeIgniter\CodeIgniter->handleRequest(null, Object(Config\Cache), false)
 5 SYSTEMPATH\Boot.php(325): CodeIgniter\CodeIgniter->run()
 6 SYSTEMPATH\Boot.php(67): CodeIgniter\Boot::runCodeIgniter(Object(CodeIgniter\CodeIgniter))
 7 FCPATH\index.php(56): CodeIgniter\Boot::bootWeb(Object(Config\Paths))
 8 SYSTEMPATH\rewrite.php(44): require_once('C:\\xampp\\htdocs\\food\\public\\index.php')
CRITICAL - 2024-09-14 18:28:04 --> TypeError: App\Controllers\Admin\Usuarios::buscaUsuarioOu404(): Argument #1 ($id) must be of type ?int, string given, called in C:\xampp\htdocs\food\app\Controllers\Admin\Usuarios.php on line 67
[Method: GET, Route: admin/usuarios/editar/images/logo-mini.svg]
in APPPATH\Controllers\Admin\Usuarios.php on line 90.
 1 APPPATH\Controllers\Admin\Usuarios.php(67): App\Controllers\Admin\Usuarios->buscaUsuarioOu404('images')
 2 SYSTEMPATH\CodeIgniter.php(933): App\Controllers\Admin\Usuarios->editar('images', 'logo-mini.svg')
 3 SYSTEMPATH\CodeIgniter.php(509): CodeIgniter\CodeIgniter->runController(Object(App\Controllers\Admin\Usuarios))
 4 SYSTEMPATH\CodeIgniter.php(355): CodeIgniter\CodeIgniter->handleRequest(null, Object(Config\Cache), false)
 5 SYSTEMPATH\Boot.php(325): CodeIgniter\CodeIgniter->run()
 6 SYSTEMPATH\Boot.php(67): CodeIgniter\Boot::runCodeIgniter(Object(CodeIgniter\CodeIgniter))
 7 FCPATH\index.php(56): CodeIgniter\Boot::bootWeb(Object(Config\Paths))
 8 SYSTEMPATH\rewrite.php(44): require_once('C:\\xampp\\htdocs\\food\\public\\index.php')
CRITICAL - 2024-09-14 18:28:04 --> TypeError: App\Controllers\Admin\Usuarios::buscaUsuarioOu404(): Argument #1 ($id) must be of type ?int, string given, called in C:\xampp\htdocs\food\app\Controllers\Admin\Usuarios.php on line 67
[Method: GET, Route: admin/usuarios/editar/images/faces/face4.jpg]
in APPPATH\Controllers\Admin\Usuarios.php on line 90.
 1 APPPATH\Controllers\Admin\Usuarios.php(67): App\Controllers\Admin\Usuarios->buscaUsuarioOu404('images')
 2 SYSTEMPATH\CodeIgniter.php(933): App\Controllers\Admin\Usuarios->editar('images', 'faces', 'face4.jpg')
 3 SYSTEMPATH\CodeIgniter.php(509): CodeIgniter\CodeIgniter->runController(Object(App\Controllers\Admin\Usuarios))
 4 SYSTEMPATH\CodeIgniter.php(355): CodeIgniter\CodeIgniter->handleRequest(null, Object(Config\Cache), false)
 5 SYSTEMPATH\Boot.php(325): CodeIgniter\CodeIgniter->run()
 6 SYSTEMPATH\Boot.php(67): CodeIgniter\Boot::runCodeIgniter(Object(CodeIgniter\CodeIgniter))
 7 FCPATH\index.php(56): CodeIgniter\Boot::bootWeb(Object(Config\Paths))
 8 SYSTEMPATH\rewrite.php(44): require_once('C:\\xampp\\htdocs\\food\\public\\index.php')
CRITICAL - 2024-09-14 18:28:04 --> TypeError: App\Controllers\Admin\Usuarios::buscaUsuarioOu404(): Argument #1 ($id) must be of type ?int, string given, called in C:\xampp\htdocs\food\app\Controllers\Admin\Usuarios.php on line 67
[Method: GET, Route: admin/usuarios/editar/images/faces/face2.jpg]
in APPPATH\Controllers\Admin\Usuarios.php on line 90.
 1 APPPATH\Controllers\Admin\Usuarios.php(67): App\Controllers\Admin\Usuarios->buscaUsuarioOu404('images')
 2 SYSTEMPATH\CodeIgniter.php(933): App\Controllers\Admin\Usuarios->editar('images', 'faces', 'face2.jpg')
 3 SYSTEMPATH\CodeIgniter.php(509): CodeIgniter\CodeIgniter->runController(Object(App\Controllers\Admin\Usuarios))
 4 SYSTEMPATH\CodeIgniter.php(355): CodeIgniter\CodeIgniter->handleRequest(null, Object(Config\Cache), false)
 5 SYSTEMPATH\Boot.php(325): CodeIgniter\CodeIgniter->run()
 6 SYSTEMPATH\Boot.php(67): CodeIgniter\Boot::runCodeIgniter(Object(CodeIgniter\CodeIgniter))
 7 FCPATH\index.php(56): CodeIgniter\Boot::bootWeb(Object(Config\Paths))
 8 SYSTEMPATH\rewrite.php(44): require_once('C:\\xampp\\htdocs\\food\\public\\index.php')
CRITICAL - 2024-09-14 18:28:04 --> TypeError: App\Controllers\Admin\Usuarios::buscaUsuarioOu404(): Argument #1 ($id) must be of type ?int, string given, called in C:\xampp\htdocs\food\app\Controllers\Admin\Usuarios.php on line 67
[Method: GET, Route: admin/usuarios/editar/images/faces/face3.jpg]
in APPPATH\Controllers\Admin\Usuarios.php on line 90.
 1 APPPATH\Controllers\Admin\Usuarios.php(67): App\Controllers\Admin\Usuarios->buscaUsuarioOu404('images')
 2 SYSTEMPATH\CodeIgniter.php(933): App\Controllers\Admin\Usuarios->editar('images', 'faces', 'face3.jpg')
 3 SYSTEMPATH\CodeIgniter.php(509): CodeIgniter\CodeIgniter->runController(Object(App\Controllers\Admin\Usuarios))
 4 SYSTEMPATH\CodeIgniter.php(355): CodeIgniter\CodeIgniter->handleRequest(null, Object(Config\Cache), false)
 5 SYSTEMPATH\Boot.php(325): CodeIgniter\CodeIgniter->run()
 6 SYSTEMPATH\Boot.php(67): CodeIgniter\Boot::runCodeIgniter(Object(CodeIgniter\CodeIgniter))
 7 FCPATH\index.php(56): CodeIgniter\Boot::bootWeb(Object(Config\Paths))
 8 SYSTEMPATH\rewrite.php(44): require_once('C:\\xampp\\htdocs\\food\\public\\index.php')
CRITICAL - 2024-09-14 18:28:04 --> TypeError: App\Controllers\Admin\Usuarios::buscaUsuarioOu404(): Argument #1 ($id) must be of type ?int, string given, called in C:\xampp\htdocs\food\app\Controllers\Admin\Usuarios.php on line 67
[Method: GET, Route: admin/usuarios/editar/images/faces/face5.jpg]
in APPPATH\Controllers\Admin\Usuarios.php on line 90.
 1 APPPATH\Controllers\Admin\Usuarios.php(67): App\Controllers\Admin\Usuarios->buscaUsuarioOu404('images')
 2 SYSTEMPATH\CodeIgniter.php(933): App\Controllers\Admin\Usuarios->editar('images', 'faces', 'face5.jpg')
 3 SYSTEMPATH\CodeIgniter.php(509): CodeIgniter\CodeIgniter->runController(Object(App\Controllers\Admin\Usuarios))
 4 SYSTEMPATH\CodeIgniter.php(355): CodeIgniter\CodeIgniter->handleRequest(null, Object(Config\Cache), false)
 5 SYSTEMPATH\Boot.php(325): CodeIgniter\CodeIgniter->run()
 6 SYSTEMPATH\Boot.php(67): CodeIgniter\Boot::runCodeIgniter(Object(CodeIgniter\CodeIgniter))
 7 FCPATH\index.php(56): CodeIgniter\Boot::bootWeb(Object(Config\Paths))
 8 SYSTEMPATH\rewrite.php(44): require_once('C:\\xampp\\htdocs\\food\\public\\index.php')
