CRITICAL - 2024-09-11 17:32:38 --> Error: Object of class stdClass could not be converted to string
[Method: GET, Route: admin/usuarios]
in APPPATH\Views\Admin\Usuarios\index.php on line 50.
 1 SYSTEMPATH\View\View.php(234): include()
 2 SYSTEMPATH\View\View.php(237): CodeIgniter\View\View->CodeIgniter\View\{closure}()
 3 SYSTEMPATH\Common.php(1169): CodeIgniter\View\View->render('Admin/Usuarios/index', [], true)
 4 APPPATH\Controllers\Admin\Usuarios.php(24): view('Admin/Usuarios/index', [...])
 5 SYSTEMPATH\CodeIgniter.php(933): App\Controllers\Admin\Usuarios->index()
 6 SYSTEMPATH\CodeIgniter.php(509): CodeIgniter\CodeIgniter->runController(Object(App\Controllers\Admin\Usuarios))
 7 SYSTEMPATH\CodeIgniter.php(355): CodeIgniter\CodeIgniter->handleRequest(null, Object(Config\Cache), false)
 8 SYSTEMPATH\Boot.php(325): CodeIgniter\CodeIgniter->run()
 9 SYSTEMPATH\Boot.php(67): CodeIgniter\Boot::runCodeIgniter(Object(CodeIgniter\CodeIgniter))
10 FCPATH\index.php(56): CodeIgniter\Boot::bootWeb(Object(Config\Paths))
11 SYSTEMPATH\rewrite.php(44): require_once('C:\\xampp\\htdocs\\food\\public\\index.php')
CRITICAL - 2024-09-11 19:02:31 --> Error: Undefined constant "App\Controllers\Admin\id"
[Method: GET, Route: admin/usuarios/show/1]
in APPPATH\Controllers\Admin\Usuarios.php on line 52.
 1 SYSTEMPATH\CodeIgniter.php(933): App\Controllers\Admin\Usuarios->show('1')
 2 SYSTEMPATH\CodeIgniter.php(509): CodeIgniter\CodeIgniter->runController(Object(App\Controllers\Admin\Usuarios))
 3 SYSTEMPATH\CodeIgniter.php(355): CodeIgniter\CodeIgniter->handleRequest(null, Object(Config\Cache), false)
 4 SYSTEMPATH\Boot.php(325): CodeIgniter\CodeIgniter->run()
 5 SYSTEMPATH\Boot.php(67): CodeIgniter\Boot::runCodeIgniter(Object(CodeIgniter\CodeIgniter))
 6 FCPATH\index.php(56): CodeIgniter\Boot::bootWeb(Object(Config\Paths))
 7 SYSTEMPATH\rewrite.php(44): require_once('C:\\xampp\\htdocs\\food\\public\\index.php')
CRITICAL - 2024-09-11 19:04:08 --> Error: Undefined constant "App\Controllers\Admin\id"
[Method: GET, Route: admin/usuarios/show/1]
in APPPATH\Controllers\Admin\Usuarios.php on line 66.
 1 APPPATH\Controllers\Admin\Usuarios.php(52): App\Controllers\Admin\Usuarios->buscaUsuarioOu404(1)
 2 SYSTEMPATH\CodeIgniter.php(933): App\Controllers\Admin\Usuarios->show('1')
 3 SYSTEMPATH\CodeIgniter.php(509): CodeIgniter\CodeIgniter->runController(Object(App\Controllers\Admin\Usuarios))
 4 SYSTEMPATH\CodeIgniter.php(355): CodeIgniter\CodeIgniter->handleRequest(null, Object(Config\Cache), false)
 5 SYSTEMPATH\Boot.php(325): CodeIgniter\CodeIgniter->run()
 6 SYSTEMPATH\Boot.php(67): CodeIgniter\Boot::runCodeIgniter(Object(CodeIgniter\CodeIgniter))
 7 FCPATH\index.php(56): CodeIgniter\Boot::bootWeb(Object(Config\Paths))
 8 SYSTEMPATH\rewrite.php(44): require_once('C:\\xampp\\htdocs\\food\\public\\index.php')
CRITICAL - 2024-09-11 19:06:18 --> Error: Undefined constant "App\Controllers\Admin\id"
[Method: GET, Route: admin/usuarios/show/1]
in APPPATH\Controllers\Admin\Usuarios.php on line 66.
 1 APPPATH\Controllers\Admin\Usuarios.php(52): App\Controllers\Admin\Usuarios->buscaUsuarioOu404(1)
 2 SYSTEMPATH\CodeIgniter.php(933): App\Controllers\Admin\Usuarios->show('1')
 3 SYSTEMPATH\CodeIgniter.php(509): CodeIgniter\CodeIgniter->runController(Object(App\Controllers\Admin\Usuarios))
 4 SYSTEMPATH\CodeIgniter.php(355): CodeIgniter\CodeIgniter->handleRequest(null, Object(Config\Cache), false)
 5 SYSTEMPATH\Boot.php(325): CodeIgniter\CodeIgniter->run()
 6 SYSTEMPATH\Boot.php(67): CodeIgniter\Boot::runCodeIgniter(Object(CodeIgniter\CodeIgniter))
 7 FCPATH\index.php(56): CodeIgniter\Boot::bootWeb(Object(Config\Paths))
 8 SYSTEMPATH\rewrite.php(44): require_once('C:\\xampp\\htdocs\\food\\public\\index.php')
CRITICAL - 2024-09-11 19:06:28 --> Error: Undefined constant "App\Controllers\Admin\id"
[Method: GET, Route: admin/usuarios/show/1]
in APPPATH\Controllers\Admin\Usuarios.php on line 66.
 1 APPPATH\Controllers\Admin\Usuarios.php(52): App\Controllers\Admin\Usuarios->buscaUsuarioOu404(1)
 2 SYSTEMPATH\CodeIgniter.php(933): App\Controllers\Admin\Usuarios->show('1')
 3 SYSTEMPATH\CodeIgniter.php(509): CodeIgniter\CodeIgniter->runController(Object(App\Controllers\Admin\Usuarios))
 4 SYSTEMPATH\CodeIgniter.php(355): CodeIgniter\CodeIgniter->handleRequest(null, Object(Config\Cache), false)
 5 SYSTEMPATH\Boot.php(325): CodeIgniter\CodeIgniter->run()
 6 SYSTEMPATH\Boot.php(67): CodeIgniter\Boot::runCodeIgniter(Object(CodeIgniter\CodeIgniter))
 7 FCPATH\index.php(56): CodeIgniter\Boot::bootWeb(Object(Config\Paths))
 8 SYSTEMPATH\rewrite.php(44): require_once('C:\\xampp\\htdocs\\food\\public\\index.php')
CRITICAL - 2024-09-11 19:10:40 --> Error: Class "CodeIgniter\Exceptions\PageNot\FoundException" not found
[Method: GET, Route: admin/usuarios/show/12]
in APPPATH\Controllers\Admin\Usuarios.php on line 68.
 1 APPPATH\Controllers\Admin\Usuarios.php(52): App\Controllers\Admin\Usuarios->buscaUsuarioOu404(12)
 2 SYSTEMPATH\CodeIgniter.php(933): App\Controllers\Admin\Usuarios->show('12')
 3 SYSTEMPATH\CodeIgniter.php(509): CodeIgniter\CodeIgniter->runController(Object(App\Controllers\Admin\Usuarios))
 4 SYSTEMPATH\CodeIgniter.php(355): CodeIgniter\CodeIgniter->handleRequest(null, Object(Config\Cache), false)
 5 SYSTEMPATH\Boot.php(325): CodeIgniter\CodeIgniter->run()
 6 SYSTEMPATH\Boot.php(67): CodeIgniter\Boot::runCodeIgniter(Object(CodeIgniter\CodeIgniter))
 7 FCPATH\index.php(56): CodeIgniter\Boot::bootWeb(Object(Config\Paths))
 8 SYSTEMPATH\rewrite.php(44): require_once('C:\\xampp\\htdocs\\food\\public\\index.php')
CRITICAL - 2024-09-11 19:10:52 --> Error: Class "CodeIgniter\Exceptions\PageNot\FoundException" not found
[Method: GET, Route: admin/usuarios/show]
in APPPATH\Controllers\Admin\Usuarios.php on line 68.
 1 APPPATH\Controllers\Admin\Usuarios.php(52): App\Controllers\Admin\Usuarios->buscaUsuarioOu404(null)
 2 SYSTEMPATH\CodeIgniter.php(933): App\Controllers\Admin\Usuarios->show()
 3 SYSTEMPATH\CodeIgniter.php(509): CodeIgniter\CodeIgniter->runController(Object(App\Controllers\Admin\Usuarios))
 4 SYSTEMPATH\CodeIgniter.php(355): CodeIgniter\CodeIgniter->handleRequest(null, Object(Config\Cache), false)
 5 SYSTEMPATH\Boot.php(325): CodeIgniter\CodeIgniter->run()
 6 SYSTEMPATH\Boot.php(67): CodeIgniter\Boot::runCodeIgniter(Object(CodeIgniter\CodeIgniter))
 7 FCPATH\index.php(56): CodeIgniter\Boot::bootWeb(Object(Config\Paths))
 8 SYSTEMPATH\rewrite.php(44): require_once('C:\\xampp\\htdocs\\food\\public\\index.php')
