INFO - 2024-09-30 00:06:30 --> Session: Class initialized using 'CodeIgniter\Session\Handlers\FileHandler' driver.
CRITICAL - 2024-09-30 00:06:30 --> TypeError: App\Controllers\Admin\Usuarios::buscaUsuarioOu404(): Argument #1 ($id) must be of type ?int, string given, called in C:\xampp\htdocs\food\app\Controllers\Admin\Usuarios.php on line 68
[Method: GET, Route: admin/usuarios/editar/images/logo.svg]
in APPPATH\Controllers\Admin\Usuarios.php on line 139.
 1 APPPATH\Controllers\Admin\Usuarios.php(68): App\Controllers\Admin\Usuarios->buscaUsuarioOu404('images')
 2 SYSTEMPATH\CodeIgniter.php(933): App\Controllers\Admin\Usuarios->editar('images', 'logo.svg')
 3 SYSTEMPATH\CodeIgniter.php(509): CodeIgniter\CodeIgniter->runController(Object(App\Controllers\Admin\Usuarios))
 4 SYSTEMPATH\CodeIgniter.php(355): CodeIgniter\CodeIgniter->handleRequest(null, Object(Config\Cache), false)
 5 SYSTEMPATH\Boot.php(325): CodeIgniter\CodeIgniter->run()
 6 SYSTEMPATH\Boot.php(67): CodeIgniter\Boot::runCodeIgniter(Object(CodeIgniter\CodeIgniter))
 7 FCPATH\index.php(56): CodeIgniter\Boot::bootWeb(Object(Config\Paths))
 8 SYSTEMPATH\rewrite.php(44): require_once('C:\\xampp\\htdocs\\food\\public\\index.php')
CRITICAL - 2024-09-30 00:06:31 --> TypeError: App\Controllers\Admin\Usuarios::buscaUsuarioOu404(): Argument #1 ($id) must be of type ?int, string given, called in C:\xampp\htdocs\food\app\Controllers\Admin\Usuarios.php on line 68
[Method: GET, Route: admin/usuarios/editar/images/logo-mini.svg]
in APPPATH\Controllers\Admin\Usuarios.php on line 139.
 1 APPPATH\Controllers\Admin\Usuarios.php(68): App\Controllers\Admin\Usuarios->buscaUsuarioOu404('images')
 2 SYSTEMPATH\CodeIgniter.php(933): App\Controllers\Admin\Usuarios->editar('images', 'logo-mini.svg')
 3 SYSTEMPATH\CodeIgniter.php(509): CodeIgniter\CodeIgniter->runController(Object(App\Controllers\Admin\Usuarios))
 4 SYSTEMPATH\CodeIgniter.php(355): CodeIgniter\CodeIgniter->handleRequest(null, Object(Config\Cache), false)
 5 SYSTEMPATH\Boot.php(325): CodeIgniter\CodeIgniter->run()
 6 SYSTEMPATH\Boot.php(67): CodeIgniter\Boot::runCodeIgniter(Object(CodeIgniter\CodeIgniter))
 7 FCPATH\index.php(56): CodeIgniter\Boot::bootWeb(Object(Config\Paths))
 8 SYSTEMPATH\rewrite.php(44): require_once('C:\\xampp\\htdocs\\food\\public\\index.php')
CRITICAL - 2024-09-30 00:06:31 --> TypeError: App\Controllers\Admin\Usuarios::buscaUsuarioOu404(): Argument #1 ($id) must be of type ?int, string given, called in C:\xampp\htdocs\food\app\Controllers\Admin\Usuarios.php on line 68
[Method: GET, Route: admin/usuarios/editar/images/faces/face4.jpg]
in APPPATH\Controllers\Admin\Usuarios.php on line 139.
 1 APPPATH\Controllers\Admin\Usuarios.php(68): App\Controllers\Admin\Usuarios->buscaUsuarioOu404('images')
 2 SYSTEMPATH\CodeIgniter.php(933): App\Controllers\Admin\Usuarios->editar('images', 'faces', 'face4.jpg')
 3 SYSTEMPATH\CodeIgniter.php(509): CodeIgniter\CodeIgniter->runController(Object(App\Controllers\Admin\Usuarios))
 4 SYSTEMPATH\CodeIgniter.php(355): CodeIgniter\CodeIgniter->handleRequest(null, Object(Config\Cache), false)
 5 SYSTEMPATH\Boot.php(325): CodeIgniter\CodeIgniter->run()
 6 SYSTEMPATH\Boot.php(67): CodeIgniter\Boot::runCodeIgniter(Object(CodeIgniter\CodeIgniter))
 7 FCPATH\index.php(56): CodeIgniter\Boot::bootWeb(Object(Config\Paths))
 8 SYSTEMPATH\rewrite.php(44): require_once('C:\\xampp\\htdocs\\food\\public\\index.php')
CRITICAL - 2024-09-30 00:06:31 --> TypeError: App\Controllers\Admin\Usuarios::buscaUsuarioOu404(): Argument #1 ($id) must be of type ?int, string given, called in C:\xampp\htdocs\food\app\Controllers\Admin\Usuarios.php on line 68
[Method: GET, Route: admin/usuarios/editar/images/faces/face2.jpg]
in APPPATH\Controllers\Admin\Usuarios.php on line 139.
 1 APPPATH\Controllers\Admin\Usuarios.php(68): App\Controllers\Admin\Usuarios->buscaUsuarioOu404('images')
 2 SYSTEMPATH\CodeIgniter.php(933): App\Controllers\Admin\Usuarios->editar('images', 'faces', 'face2.jpg')
 3 SYSTEMPATH\CodeIgniter.php(509): CodeIgniter\CodeIgniter->runController(Object(App\Controllers\Admin\Usuarios))
 4 SYSTEMPATH\CodeIgniter.php(355): CodeIgniter\CodeIgniter->handleRequest(null, Object(Config\Cache), false)
 5 SYSTEMPATH\Boot.php(325): CodeIgniter\CodeIgniter->run()
 6 SYSTEMPATH\Boot.php(67): CodeIgniter\Boot::runCodeIgniter(Object(CodeIgniter\CodeIgniter))
 7 FCPATH\index.php(56): CodeIgniter\Boot::bootWeb(Object(Config\Paths))
 8 SYSTEMPATH\rewrite.php(44): require_once('C:\\xampp\\htdocs\\food\\public\\index.php')
CRITICAL - 2024-09-30 00:06:31 --> TypeError: App\Controllers\Admin\Usuarios::buscaUsuarioOu404(): Argument #1 ($id) must be of type ?int, string given, called in C:\xampp\htdocs\food\app\Controllers\Admin\Usuarios.php on line 68
[Method: GET, Route: admin/usuarios/editar/images/faces/face3.jpg]
in APPPATH\Controllers\Admin\Usuarios.php on line 139.
 1 APPPATH\Controllers\Admin\Usuarios.php(68): App\Controllers\Admin\Usuarios->buscaUsuarioOu404('images')
 2 SYSTEMPATH\CodeIgniter.php(933): App\Controllers\Admin\Usuarios->editar('images', 'faces', 'face3.jpg')
 3 SYSTEMPATH\CodeIgniter.php(509): CodeIgniter\CodeIgniter->runController(Object(App\Controllers\Admin\Usuarios))
 4 SYSTEMPATH\CodeIgniter.php(355): CodeIgniter\CodeIgniter->handleRequest(null, Object(Config\Cache), false)
 5 SYSTEMPATH\Boot.php(325): CodeIgniter\CodeIgniter->run()
 6 SYSTEMPATH\Boot.php(67): CodeIgniter\Boot::runCodeIgniter(Object(CodeIgniter\CodeIgniter))
 7 FCPATH\index.php(56): CodeIgniter\Boot::bootWeb(Object(Config\Paths))
 8 SYSTEMPATH\rewrite.php(44): require_once('C:\\xampp\\htdocs\\food\\public\\index.php')
CRITICAL - 2024-09-30 00:06:31 --> TypeError: App\Controllers\Admin\Usuarios::buscaUsuarioOu404(): Argument #1 ($id) must be of type ?int, string given, called in C:\xampp\htdocs\food\app\Controllers\Admin\Usuarios.php on line 68
[Method: GET, Route: admin/usuarios/editar/images/faces/face5.jpg]
in APPPATH\Controllers\Admin\Usuarios.php on line 139.
 1 APPPATH\Controllers\Admin\Usuarios.php(68): App\Controllers\Admin\Usuarios->buscaUsuarioOu404('images')
 2 SYSTEMPATH\CodeIgniter.php(933): App\Controllers\Admin\Usuarios->editar('images', 'faces', 'face5.jpg')
 3 SYSTEMPATH\CodeIgniter.php(509): CodeIgniter\CodeIgniter->runController(Object(App\Controllers\Admin\Usuarios))
 4 SYSTEMPATH\CodeIgniter.php(355): CodeIgniter\CodeIgniter->handleRequest(null, Object(Config\Cache), false)
 5 SYSTEMPATH\Boot.php(325): CodeIgniter\CodeIgniter->run()
 6 SYSTEMPATH\Boot.php(67): CodeIgniter\Boot::runCodeIgniter(Object(CodeIgniter\CodeIgniter))
 7 FCPATH\index.php(56): CodeIgniter\Boot::bootWeb(Object(Config\Paths))
 8 SYSTEMPATH\rewrite.php(44): require_once('C:\\xampp\\htdocs\\food\\public\\index.php')
INFO - 2024-09-30 00:06:35 --> Session: Class initialized using 'CodeIgniter\Session\Handlers\FileHandler' driver.
INFO - 2024-09-30 00:50:34 --> Session: Class initialized using 'CodeIgniter\Session\Handlers\FileHandler' driver.
CRITICAL - 2024-09-30 00:50:34 --> TypeError: App\Controllers\Admin\Usuarios::buscaUsuarioOu404(): Argument #1 ($id) must be of type ?int, string given, called in C:\xampp\htdocs\food\app\Controllers\Admin\Usuarios.php on line 68
[Method: GET, Route: admin/usuarios/editar/images/logo.svg]
in APPPATH\Controllers\Admin\Usuarios.php on line 139.
 1 APPPATH\Controllers\Admin\Usuarios.php(68): App\Controllers\Admin\Usuarios->buscaUsuarioOu404('images')
 2 SYSTEMPATH\CodeIgniter.php(933): App\Controllers\Admin\Usuarios->editar('images', 'logo.svg')
 3 SYSTEMPATH\CodeIgniter.php(509): CodeIgniter\CodeIgniter->runController(Object(App\Controllers\Admin\Usuarios))
 4 SYSTEMPATH\CodeIgniter.php(355): CodeIgniter\CodeIgniter->handleRequest(null, Object(Config\Cache), false)
 5 SYSTEMPATH\Boot.php(325): CodeIgniter\CodeIgniter->run()
 6 SYSTEMPATH\Boot.php(67): CodeIgniter\Boot::runCodeIgniter(Object(CodeIgniter\CodeIgniter))
 7 FCPATH\index.php(56): CodeIgniter\Boot::bootWeb(Object(Config\Paths))
 8 SYSTEMPATH\rewrite.php(44): require_once('C:\\xampp\\htdocs\\food\\public\\index.php')
CRITICAL - 2024-09-30 00:50:34 --> TypeError: App\Controllers\Admin\Usuarios::buscaUsuarioOu404(): Argument #1 ($id) must be of type ?int, string given, called in C:\xampp\htdocs\food\app\Controllers\Admin\Usuarios.php on line 68
[Method: GET, Route: admin/usuarios/editar/images/logo-mini.svg]
in APPPATH\Controllers\Admin\Usuarios.php on line 139.
 1 APPPATH\Controllers\Admin\Usuarios.php(68): App\Controllers\Admin\Usuarios->buscaUsuarioOu404('images')
 2 SYSTEMPATH\CodeIgniter.php(933): App\Controllers\Admin\Usuarios->editar('images', 'logo-mini.svg')
 3 SYSTEMPATH\CodeIgniter.php(509): CodeIgniter\CodeIgniter->runController(Object(App\Controllers\Admin\Usuarios))
 4 SYSTEMPATH\CodeIgniter.php(355): CodeIgniter\CodeIgniter->handleRequest(null, Object(Config\Cache), false)
 5 SYSTEMPATH\Boot.php(325): CodeIgniter\CodeIgniter->run()
 6 SYSTEMPATH\Boot.php(67): CodeIgniter\Boot::runCodeIgniter(Object(CodeIgniter\CodeIgniter))
 7 FCPATH\index.php(56): CodeIgniter\Boot::bootWeb(Object(Config\Paths))
 8 SYSTEMPATH\rewrite.php(44): require_once('C:\\xampp\\htdocs\\food\\public\\index.php')
CRITICAL - 2024-09-30 00:50:34 --> TypeError: App\Controllers\Admin\Usuarios::buscaUsuarioOu404(): Argument #1 ($id) must be of type ?int, string given, called in C:\xampp\htdocs\food\app\Controllers\Admin\Usuarios.php on line 68
[Method: GET, Route: admin/usuarios/editar/images/faces/face4.jpg]
in APPPATH\Controllers\Admin\Usuarios.php on line 139.
 1 APPPATH\Controllers\Admin\Usuarios.php(68): App\Controllers\Admin\Usuarios->buscaUsuarioOu404('images')
 2 SYSTEMPATH\CodeIgniter.php(933): App\Controllers\Admin\Usuarios->editar('images', 'faces', 'face4.jpg')
 3 SYSTEMPATH\CodeIgniter.php(509): CodeIgniter\CodeIgniter->runController(Object(App\Controllers\Admin\Usuarios))
 4 SYSTEMPATH\CodeIgniter.php(355): CodeIgniter\CodeIgniter->handleRequest(null, Object(Config\Cache), false)
 5 SYSTEMPATH\Boot.php(325): CodeIgniter\CodeIgniter->run()
 6 SYSTEMPATH\Boot.php(67): CodeIgniter\Boot::runCodeIgniter(Object(CodeIgniter\CodeIgniter))
 7 FCPATH\index.php(56): CodeIgniter\Boot::bootWeb(Object(Config\Paths))
 8 SYSTEMPATH\rewrite.php(44): require_once('C:\\xampp\\htdocs\\food\\public\\index.php')
CRITICAL - 2024-09-30 00:50:34 --> TypeError: App\Controllers\Admin\Usuarios::buscaUsuarioOu404(): Argument #1 ($id) must be of type ?int, string given, called in C:\xampp\htdocs\food\app\Controllers\Admin\Usuarios.php on line 68
[Method: GET, Route: admin/usuarios/editar/images/faces/face2.jpg]
in APPPATH\Controllers\Admin\Usuarios.php on line 139.
 1 APPPATH\Controllers\Admin\Usuarios.php(68): App\Controllers\Admin\Usuarios->buscaUsuarioOu404('images')
 2 SYSTEMPATH\CodeIgniter.php(933): App\Controllers\Admin\Usuarios->editar('images', 'faces', 'face2.jpg')
 3 SYSTEMPATH\CodeIgniter.php(509): CodeIgniter\CodeIgniter->runController(Object(App\Controllers\Admin\Usuarios))
 4 SYSTEMPATH\CodeIgniter.php(355): CodeIgniter\CodeIgniter->handleRequest(null, Object(Config\Cache), false)
 5 SYSTEMPATH\Boot.php(325): CodeIgniter\CodeIgniter->run()
 6 SYSTEMPATH\Boot.php(67): CodeIgniter\Boot::runCodeIgniter(Object(CodeIgniter\CodeIgniter))
 7 FCPATH\index.php(56): CodeIgniter\Boot::bootWeb(Object(Config\Paths))
 8 SYSTEMPATH\rewrite.php(44): require_once('C:\\xampp\\htdocs\\food\\public\\index.php')
CRITICAL - 2024-09-30 00:50:34 --> TypeError: App\Controllers\Admin\Usuarios::buscaUsuarioOu404(): Argument #1 ($id) must be of type ?int, string given, called in C:\xampp\htdocs\food\app\Controllers\Admin\Usuarios.php on line 68
[Method: GET, Route: admin/usuarios/editar/images/faces/face3.jpg]
in APPPATH\Controllers\Admin\Usuarios.php on line 139.
 1 APPPATH\Controllers\Admin\Usuarios.php(68): App\Controllers\Admin\Usuarios->buscaUsuarioOu404('images')
 2 SYSTEMPATH\CodeIgniter.php(933): App\Controllers\Admin\Usuarios->editar('images', 'faces', 'face3.jpg')
 3 SYSTEMPATH\CodeIgniter.php(509): CodeIgniter\CodeIgniter->runController(Object(App\Controllers\Admin\Usuarios))
 4 SYSTEMPATH\CodeIgniter.php(355): CodeIgniter\CodeIgniter->handleRequest(null, Object(Config\Cache), false)
 5 SYSTEMPATH\Boot.php(325): CodeIgniter\CodeIgniter->run()
 6 SYSTEMPATH\Boot.php(67): CodeIgniter\Boot::runCodeIgniter(Object(CodeIgniter\CodeIgniter))
 7 FCPATH\index.php(56): CodeIgniter\Boot::bootWeb(Object(Config\Paths))
 8 SYSTEMPATH\rewrite.php(44): require_once('C:\\xampp\\htdocs\\food\\public\\index.php')
CRITICAL - 2024-09-30 00:50:35 --> TypeError: App\Controllers\Admin\Usuarios::buscaUsuarioOu404(): Argument #1 ($id) must be of type ?int, string given, called in C:\xampp\htdocs\food\app\Controllers\Admin\Usuarios.php on line 68
[Method: GET, Route: admin/usuarios/editar/images/faces/face5.jpg]
in APPPATH\Controllers\Admin\Usuarios.php on line 139.
 1 APPPATH\Controllers\Admin\Usuarios.php(68): App\Controllers\Admin\Usuarios->buscaUsuarioOu404('images')
 2 SYSTEMPATH\CodeIgniter.php(933): App\Controllers\Admin\Usuarios->editar('images', 'faces', 'face5.jpg')
 3 SYSTEMPATH\CodeIgniter.php(509): CodeIgniter\CodeIgniter->runController(Object(App\Controllers\Admin\Usuarios))
 4 SYSTEMPATH\CodeIgniter.php(355): CodeIgniter\CodeIgniter->handleRequest(null, Object(Config\Cache), false)
 5 SYSTEMPATH\Boot.php(325): CodeIgniter\CodeIgniter->run()
 6 SYSTEMPATH\Boot.php(67): CodeIgniter\Boot::runCodeIgniter(Object(CodeIgniter\CodeIgniter))
 7 FCPATH\index.php(56): CodeIgniter\Boot::bootWeb(Object(Config\Paths))
 8 SYSTEMPATH\rewrite.php(44): require_once('C:\\xampp\\htdocs\\food\\public\\index.php')
INFO - 2024-09-30 00:50:41 --> Session: Class initialized using 'CodeIgniter\Session\Handlers\FileHandler' driver.
INFO - 2024-09-30 00:51:06 --> Session: Class initialized using 'CodeIgniter\Session\Handlers\FileHandler' driver.
CRITICAL - 2024-09-30 00:51:07 --> TypeError: App\Controllers\Admin\Usuarios::buscaUsuarioOu404(): Argument #1 ($id) must be of type ?int, string given, called in C:\xampp\htdocs\food\app\Controllers\Admin\Usuarios.php on line 68
[Method: GET, Route: admin/usuarios/editar/images/logo.svg]
in APPPATH\Controllers\Admin\Usuarios.php on line 139.
 1 APPPATH\Controllers\Admin\Usuarios.php(68): App\Controllers\Admin\Usuarios->buscaUsuarioOu404('images')
 2 SYSTEMPATH\CodeIgniter.php(933): App\Controllers\Admin\Usuarios->editar('images', 'logo.svg')
 3 SYSTEMPATH\CodeIgniter.php(509): CodeIgniter\CodeIgniter->runController(Object(App\Controllers\Admin\Usuarios))
 4 SYSTEMPATH\CodeIgniter.php(355): CodeIgniter\CodeIgniter->handleRequest(null, Object(Config\Cache), false)
 5 SYSTEMPATH\Boot.php(325): CodeIgniter\CodeIgniter->run()
 6 SYSTEMPATH\Boot.php(67): CodeIgniter\Boot::runCodeIgniter(Object(CodeIgniter\CodeIgniter))
 7 FCPATH\index.php(56): CodeIgniter\Boot::bootWeb(Object(Config\Paths))
 8 SYSTEMPATH\rewrite.php(44): require_once('C:\\xampp\\htdocs\\food\\public\\index.php')
CRITICAL - 2024-09-30 00:51:07 --> TypeError: App\Controllers\Admin\Usuarios::buscaUsuarioOu404(): Argument #1 ($id) must be of type ?int, string given, called in C:\xampp\htdocs\food\app\Controllers\Admin\Usuarios.php on line 68
[Method: GET, Route: admin/usuarios/editar/images/logo-mini.svg]
in APPPATH\Controllers\Admin\Usuarios.php on line 139.
 1 APPPATH\Controllers\Admin\Usuarios.php(68): App\Controllers\Admin\Usuarios->buscaUsuarioOu404('images')
 2 SYSTEMPATH\CodeIgniter.php(933): App\Controllers\Admin\Usuarios->editar('images', 'logo-mini.svg')
 3 SYSTEMPATH\CodeIgniter.php(509): CodeIgniter\CodeIgniter->runController(Object(App\Controllers\Admin\Usuarios))
 4 SYSTEMPATH\CodeIgniter.php(355): CodeIgniter\CodeIgniter->handleRequest(null, Object(Config\Cache), false)
 5 SYSTEMPATH\Boot.php(325): CodeIgniter\CodeIgniter->run()
 6 SYSTEMPATH\Boot.php(67): CodeIgniter\Boot::runCodeIgniter(Object(CodeIgniter\CodeIgniter))
 7 FCPATH\index.php(56): CodeIgniter\Boot::bootWeb(Object(Config\Paths))
 8 SYSTEMPATH\rewrite.php(44): require_once('C:\\xampp\\htdocs\\food\\public\\index.php')
CRITICAL - 2024-09-30 00:51:07 --> TypeError: App\Controllers\Admin\Usuarios::buscaUsuarioOu404(): Argument #1 ($id) must be of type ?int, string given, called in C:\xampp\htdocs\food\app\Controllers\Admin\Usuarios.php on line 68
[Method: GET, Route: admin/usuarios/editar/images/faces/face4.jpg]
in APPPATH\Controllers\Admin\Usuarios.php on line 139.
 1 APPPATH\Controllers\Admin\Usuarios.php(68): App\Controllers\Admin\Usuarios->buscaUsuarioOu404('images')
 2 SYSTEMPATH\CodeIgniter.php(933): App\Controllers\Admin\Usuarios->editar('images', 'faces', 'face4.jpg')
 3 SYSTEMPATH\CodeIgniter.php(509): CodeIgniter\CodeIgniter->runController(Object(App\Controllers\Admin\Usuarios))
 4 SYSTEMPATH\CodeIgniter.php(355): CodeIgniter\CodeIgniter->handleRequest(null, Object(Config\Cache), false)
 5 SYSTEMPATH\Boot.php(325): CodeIgniter\CodeIgniter->run()
 6 SYSTEMPATH\Boot.php(67): CodeIgniter\Boot::runCodeIgniter(Object(CodeIgniter\CodeIgniter))
 7 FCPATH\index.php(56): CodeIgniter\Boot::bootWeb(Object(Config\Paths))
 8 SYSTEMPATH\rewrite.php(44): require_once('C:\\xampp\\htdocs\\food\\public\\index.php')
CRITICAL - 2024-09-30 00:51:07 --> TypeError: App\Controllers\Admin\Usuarios::buscaUsuarioOu404(): Argument #1 ($id) must be of type ?int, string given, called in C:\xampp\htdocs\food\app\Controllers\Admin\Usuarios.php on line 68
[Method: GET, Route: admin/usuarios/editar/images/faces/face2.jpg]
in APPPATH\Controllers\Admin\Usuarios.php on line 139.
 1 APPPATH\Controllers\Admin\Usuarios.php(68): App\Controllers\Admin\Usuarios->buscaUsuarioOu404('images')
 2 SYSTEMPATH\CodeIgniter.php(933): App\Controllers\Admin\Usuarios->editar('images', 'faces', 'face2.jpg')
 3 SYSTEMPATH\CodeIgniter.php(509): CodeIgniter\CodeIgniter->runController(Object(App\Controllers\Admin\Usuarios))
 4 SYSTEMPATH\CodeIgniter.php(355): CodeIgniter\CodeIgniter->handleRequest(null, Object(Config\Cache), false)
 5 SYSTEMPATH\Boot.php(325): CodeIgniter\CodeIgniter->run()
 6 SYSTEMPATH\Boot.php(67): CodeIgniter\Boot::runCodeIgniter(Object(CodeIgniter\CodeIgniter))
 7 FCPATH\index.php(56): CodeIgniter\Boot::bootWeb(Object(Config\Paths))
 8 SYSTEMPATH\rewrite.php(44): require_once('C:\\xampp\\htdocs\\food\\public\\index.php')
CRITICAL - 2024-09-30 00:51:07 --> TypeError: App\Controllers\Admin\Usuarios::buscaUsuarioOu404(): Argument #1 ($id) must be of type ?int, string given, called in C:\xampp\htdocs\food\app\Controllers\Admin\Usuarios.php on line 68
[Method: GET, Route: admin/usuarios/editar/images/faces/face3.jpg]
in APPPATH\Controllers\Admin\Usuarios.php on line 139.
 1 APPPATH\Controllers\Admin\Usuarios.php(68): App\Controllers\Admin\Usuarios->buscaUsuarioOu404('images')
 2 SYSTEMPATH\CodeIgniter.php(933): App\Controllers\Admin\Usuarios->editar('images', 'faces', 'face3.jpg')
 3 SYSTEMPATH\CodeIgniter.php(509): CodeIgniter\CodeIgniter->runController(Object(App\Controllers\Admin\Usuarios))
 4 SYSTEMPATH\CodeIgniter.php(355): CodeIgniter\CodeIgniter->handleRequest(null, Object(Config\Cache), false)
 5 SYSTEMPATH\Boot.php(325): CodeIgniter\CodeIgniter->run()
 6 SYSTEMPATH\Boot.php(67): CodeIgniter\Boot::runCodeIgniter(Object(CodeIgniter\CodeIgniter))
 7 FCPATH\index.php(56): CodeIgniter\Boot::bootWeb(Object(Config\Paths))
 8 SYSTEMPATH\rewrite.php(44): require_once('C:\\xampp\\htdocs\\food\\public\\index.php')
CRITICAL - 2024-09-30 00:51:07 --> TypeError: App\Controllers\Admin\Usuarios::buscaUsuarioOu404(): Argument #1 ($id) must be of type ?int, string given, called in C:\xampp\htdocs\food\app\Controllers\Admin\Usuarios.php on line 68
[Method: GET, Route: admin/usuarios/editar/images/faces/face5.jpg]
in APPPATH\Controllers\Admin\Usuarios.php on line 139.
 1 APPPATH\Controllers\Admin\Usuarios.php(68): App\Controllers\Admin\Usuarios->buscaUsuarioOu404('images')
 2 SYSTEMPATH\CodeIgniter.php(933): App\Controllers\Admin\Usuarios->editar('images', 'faces', 'face5.jpg')
 3 SYSTEMPATH\CodeIgniter.php(509): CodeIgniter\CodeIgniter->runController(Object(App\Controllers\Admin\Usuarios))
 4 SYSTEMPATH\CodeIgniter.php(355): CodeIgniter\CodeIgniter->handleRequest(null, Object(Config\Cache), false)
 5 SYSTEMPATH\Boot.php(325): CodeIgniter\CodeIgniter->run()
 6 SYSTEMPATH\Boot.php(67): CodeIgniter\Boot::runCodeIgniter(Object(CodeIgniter\CodeIgniter))
 7 FCPATH\index.php(56): CodeIgniter\Boot::bootWeb(Object(Config\Paths))
 8 SYSTEMPATH\rewrite.php(44): require_once('C:\\xampp\\htdocs\\food\\public\\index.php')
INFO - 2024-09-30 00:51:40 --> Session: Class initialized using 'CodeIgniter\Session\Handlers\FileHandler' driver.
CRITICAL - 2024-09-30 00:51:40 --> TypeError: App\Controllers\Admin\Usuarios::buscaUsuarioOu404(): Argument #1 ($id) must be of type ?int, string given, called in C:\xampp\htdocs\food\app\Controllers\Admin\Usuarios.php on line 68
[Method: GET, Route: admin/usuarios/editar/images/logo.svg]
in APPPATH\Controllers\Admin\Usuarios.php on line 139.
 1 APPPATH\Controllers\Admin\Usuarios.php(68): App\Controllers\Admin\Usuarios->buscaUsuarioOu404('images')
 2 SYSTEMPATH\CodeIgniter.php(933): App\Controllers\Admin\Usuarios->editar('images', 'logo.svg')
 3 SYSTEMPATH\CodeIgniter.php(509): CodeIgniter\CodeIgniter->runController(Object(App\Controllers\Admin\Usuarios))
 4 SYSTEMPATH\CodeIgniter.php(355): CodeIgniter\CodeIgniter->handleRequest(null, Object(Config\Cache), false)
 5 SYSTEMPATH\Boot.php(325): CodeIgniter\CodeIgniter->run()
 6 SYSTEMPATH\Boot.php(67): CodeIgniter\Boot::runCodeIgniter(Object(CodeIgniter\CodeIgniter))
 7 FCPATH\index.php(56): CodeIgniter\Boot::bootWeb(Object(Config\Paths))
 8 SYSTEMPATH\rewrite.php(44): require_once('C:\\xampp\\htdocs\\food\\public\\index.php')
CRITICAL - 2024-09-30 00:51:40 --> TypeError: App\Controllers\Admin\Usuarios::buscaUsuarioOu404(): Argument #1 ($id) must be of type ?int, string given, called in C:\xampp\htdocs\food\app\Controllers\Admin\Usuarios.php on line 68
[Method: GET, Route: admin/usuarios/editar/images/logo-mini.svg]
in APPPATH\Controllers\Admin\Usuarios.php on line 139.
 1 APPPATH\Controllers\Admin\Usuarios.php(68): App\Controllers\Admin\Usuarios->buscaUsuarioOu404('images')
 2 SYSTEMPATH\CodeIgniter.php(933): App\Controllers\Admin\Usuarios->editar('images', 'logo-mini.svg')
 3 SYSTEMPATH\CodeIgniter.php(509): CodeIgniter\CodeIgniter->runController(Object(App\Controllers\Admin\Usuarios))
 4 SYSTEMPATH\CodeIgniter.php(355): CodeIgniter\CodeIgniter->handleRequest(null, Object(Config\Cache), false)
 5 SYSTEMPATH\Boot.php(325): CodeIgniter\CodeIgniter->run()
 6 SYSTEMPATH\Boot.php(67): CodeIgniter\Boot::runCodeIgniter(Object(CodeIgniter\CodeIgniter))
 7 FCPATH\index.php(56): CodeIgniter\Boot::bootWeb(Object(Config\Paths))
 8 SYSTEMPATH\rewrite.php(44): require_once('C:\\xampp\\htdocs\\food\\public\\index.php')
CRITICAL - 2024-09-30 00:51:40 --> TypeError: App\Controllers\Admin\Usuarios::buscaUsuarioOu404(): Argument #1 ($id) must be of type ?int, string given, called in C:\xampp\htdocs\food\app\Controllers\Admin\Usuarios.php on line 68
[Method: GET, Route: admin/usuarios/editar/images/faces/face4.jpg]
in APPPATH\Controllers\Admin\Usuarios.php on line 139.
 1 APPPATH\Controllers\Admin\Usuarios.php(68): App\Controllers\Admin\Usuarios->buscaUsuarioOu404('images')
 2 SYSTEMPATH\CodeIgniter.php(933): App\Controllers\Admin\Usuarios->editar('images', 'faces', 'face4.jpg')
 3 SYSTEMPATH\CodeIgniter.php(509): CodeIgniter\CodeIgniter->runController(Object(App\Controllers\Admin\Usuarios))
 4 SYSTEMPATH\CodeIgniter.php(355): CodeIgniter\CodeIgniter->handleRequest(null, Object(Config\Cache), false)
 5 SYSTEMPATH\Boot.php(325): CodeIgniter\CodeIgniter->run()
 6 SYSTEMPATH\Boot.php(67): CodeIgniter\Boot::runCodeIgniter(Object(CodeIgniter\CodeIgniter))
 7 FCPATH\index.php(56): CodeIgniter\Boot::bootWeb(Object(Config\Paths))
 8 SYSTEMPATH\rewrite.php(44): require_once('C:\\xampp\\htdocs\\food\\public\\index.php')
CRITICAL - 2024-09-30 00:51:41 --> TypeError: App\Controllers\Admin\Usuarios::buscaUsuarioOu404(): Argument #1 ($id) must be of type ?int, string given, called in C:\xampp\htdocs\food\app\Controllers\Admin\Usuarios.php on line 68
[Method: GET, Route: admin/usuarios/editar/images/faces/face2.jpg]
in APPPATH\Controllers\Admin\Usuarios.php on line 139.
 1 APPPATH\Controllers\Admin\Usuarios.php(68): App\Controllers\Admin\Usuarios->buscaUsuarioOu404('images')
 2 SYSTEMPATH\CodeIgniter.php(933): App\Controllers\Admin\Usuarios->editar('images', 'faces', 'face2.jpg')
 3 SYSTEMPATH\CodeIgniter.php(509): CodeIgniter\CodeIgniter->runController(Object(App\Controllers\Admin\Usuarios))
 4 SYSTEMPATH\CodeIgniter.php(355): CodeIgniter\CodeIgniter->handleRequest(null, Object(Config\Cache), false)
 5 SYSTEMPATH\Boot.php(325): CodeIgniter\CodeIgniter->run()
 6 SYSTEMPATH\Boot.php(67): CodeIgniter\Boot::runCodeIgniter(Object(CodeIgniter\CodeIgniter))
 7 FCPATH\index.php(56): CodeIgniter\Boot::bootWeb(Object(Config\Paths))
 8 SYSTEMPATH\rewrite.php(44): require_once('C:\\xampp\\htdocs\\food\\public\\index.php')
CRITICAL - 2024-09-30 00:51:41 --> TypeError: App\Controllers\Admin\Usuarios::buscaUsuarioOu404(): Argument #1 ($id) must be of type ?int, string given, called in C:\xampp\htdocs\food\app\Controllers\Admin\Usuarios.php on line 68
[Method: GET, Route: admin/usuarios/editar/images/faces/face3.jpg]
in APPPATH\Controllers\Admin\Usuarios.php on line 139.
 1 APPPATH\Controllers\Admin\Usuarios.php(68): App\Controllers\Admin\Usuarios->buscaUsuarioOu404('images')
 2 SYSTEMPATH\CodeIgniter.php(933): App\Controllers\Admin\Usuarios->editar('images', 'faces', 'face3.jpg')
 3 SYSTEMPATH\CodeIgniter.php(509): CodeIgniter\CodeIgniter->runController(Object(App\Controllers\Admin\Usuarios))
 4 SYSTEMPATH\CodeIgniter.php(355): CodeIgniter\CodeIgniter->handleRequest(null, Object(Config\Cache), false)
 5 SYSTEMPATH\Boot.php(325): CodeIgniter\CodeIgniter->run()
 6 SYSTEMPATH\Boot.php(67): CodeIgniter\Boot::runCodeIgniter(Object(CodeIgniter\CodeIgniter))
 7 FCPATH\index.php(56): CodeIgniter\Boot::bootWeb(Object(Config\Paths))
 8 SYSTEMPATH\rewrite.php(44): require_once('C:\\xampp\\htdocs\\food\\public\\index.php')
CRITICAL - 2024-09-30 00:51:41 --> TypeError: App\Controllers\Admin\Usuarios::buscaUsuarioOu404(): Argument #1 ($id) must be of type ?int, string given, called in C:\xampp\htdocs\food\app\Controllers\Admin\Usuarios.php on line 68
[Method: GET, Route: admin/usuarios/editar/images/faces/face5.jpg]
in APPPATH\Controllers\Admin\Usuarios.php on line 139.
 1 APPPATH\Controllers\Admin\Usuarios.php(68): App\Controllers\Admin\Usuarios->buscaUsuarioOu404('images')
 2 SYSTEMPATH\CodeIgniter.php(933): App\Controllers\Admin\Usuarios->editar('images', 'faces', 'face5.jpg')
 3 SYSTEMPATH\CodeIgniter.php(509): CodeIgniter\CodeIgniter->runController(Object(App\Controllers\Admin\Usuarios))
 4 SYSTEMPATH\CodeIgniter.php(355): CodeIgniter\CodeIgniter->handleRequest(null, Object(Config\Cache), false)
 5 SYSTEMPATH\Boot.php(325): CodeIgniter\CodeIgniter->run()
 6 SYSTEMPATH\Boot.php(67): CodeIgniter\Boot::runCodeIgniter(Object(CodeIgniter\CodeIgniter))
 7 FCPATH\index.php(56): CodeIgniter\Boot::bootWeb(Object(Config\Paths))
 8 SYSTEMPATH\rewrite.php(44): require_once('C:\\xampp\\htdocs\\food\\public\\index.php')
INFO - 2024-09-30 00:53:20 --> Session: Class initialized using 'CodeIgniter\Session\Handlers\FileHandler' driver.
CRITICAL - 2024-09-30 00:53:21 --> TypeError: App\Controllers\Admin\Usuarios::buscaUsuarioOu404(): Argument #1 ($id) must be of type ?int, string given, called in C:\xampp\htdocs\food\app\Controllers\Admin\Usuarios.php on line 69
[Method: GET, Route: admin/usuarios/editar/images/logo.svg]
in APPPATH\Controllers\Admin\Usuarios.php on line 140.
 1 APPPATH\Controllers\Admin\Usuarios.php(69): App\Controllers\Admin\Usuarios->buscaUsuarioOu404('images')
 2 SYSTEMPATH\CodeIgniter.php(933): App\Controllers\Admin\Usuarios->editar('images', 'logo.svg')
 3 SYSTEMPATH\CodeIgniter.php(509): CodeIgniter\CodeIgniter->runController(Object(App\Controllers\Admin\Usuarios))
 4 SYSTEMPATH\CodeIgniter.php(355): CodeIgniter\CodeIgniter->handleRequest(null, Object(Config\Cache), false)
 5 SYSTEMPATH\Boot.php(325): CodeIgniter\CodeIgniter->run()
 6 SYSTEMPATH\Boot.php(67): CodeIgniter\Boot::runCodeIgniter(Object(CodeIgniter\CodeIgniter))
 7 FCPATH\index.php(56): CodeIgniter\Boot::bootWeb(Object(Config\Paths))
 8 SYSTEMPATH\rewrite.php(44): require_once('C:\\xampp\\htdocs\\food\\public\\index.php')
CRITICAL - 2024-09-30 00:53:21 --> TypeError: App\Controllers\Admin\Usuarios::buscaUsuarioOu404(): Argument #1 ($id) must be of type ?int, string given, called in C:\xampp\htdocs\food\app\Controllers\Admin\Usuarios.php on line 69
[Method: GET, Route: admin/usuarios/editar/images/logo-mini.svg]
in APPPATH\Controllers\Admin\Usuarios.php on line 140.
 1 APPPATH\Controllers\Admin\Usuarios.php(69): App\Controllers\Admin\Usuarios->buscaUsuarioOu404('images')
 2 SYSTEMPATH\CodeIgniter.php(933): App\Controllers\Admin\Usuarios->editar('images', 'logo-mini.svg')
 3 SYSTEMPATH\CodeIgniter.php(509): CodeIgniter\CodeIgniter->runController(Object(App\Controllers\Admin\Usuarios))
 4 SYSTEMPATH\CodeIgniter.php(355): CodeIgniter\CodeIgniter->handleRequest(null, Object(Config\Cache), false)
 5 SYSTEMPATH\Boot.php(325): CodeIgniter\CodeIgniter->run()
 6 SYSTEMPATH\Boot.php(67): CodeIgniter\Boot::runCodeIgniter(Object(CodeIgniter\CodeIgniter))
 7 FCPATH\index.php(56): CodeIgniter\Boot::bootWeb(Object(Config\Paths))
 8 SYSTEMPATH\rewrite.php(44): require_once('C:\\xampp\\htdocs\\food\\public\\index.php')
CRITICAL - 2024-09-30 00:53:21 --> TypeError: App\Controllers\Admin\Usuarios::buscaUsuarioOu404(): Argument #1 ($id) must be of type ?int, string given, called in C:\xampp\htdocs\food\app\Controllers\Admin\Usuarios.php on line 69
[Method: GET, Route: admin/usuarios/editar/images/faces/face4.jpg]
in APPPATH\Controllers\Admin\Usuarios.php on line 140.
 1 APPPATH\Controllers\Admin\Usuarios.php(69): App\Controllers\Admin\Usuarios->buscaUsuarioOu404('images')
 2 SYSTEMPATH\CodeIgniter.php(933): App\Controllers\Admin\Usuarios->editar('images', 'faces', 'face4.jpg')
 3 SYSTEMPATH\CodeIgniter.php(509): CodeIgniter\CodeIgniter->runController(Object(App\Controllers\Admin\Usuarios))
 4 SYSTEMPATH\CodeIgniter.php(355): CodeIgniter\CodeIgniter->handleRequest(null, Object(Config\Cache), false)
 5 SYSTEMPATH\Boot.php(325): CodeIgniter\CodeIgniter->run()
 6 SYSTEMPATH\Boot.php(67): CodeIgniter\Boot::runCodeIgniter(Object(CodeIgniter\CodeIgniter))
 7 FCPATH\index.php(56): CodeIgniter\Boot::bootWeb(Object(Config\Paths))
 8 SYSTEMPATH\rewrite.php(44): require_once('C:\\xampp\\htdocs\\food\\public\\index.php')
CRITICAL - 2024-09-30 00:53:21 --> TypeError: App\Controllers\Admin\Usuarios::buscaUsuarioOu404(): Argument #1 ($id) must be of type ?int, string given, called in C:\xampp\htdocs\food\app\Controllers\Admin\Usuarios.php on line 69
[Method: GET, Route: admin/usuarios/editar/images/faces/face2.jpg]
in APPPATH\Controllers\Admin\Usuarios.php on line 140.
 1 APPPATH\Controllers\Admin\Usuarios.php(69): App\Controllers\Admin\Usuarios->buscaUsuarioOu404('images')
 2 SYSTEMPATH\CodeIgniter.php(933): App\Controllers\Admin\Usuarios->editar('images', 'faces', 'face2.jpg')
 3 SYSTEMPATH\CodeIgniter.php(509): CodeIgniter\CodeIgniter->runController(Object(App\Controllers\Admin\Usuarios))
 4 SYSTEMPATH\CodeIgniter.php(355): CodeIgniter\CodeIgniter->handleRequest(null, Object(Config\Cache), false)
 5 SYSTEMPATH\Boot.php(325): CodeIgniter\CodeIgniter->run()
 6 SYSTEMPATH\Boot.php(67): CodeIgniter\Boot::runCodeIgniter(Object(CodeIgniter\CodeIgniter))
 7 FCPATH\index.php(56): CodeIgniter\Boot::bootWeb(Object(Config\Paths))
 8 SYSTEMPATH\rewrite.php(44): require_once('C:\\xampp\\htdocs\\food\\public\\index.php')
CRITICAL - 2024-09-30 00:53:21 --> TypeError: App\Controllers\Admin\Usuarios::buscaUsuarioOu404(): Argument #1 ($id) must be of type ?int, string given, called in C:\xampp\htdocs\food\app\Controllers\Admin\Usuarios.php on line 69
[Method: GET, Route: admin/usuarios/editar/images/faces/face3.jpg]
in APPPATH\Controllers\Admin\Usuarios.php on line 140.
 1 APPPATH\Controllers\Admin\Usuarios.php(69): App\Controllers\Admin\Usuarios->buscaUsuarioOu404('images')
 2 SYSTEMPATH\CodeIgniter.php(933): App\Controllers\Admin\Usuarios->editar('images', 'faces', 'face3.jpg')
 3 SYSTEMPATH\CodeIgniter.php(509): CodeIgniter\CodeIgniter->runController(Object(App\Controllers\Admin\Usuarios))
 4 SYSTEMPATH\CodeIgniter.php(355): CodeIgniter\CodeIgniter->handleRequest(null, Object(Config\Cache), false)
 5 SYSTEMPATH\Boot.php(325): CodeIgniter\CodeIgniter->run()
 6 SYSTEMPATH\Boot.php(67): CodeIgniter\Boot::runCodeIgniter(Object(CodeIgniter\CodeIgniter))
 7 FCPATH\index.php(56): CodeIgniter\Boot::bootWeb(Object(Config\Paths))
 8 SYSTEMPATH\rewrite.php(44): require_once('C:\\xampp\\htdocs\\food\\public\\index.php')
CRITICAL - 2024-09-30 00:53:21 --> TypeError: App\Controllers\Admin\Usuarios::buscaUsuarioOu404(): Argument #1 ($id) must be of type ?int, string given, called in C:\xampp\htdocs\food\app\Controllers\Admin\Usuarios.php on line 69
[Method: GET, Route: admin/usuarios/editar/images/faces/face5.jpg]
in APPPATH\Controllers\Admin\Usuarios.php on line 140.
 1 APPPATH\Controllers\Admin\Usuarios.php(69): App\Controllers\Admin\Usuarios->buscaUsuarioOu404('images')
 2 SYSTEMPATH\CodeIgniter.php(933): App\Controllers\Admin\Usuarios->editar('images', 'faces', 'face5.jpg')
 3 SYSTEMPATH\CodeIgniter.php(509): CodeIgniter\CodeIgniter->runController(Object(App\Controllers\Admin\Usuarios))
 4 SYSTEMPATH\CodeIgniter.php(355): CodeIgniter\CodeIgniter->handleRequest(null, Object(Config\Cache), false)
 5 SYSTEMPATH\Boot.php(325): CodeIgniter\CodeIgniter->run()
 6 SYSTEMPATH\Boot.php(67): CodeIgniter\Boot::runCodeIgniter(Object(CodeIgniter\CodeIgniter))
 7 FCPATH\index.php(56): CodeIgniter\Boot::bootWeb(Object(Config\Paths))
 8 SYSTEMPATH\rewrite.php(44): require_once('C:\\xampp\\htdocs\\food\\public\\index.php')
INFO - 2024-09-30 00:53:30 --> Session: Class initialized using 'CodeIgniter\Session\Handlers\FileHandler' driver.
INFO - 2024-09-30 00:53:37 --> Session: Class initialized using 'CodeIgniter\Session\Handlers\FileHandler' driver.
INFO - 2024-09-30 00:54:09 --> Session: Class initialized using 'CodeIgniter\Session\Handlers\FileHandler' driver.
CRITICAL - 2024-09-30 00:54:10 --> TypeError: App\Controllers\Admin\Usuarios::buscaUsuarioOu404(): Argument #1 ($id) must be of type ?int, string given, called in C:\xampp\htdocs\food\app\Controllers\Admin\Usuarios.php on line 56
[Method: GET, Route: admin/usuarios/show/images/logo.svg]
in APPPATH\Controllers\Admin\Usuarios.php on line 140.
 1 APPPATH\Controllers\Admin\Usuarios.php(56): App\Controllers\Admin\Usuarios->buscaUsuarioOu404('images')
 2 SYSTEMPATH\CodeIgniter.php(933): App\Controllers\Admin\Usuarios->show('images', 'logo.svg')
 3 SYSTEMPATH\CodeIgniter.php(509): CodeIgniter\CodeIgniter->runController(Object(App\Controllers\Admin\Usuarios))
 4 SYSTEMPATH\CodeIgniter.php(355): CodeIgniter\CodeIgniter->handleRequest(null, Object(Config\Cache), false)
 5 SYSTEMPATH\Boot.php(325): CodeIgniter\CodeIgniter->run()
 6 SYSTEMPATH\Boot.php(67): CodeIgniter\Boot::runCodeIgniter(Object(CodeIgniter\CodeIgniter))
 7 FCPATH\index.php(56): CodeIgniter\Boot::bootWeb(Object(Config\Paths))
 8 SYSTEMPATH\rewrite.php(44): require_once('C:\\xampp\\htdocs\\food\\public\\index.php')
CRITICAL - 2024-09-30 00:54:10 --> TypeError: App\Controllers\Admin\Usuarios::buscaUsuarioOu404(): Argument #1 ($id) must be of type ?int, string given, called in C:\xampp\htdocs\food\app\Controllers\Admin\Usuarios.php on line 56
[Method: GET, Route: admin/usuarios/show/images/logo-mini.svg]
in APPPATH\Controllers\Admin\Usuarios.php on line 140.
 1 APPPATH\Controllers\Admin\Usuarios.php(56): App\Controllers\Admin\Usuarios->buscaUsuarioOu404('images')
 2 SYSTEMPATH\CodeIgniter.php(933): App\Controllers\Admin\Usuarios->show('images', 'logo-mini.svg')
 3 SYSTEMPATH\CodeIgniter.php(509): CodeIgniter\CodeIgniter->runController(Object(App\Controllers\Admin\Usuarios))
 4 SYSTEMPATH\CodeIgniter.php(355): CodeIgniter\CodeIgniter->handleRequest(null, Object(Config\Cache), false)
 5 SYSTEMPATH\Boot.php(325): CodeIgniter\CodeIgniter->run()
 6 SYSTEMPATH\Boot.php(67): CodeIgniter\Boot::runCodeIgniter(Object(CodeIgniter\CodeIgniter))
 7 FCPATH\index.php(56): CodeIgniter\Boot::bootWeb(Object(Config\Paths))
 8 SYSTEMPATH\rewrite.php(44): require_once('C:\\xampp\\htdocs\\food\\public\\index.php')
CRITICAL - 2024-09-30 00:54:10 --> TypeError: App\Controllers\Admin\Usuarios::buscaUsuarioOu404(): Argument #1 ($id) must be of type ?int, string given, called in C:\xampp\htdocs\food\app\Controllers\Admin\Usuarios.php on line 56
[Method: GET, Route: admin/usuarios/show/images/faces/face4.jpg]
in APPPATH\Controllers\Admin\Usuarios.php on line 140.
 1 APPPATH\Controllers\Admin\Usuarios.php(56): App\Controllers\Admin\Usuarios->buscaUsuarioOu404('images')
 2 SYSTEMPATH\CodeIgniter.php(933): App\Controllers\Admin\Usuarios->show('images', 'faces', 'face4.jpg')
 3 SYSTEMPATH\CodeIgniter.php(509): CodeIgniter\CodeIgniter->runController(Object(App\Controllers\Admin\Usuarios))
 4 SYSTEMPATH\CodeIgniter.php(355): CodeIgniter\CodeIgniter->handleRequest(null, Object(Config\Cache), false)
 5 SYSTEMPATH\Boot.php(325): CodeIgniter\CodeIgniter->run()
 6 SYSTEMPATH\Boot.php(67): CodeIgniter\Boot::runCodeIgniter(Object(CodeIgniter\CodeIgniter))
 7 FCPATH\index.php(56): CodeIgniter\Boot::bootWeb(Object(Config\Paths))
 8 SYSTEMPATH\rewrite.php(44): require_once('C:\\xampp\\htdocs\\food\\public\\index.php')
CRITICAL - 2024-09-30 00:54:10 --> TypeError: App\Controllers\Admin\Usuarios::buscaUsuarioOu404(): Argument #1 ($id) must be of type ?int, string given, called in C:\xampp\htdocs\food\app\Controllers\Admin\Usuarios.php on line 56
[Method: GET, Route: admin/usuarios/show/images/faces/face2.jpg]
in APPPATH\Controllers\Admin\Usuarios.php on line 140.
 1 APPPATH\Controllers\Admin\Usuarios.php(56): App\Controllers\Admin\Usuarios->buscaUsuarioOu404('images')
 2 SYSTEMPATH\CodeIgniter.php(933): App\Controllers\Admin\Usuarios->show('images', 'faces', 'face2.jpg')
 3 SYSTEMPATH\CodeIgniter.php(509): CodeIgniter\CodeIgniter->runController(Object(App\Controllers\Admin\Usuarios))
 4 SYSTEMPATH\CodeIgniter.php(355): CodeIgniter\CodeIgniter->handleRequest(null, Object(Config\Cache), false)
 5 SYSTEMPATH\Boot.php(325): CodeIgniter\CodeIgniter->run()
 6 SYSTEMPATH\Boot.php(67): CodeIgniter\Boot::runCodeIgniter(Object(CodeIgniter\CodeIgniter))
 7 FCPATH\index.php(56): CodeIgniter\Boot::bootWeb(Object(Config\Paths))
 8 SYSTEMPATH\rewrite.php(44): require_once('C:\\xampp\\htdocs\\food\\public\\index.php')
CRITICAL - 2024-09-30 00:54:10 --> TypeError: App\Controllers\Admin\Usuarios::buscaUsuarioOu404(): Argument #1 ($id) must be of type ?int, string given, called in C:\xampp\htdocs\food\app\Controllers\Admin\Usuarios.php on line 56
[Method: GET, Route: admin/usuarios/show/images/faces/face3.jpg]
in APPPATH\Controllers\Admin\Usuarios.php on line 140.
 1 APPPATH\Controllers\Admin\Usuarios.php(56): App\Controllers\Admin\Usuarios->buscaUsuarioOu404('images')
 2 SYSTEMPATH\CodeIgniter.php(933): App\Controllers\Admin\Usuarios->show('images', 'faces', 'face3.jpg')
 3 SYSTEMPATH\CodeIgniter.php(509): CodeIgniter\CodeIgniter->runController(Object(App\Controllers\Admin\Usuarios))
 4 SYSTEMPATH\CodeIgniter.php(355): CodeIgniter\CodeIgniter->handleRequest(null, Object(Config\Cache), false)
 5 SYSTEMPATH\Boot.php(325): CodeIgniter\CodeIgniter->run()
 6 SYSTEMPATH\Boot.php(67): CodeIgniter\Boot::runCodeIgniter(Object(CodeIgniter\CodeIgniter))
 7 FCPATH\index.php(56): CodeIgniter\Boot::bootWeb(Object(Config\Paths))
 8 SYSTEMPATH\rewrite.php(44): require_once('C:\\xampp\\htdocs\\food\\public\\index.php')
CRITICAL - 2024-09-30 00:54:10 --> TypeError: App\Controllers\Admin\Usuarios::buscaUsuarioOu404(): Argument #1 ($id) must be of type ?int, string given, called in C:\xampp\htdocs\food\app\Controllers\Admin\Usuarios.php on line 56
[Method: GET, Route: admin/usuarios/show/images/faces/face5.jpg]
in APPPATH\Controllers\Admin\Usuarios.php on line 140.
 1 APPPATH\Controllers\Admin\Usuarios.php(56): App\Controllers\Admin\Usuarios->buscaUsuarioOu404('images')
 2 SYSTEMPATH\CodeIgniter.php(933): App\Controllers\Admin\Usuarios->show('images', 'faces', 'face5.jpg')
 3 SYSTEMPATH\CodeIgniter.php(509): CodeIgniter\CodeIgniter->runController(Object(App\Controllers\Admin\Usuarios))
 4 SYSTEMPATH\CodeIgniter.php(355): CodeIgniter\CodeIgniter->handleRequest(null, Object(Config\Cache), false)
 5 SYSTEMPATH\Boot.php(325): CodeIgniter\CodeIgniter->run()
 6 SYSTEMPATH\Boot.php(67): CodeIgniter\Boot::runCodeIgniter(Object(CodeIgniter\CodeIgniter))
 7 FCPATH\index.php(56): CodeIgniter\Boot::bootWeb(Object(Config\Paths))
 8 SYSTEMPATH\rewrite.php(44): require_once('C:\\xampp\\htdocs\\food\\public\\index.php')
INFO - 2024-09-30 00:54:43 --> Session: Class initialized using 'CodeIgniter\Session\Handlers\FileHandler' driver.
CRITICAL - 2024-09-30 00:54:43 --> TypeError: App\Controllers\Admin\Usuarios::buscaUsuarioOu404(): Argument #1 ($id) must be of type ?int, string given, called in C:\xampp\htdocs\food\app\Controllers\Admin\Usuarios.php on line 69
[Method: GET, Route: admin/usuarios/editar/images/logo.svg]
in APPPATH\Controllers\Admin\Usuarios.php on line 140.
 1 APPPATH\Controllers\Admin\Usuarios.php(69): App\Controllers\Admin\Usuarios->buscaUsuarioOu404('images')
 2 SYSTEMPATH\CodeIgniter.php(933): App\Controllers\Admin\Usuarios->editar('images', 'logo.svg')
 3 SYSTEMPATH\CodeIgniter.php(509): CodeIgniter\CodeIgniter->runController(Object(App\Controllers\Admin\Usuarios))
 4 SYSTEMPATH\CodeIgniter.php(355): CodeIgniter\CodeIgniter->handleRequest(null, Object(Config\Cache), false)
 5 SYSTEMPATH\Boot.php(325): CodeIgniter\CodeIgniter->run()
 6 SYSTEMPATH\Boot.php(67): CodeIgniter\Boot::runCodeIgniter(Object(CodeIgniter\CodeIgniter))
 7 FCPATH\index.php(56): CodeIgniter\Boot::bootWeb(Object(Config\Paths))
 8 SYSTEMPATH\rewrite.php(44): require_once('C:\\xampp\\htdocs\\food\\public\\index.php')
CRITICAL - 2024-09-30 00:54:43 --> TypeError: App\Controllers\Admin\Usuarios::buscaUsuarioOu404(): Argument #1 ($id) must be of type ?int, string given, called in C:\xampp\htdocs\food\app\Controllers\Admin\Usuarios.php on line 69
[Method: GET, Route: admin/usuarios/editar/images/logo-mini.svg]
in APPPATH\Controllers\Admin\Usuarios.php on line 140.
 1 APPPATH\Controllers\Admin\Usuarios.php(69): App\Controllers\Admin\Usuarios->buscaUsuarioOu404('images')
 2 SYSTEMPATH\CodeIgniter.php(933): App\Controllers\Admin\Usuarios->editar('images', 'logo-mini.svg')
 3 SYSTEMPATH\CodeIgniter.php(509): CodeIgniter\CodeIgniter->runController(Object(App\Controllers\Admin\Usuarios))
 4 SYSTEMPATH\CodeIgniter.php(355): CodeIgniter\CodeIgniter->handleRequest(null, Object(Config\Cache), false)
 5 SYSTEMPATH\Boot.php(325): CodeIgniter\CodeIgniter->run()
 6 SYSTEMPATH\Boot.php(67): CodeIgniter\Boot::runCodeIgniter(Object(CodeIgniter\CodeIgniter))
 7 FCPATH\index.php(56): CodeIgniter\Boot::bootWeb(Object(Config\Paths))
 8 SYSTEMPATH\rewrite.php(44): require_once('C:\\xampp\\htdocs\\food\\public\\index.php')
CRITICAL - 2024-09-30 00:54:43 --> TypeError: App\Controllers\Admin\Usuarios::buscaUsuarioOu404(): Argument #1 ($id) must be of type ?int, string given, called in C:\xampp\htdocs\food\app\Controllers\Admin\Usuarios.php on line 69
[Method: GET, Route: admin/usuarios/editar/images/faces/face4.jpg]
in APPPATH\Controllers\Admin\Usuarios.php on line 140.
 1 APPPATH\Controllers\Admin\Usuarios.php(69): App\Controllers\Admin\Usuarios->buscaUsuarioOu404('images')
 2 SYSTEMPATH\CodeIgniter.php(933): App\Controllers\Admin\Usuarios->editar('images', 'faces', 'face4.jpg')
 3 SYSTEMPATH\CodeIgniter.php(509): CodeIgniter\CodeIgniter->runController(Object(App\Controllers\Admin\Usuarios))
 4 SYSTEMPATH\CodeIgniter.php(355): CodeIgniter\CodeIgniter->handleRequest(null, Object(Config\Cache), false)
 5 SYSTEMPATH\Boot.php(325): CodeIgniter\CodeIgniter->run()
 6 SYSTEMPATH\Boot.php(67): CodeIgniter\Boot::runCodeIgniter(Object(CodeIgniter\CodeIgniter))
 7 FCPATH\index.php(56): CodeIgniter\Boot::bootWeb(Object(Config\Paths))
 8 SYSTEMPATH\rewrite.php(44): require_once('C:\\xampp\\htdocs\\food\\public\\index.php')
CRITICAL - 2024-09-30 00:54:43 --> TypeError: App\Controllers\Admin\Usuarios::buscaUsuarioOu404(): Argument #1 ($id) must be of type ?int, string given, called in C:\xampp\htdocs\food\app\Controllers\Admin\Usuarios.php on line 69
[Method: GET, Route: admin/usuarios/editar/images/faces/face2.jpg]
in APPPATH\Controllers\Admin\Usuarios.php on line 140.
 1 APPPATH\Controllers\Admin\Usuarios.php(69): App\Controllers\Admin\Usuarios->buscaUsuarioOu404('images')
 2 SYSTEMPATH\CodeIgniter.php(933): App\Controllers\Admin\Usuarios->editar('images', 'faces', 'face2.jpg')
 3 SYSTEMPATH\CodeIgniter.php(509): CodeIgniter\CodeIgniter->runController(Object(App\Controllers\Admin\Usuarios))
 4 SYSTEMPATH\CodeIgniter.php(355): CodeIgniter\CodeIgniter->handleRequest(null, Object(Config\Cache), false)
 5 SYSTEMPATH\Boot.php(325): CodeIgniter\CodeIgniter->run()
 6 SYSTEMPATH\Boot.php(67): CodeIgniter\Boot::runCodeIgniter(Object(CodeIgniter\CodeIgniter))
 7 FCPATH\index.php(56): CodeIgniter\Boot::bootWeb(Object(Config\Paths))
 8 SYSTEMPATH\rewrite.php(44): require_once('C:\\xampp\\htdocs\\food\\public\\index.php')
CRITICAL - 2024-09-30 00:54:43 --> TypeError: App\Controllers\Admin\Usuarios::buscaUsuarioOu404(): Argument #1 ($id) must be of type ?int, string given, called in C:\xampp\htdocs\food\app\Controllers\Admin\Usuarios.php on line 69
[Method: GET, Route: admin/usuarios/editar/images/faces/face3.jpg]
in APPPATH\Controllers\Admin\Usuarios.php on line 140.
 1 APPPATH\Controllers\Admin\Usuarios.php(69): App\Controllers\Admin\Usuarios->buscaUsuarioOu404('images')
 2 SYSTEMPATH\CodeIgniter.php(933): App\Controllers\Admin\Usuarios->editar('images', 'faces', 'face3.jpg')
 3 SYSTEMPATH\CodeIgniter.php(509): CodeIgniter\CodeIgniter->runController(Object(App\Controllers\Admin\Usuarios))
 4 SYSTEMPATH\CodeIgniter.php(355): CodeIgniter\CodeIgniter->handleRequest(null, Object(Config\Cache), false)
 5 SYSTEMPATH\Boot.php(325): CodeIgniter\CodeIgniter->run()
 6 SYSTEMPATH\Boot.php(67): CodeIgniter\Boot::runCodeIgniter(Object(CodeIgniter\CodeIgniter))
 7 FCPATH\index.php(56): CodeIgniter\Boot::bootWeb(Object(Config\Paths))
 8 SYSTEMPATH\rewrite.php(44): require_once('C:\\xampp\\htdocs\\food\\public\\index.php')
CRITICAL - 2024-09-30 00:54:44 --> TypeError: App\Controllers\Admin\Usuarios::buscaUsuarioOu404(): Argument #1 ($id) must be of type ?int, string given, called in C:\xampp\htdocs\food\app\Controllers\Admin\Usuarios.php on line 69
[Method: GET, Route: admin/usuarios/editar/images/faces/face5.jpg]
in APPPATH\Controllers\Admin\Usuarios.php on line 140.
 1 APPPATH\Controllers\Admin\Usuarios.php(69): App\Controllers\Admin\Usuarios->buscaUsuarioOu404('images')
 2 SYSTEMPATH\CodeIgniter.php(933): App\Controllers\Admin\Usuarios->editar('images', 'faces', 'face5.jpg')
 3 SYSTEMPATH\CodeIgniter.php(509): CodeIgniter\CodeIgniter->runController(Object(App\Controllers\Admin\Usuarios))
 4 SYSTEMPATH\CodeIgniter.php(355): CodeIgniter\CodeIgniter->handleRequest(null, Object(Config\Cache), false)
 5 SYSTEMPATH\Boot.php(325): CodeIgniter\CodeIgniter->run()
 6 SYSTEMPATH\Boot.php(67): CodeIgniter\Boot::runCodeIgniter(Object(CodeIgniter\CodeIgniter))
 7 FCPATH\index.php(56): CodeIgniter\Boot::bootWeb(Object(Config\Paths))
 8 SYSTEMPATH\rewrite.php(44): require_once('C:\\xampp\\htdocs\\food\\public\\index.php')
INFO - 2024-09-30 01:24:47 --> Session: Class initialized using 'CodeIgniter\Session\Handlers\FileHandler' driver.
CRITICAL - 2024-09-30 01:24:47 --> TypeError: App\Controllers\Admin\Usuarios::buscaUsuarioOu404(): Argument #1 ($id) must be of type ?int, string given, called in C:\xampp\htdocs\food\app\Controllers\Admin\Usuarios.php on line 68
[Method: GET, Route: admin/usuarios/editar/images/logo.svg]
in APPPATH\Controllers\Admin\Usuarios.php on line 139.
 1 APPPATH\Controllers\Admin\Usuarios.php(68): App\Controllers\Admin\Usuarios->buscaUsuarioOu404('images')
 2 SYSTEMPATH\CodeIgniter.php(933): App\Controllers\Admin\Usuarios->editar('images', 'logo.svg')
 3 SYSTEMPATH\CodeIgniter.php(509): CodeIgniter\CodeIgniter->runController(Object(App\Controllers\Admin\Usuarios))
 4 SYSTEMPATH\CodeIgniter.php(355): CodeIgniter\CodeIgniter->handleRequest(null, Object(Config\Cache), false)
 5 SYSTEMPATH\Boot.php(325): CodeIgniter\CodeIgniter->run()
 6 SYSTEMPATH\Boot.php(67): CodeIgniter\Boot::runCodeIgniter(Object(CodeIgniter\CodeIgniter))
 7 FCPATH\index.php(56): CodeIgniter\Boot::bootWeb(Object(Config\Paths))
 8 SYSTEMPATH\rewrite.php(44): require_once('C:\\xampp\\htdocs\\food\\public\\index.php')
CRITICAL - 2024-09-30 01:24:47 --> TypeError: App\Controllers\Admin\Usuarios::buscaUsuarioOu404(): Argument #1 ($id) must be of type ?int, string given, called in C:\xampp\htdocs\food\app\Controllers\Admin\Usuarios.php on line 68
[Method: GET, Route: admin/usuarios/editar/images/logo-mini.svg]
in APPPATH\Controllers\Admin\Usuarios.php on line 139.
 1 APPPATH\Controllers\Admin\Usuarios.php(68): App\Controllers\Admin\Usuarios->buscaUsuarioOu404('images')
 2 SYSTEMPATH\CodeIgniter.php(933): App\Controllers\Admin\Usuarios->editar('images', 'logo-mini.svg')
 3 SYSTEMPATH\CodeIgniter.php(509): CodeIgniter\CodeIgniter->runController(Object(App\Controllers\Admin\Usuarios))
 4 SYSTEMPATH\CodeIgniter.php(355): CodeIgniter\CodeIgniter->handleRequest(null, Object(Config\Cache), false)
 5 SYSTEMPATH\Boot.php(325): CodeIgniter\CodeIgniter->run()
 6 SYSTEMPATH\Boot.php(67): CodeIgniter\Boot::runCodeIgniter(Object(CodeIgniter\CodeIgniter))
 7 FCPATH\index.php(56): CodeIgniter\Boot::bootWeb(Object(Config\Paths))
 8 SYSTEMPATH\rewrite.php(44): require_once('C:\\xampp\\htdocs\\food\\public\\index.php')
CRITICAL - 2024-09-30 01:24:47 --> TypeError: App\Controllers\Admin\Usuarios::buscaUsuarioOu404(): Argument #1 ($id) must be of type ?int, string given, called in C:\xampp\htdocs\food\app\Controllers\Admin\Usuarios.php on line 68
[Method: GET, Route: admin/usuarios/editar/images/faces/face4.jpg]
in APPPATH\Controllers\Admin\Usuarios.php on line 139.
 1 APPPATH\Controllers\Admin\Usuarios.php(68): App\Controllers\Admin\Usuarios->buscaUsuarioOu404('images')
 2 SYSTEMPATH\CodeIgniter.php(933): App\Controllers\Admin\Usuarios->editar('images', 'faces', 'face4.jpg')
 3 SYSTEMPATH\CodeIgniter.php(509): CodeIgniter\CodeIgniter->runController(Object(App\Controllers\Admin\Usuarios))
 4 SYSTEMPATH\CodeIgniter.php(355): CodeIgniter\CodeIgniter->handleRequest(null, Object(Config\Cache), false)
 5 SYSTEMPATH\Boot.php(325): CodeIgniter\CodeIgniter->run()
 6 SYSTEMPATH\Boot.php(67): CodeIgniter\Boot::runCodeIgniter(Object(CodeIgniter\CodeIgniter))
 7 FCPATH\index.php(56): CodeIgniter\Boot::bootWeb(Object(Config\Paths))
 8 SYSTEMPATH\rewrite.php(44): require_once('C:\\xampp\\htdocs\\food\\public\\index.php')
CRITICAL - 2024-09-30 01:24:47 --> TypeError: App\Controllers\Admin\Usuarios::buscaUsuarioOu404(): Argument #1 ($id) must be of type ?int, string given, called in C:\xampp\htdocs\food\app\Controllers\Admin\Usuarios.php on line 68
[Method: GET, Route: admin/usuarios/editar/images/faces/face2.jpg]
in APPPATH\Controllers\Admin\Usuarios.php on line 139.
 1 APPPATH\Controllers\Admin\Usuarios.php(68): App\Controllers\Admin\Usuarios->buscaUsuarioOu404('images')
 2 SYSTEMPATH\CodeIgniter.php(933): App\Controllers\Admin\Usuarios->editar('images', 'faces', 'face2.jpg')
 3 SYSTEMPATH\CodeIgniter.php(509): CodeIgniter\CodeIgniter->runController(Object(App\Controllers\Admin\Usuarios))
 4 SYSTEMPATH\CodeIgniter.php(355): CodeIgniter\CodeIgniter->handleRequest(null, Object(Config\Cache), false)
 5 SYSTEMPATH\Boot.php(325): CodeIgniter\CodeIgniter->run()
 6 SYSTEMPATH\Boot.php(67): CodeIgniter\Boot::runCodeIgniter(Object(CodeIgniter\CodeIgniter))
 7 FCPATH\index.php(56): CodeIgniter\Boot::bootWeb(Object(Config\Paths))
 8 SYSTEMPATH\rewrite.php(44): require_once('C:\\xampp\\htdocs\\food\\public\\index.php')
CRITICAL - 2024-09-30 01:24:47 --> TypeError: App\Controllers\Admin\Usuarios::buscaUsuarioOu404(): Argument #1 ($id) must be of type ?int, string given, called in C:\xampp\htdocs\food\app\Controllers\Admin\Usuarios.php on line 68
[Method: GET, Route: admin/usuarios/editar/images/faces/face3.jpg]
in APPPATH\Controllers\Admin\Usuarios.php on line 139.
 1 APPPATH\Controllers\Admin\Usuarios.php(68): App\Controllers\Admin\Usuarios->buscaUsuarioOu404('images')
 2 SYSTEMPATH\CodeIgniter.php(933): App\Controllers\Admin\Usuarios->editar('images', 'faces', 'face3.jpg')
 3 SYSTEMPATH\CodeIgniter.php(509): CodeIgniter\CodeIgniter->runController(Object(App\Controllers\Admin\Usuarios))
 4 SYSTEMPATH\CodeIgniter.php(355): CodeIgniter\CodeIgniter->handleRequest(null, Object(Config\Cache), false)
 5 SYSTEMPATH\Boot.php(325): CodeIgniter\CodeIgniter->run()
 6 SYSTEMPATH\Boot.php(67): CodeIgniter\Boot::runCodeIgniter(Object(CodeIgniter\CodeIgniter))
 7 FCPATH\index.php(56): CodeIgniter\Boot::bootWeb(Object(Config\Paths))
 8 SYSTEMPATH\rewrite.php(44): require_once('C:\\xampp\\htdocs\\food\\public\\index.php')
CRITICAL - 2024-09-30 01:24:47 --> TypeError: App\Controllers\Admin\Usuarios::buscaUsuarioOu404(): Argument #1 ($id) must be of type ?int, string given, called in C:\xampp\htdocs\food\app\Controllers\Admin\Usuarios.php on line 68
[Method: GET, Route: admin/usuarios/editar/images/faces/face5.jpg]
in APPPATH\Controllers\Admin\Usuarios.php on line 139.
 1 APPPATH\Controllers\Admin\Usuarios.php(68): App\Controllers\Admin\Usuarios->buscaUsuarioOu404('images')
 2 SYSTEMPATH\CodeIgniter.php(933): App\Controllers\Admin\Usuarios->editar('images', 'faces', 'face5.jpg')
 3 SYSTEMPATH\CodeIgniter.php(509): CodeIgniter\CodeIgniter->runController(Object(App\Controllers\Admin\Usuarios))
 4 SYSTEMPATH\CodeIgniter.php(355): CodeIgniter\CodeIgniter->handleRequest(null, Object(Config\Cache), false)
 5 SYSTEMPATH\Boot.php(325): CodeIgniter\CodeIgniter->run()
 6 SYSTEMPATH\Boot.php(67): CodeIgniter\Boot::runCodeIgniter(Object(CodeIgniter\CodeIgniter))
 7 FCPATH\index.php(56): CodeIgniter\Boot::bootWeb(Object(Config\Paths))
 8 SYSTEMPATH\rewrite.php(44): require_once('C:\\xampp\\htdocs\\food\\public\\index.php')
INFO - 2024-09-30 01:26:36 --> Session: Class initialized using 'CodeIgniter\Session\Handlers\FileHandler' driver.
CRITICAL - 2024-09-30 01:26:37 --> TypeError: App\Controllers\Admin\Usuarios::buscaUsuarioOu404(): Argument #1 ($id) must be of type ?int, string given, called in C:\xampp\htdocs\food\app\Controllers\Admin\Usuarios.php on line 68
[Method: GET, Route: admin/usuarios/editar/images/logo.svg]
in APPPATH\Controllers\Admin\Usuarios.php on line 139.
 1 APPPATH\Controllers\Admin\Usuarios.php(68): App\Controllers\Admin\Usuarios->buscaUsuarioOu404('images')
 2 SYSTEMPATH\CodeIgniter.php(933): App\Controllers\Admin\Usuarios->editar('images', 'logo.svg')
 3 SYSTEMPATH\CodeIgniter.php(509): CodeIgniter\CodeIgniter->runController(Object(App\Controllers\Admin\Usuarios))
 4 SYSTEMPATH\CodeIgniter.php(355): CodeIgniter\CodeIgniter->handleRequest(null, Object(Config\Cache), false)
 5 SYSTEMPATH\Boot.php(325): CodeIgniter\CodeIgniter->run()
 6 SYSTEMPATH\Boot.php(67): CodeIgniter\Boot::runCodeIgniter(Object(CodeIgniter\CodeIgniter))
 7 FCPATH\index.php(56): CodeIgniter\Boot::bootWeb(Object(Config\Paths))
 8 SYSTEMPATH\rewrite.php(44): require_once('C:\\xampp\\htdocs\\food\\public\\index.php')
CRITICAL - 2024-09-30 01:26:37 --> TypeError: App\Controllers\Admin\Usuarios::buscaUsuarioOu404(): Argument #1 ($id) must be of type ?int, string given, called in C:\xampp\htdocs\food\app\Controllers\Admin\Usuarios.php on line 68
[Method: GET, Route: admin/usuarios/editar/images/logo-mini.svg]
in APPPATH\Controllers\Admin\Usuarios.php on line 139.
 1 APPPATH\Controllers\Admin\Usuarios.php(68): App\Controllers\Admin\Usuarios->buscaUsuarioOu404('images')
 2 SYSTEMPATH\CodeIgniter.php(933): App\Controllers\Admin\Usuarios->editar('images', 'logo-mini.svg')
 3 SYSTEMPATH\CodeIgniter.php(509): CodeIgniter\CodeIgniter->runController(Object(App\Controllers\Admin\Usuarios))
 4 SYSTEMPATH\CodeIgniter.php(355): CodeIgniter\CodeIgniter->handleRequest(null, Object(Config\Cache), false)
 5 SYSTEMPATH\Boot.php(325): CodeIgniter\CodeIgniter->run()
 6 SYSTEMPATH\Boot.php(67): CodeIgniter\Boot::runCodeIgniter(Object(CodeIgniter\CodeIgniter))
 7 FCPATH\index.php(56): CodeIgniter\Boot::bootWeb(Object(Config\Paths))
 8 SYSTEMPATH\rewrite.php(44): require_once('C:\\xampp\\htdocs\\food\\public\\index.php')
CRITICAL - 2024-09-30 01:26:37 --> TypeError: App\Controllers\Admin\Usuarios::buscaUsuarioOu404(): Argument #1 ($id) must be of type ?int, string given, called in C:\xampp\htdocs\food\app\Controllers\Admin\Usuarios.php on line 68
[Method: GET, Route: admin/usuarios/editar/images/faces/face4.jpg]
in APPPATH\Controllers\Admin\Usuarios.php on line 139.
 1 APPPATH\Controllers\Admin\Usuarios.php(68): App\Controllers\Admin\Usuarios->buscaUsuarioOu404('images')
 2 SYSTEMPATH\CodeIgniter.php(933): App\Controllers\Admin\Usuarios->editar('images', 'faces', 'face4.jpg')
 3 SYSTEMPATH\CodeIgniter.php(509): CodeIgniter\CodeIgniter->runController(Object(App\Controllers\Admin\Usuarios))
 4 SYSTEMPATH\CodeIgniter.php(355): CodeIgniter\CodeIgniter->handleRequest(null, Object(Config\Cache), false)
 5 SYSTEMPATH\Boot.php(325): CodeIgniter\CodeIgniter->run()
 6 SYSTEMPATH\Boot.php(67): CodeIgniter\Boot::runCodeIgniter(Object(CodeIgniter\CodeIgniter))
 7 FCPATH\index.php(56): CodeIgniter\Boot::bootWeb(Object(Config\Paths))
 8 SYSTEMPATH\rewrite.php(44): require_once('C:\\xampp\\htdocs\\food\\public\\index.php')
CRITICAL - 2024-09-30 01:26:37 --> TypeError: App\Controllers\Admin\Usuarios::buscaUsuarioOu404(): Argument #1 ($id) must be of type ?int, string given, called in C:\xampp\htdocs\food\app\Controllers\Admin\Usuarios.php on line 68
[Method: GET, Route: admin/usuarios/editar/images/faces/face2.jpg]
in APPPATH\Controllers\Admin\Usuarios.php on line 139.
 1 APPPATH\Controllers\Admin\Usuarios.php(68): App\Controllers\Admin\Usuarios->buscaUsuarioOu404('images')
 2 SYSTEMPATH\CodeIgniter.php(933): App\Controllers\Admin\Usuarios->editar('images', 'faces', 'face2.jpg')
 3 SYSTEMPATH\CodeIgniter.php(509): CodeIgniter\CodeIgniter->runController(Object(App\Controllers\Admin\Usuarios))
 4 SYSTEMPATH\CodeIgniter.php(355): CodeIgniter\CodeIgniter->handleRequest(null, Object(Config\Cache), false)
 5 SYSTEMPATH\Boot.php(325): CodeIgniter\CodeIgniter->run()
 6 SYSTEMPATH\Boot.php(67): CodeIgniter\Boot::runCodeIgniter(Object(CodeIgniter\CodeIgniter))
 7 FCPATH\index.php(56): CodeIgniter\Boot::bootWeb(Object(Config\Paths))
 8 SYSTEMPATH\rewrite.php(44): require_once('C:\\xampp\\htdocs\\food\\public\\index.php')
CRITICAL - 2024-09-30 01:26:37 --> TypeError: App\Controllers\Admin\Usuarios::buscaUsuarioOu404(): Argument #1 ($id) must be of type ?int, string given, called in C:\xampp\htdocs\food\app\Controllers\Admin\Usuarios.php on line 68
[Method: GET, Route: admin/usuarios/editar/images/faces/face3.jpg]
in APPPATH\Controllers\Admin\Usuarios.php on line 139.
 1 APPPATH\Controllers\Admin\Usuarios.php(68): App\Controllers\Admin\Usuarios->buscaUsuarioOu404('images')
 2 SYSTEMPATH\CodeIgniter.php(933): App\Controllers\Admin\Usuarios->editar('images', 'faces', 'face3.jpg')
 3 SYSTEMPATH\CodeIgniter.php(509): CodeIgniter\CodeIgniter->runController(Object(App\Controllers\Admin\Usuarios))
 4 SYSTEMPATH\CodeIgniter.php(355): CodeIgniter\CodeIgniter->handleRequest(null, Object(Config\Cache), false)
 5 SYSTEMPATH\Boot.php(325): CodeIgniter\CodeIgniter->run()
 6 SYSTEMPATH\Boot.php(67): CodeIgniter\Boot::runCodeIgniter(Object(CodeIgniter\CodeIgniter))
 7 FCPATH\index.php(56): CodeIgniter\Boot::bootWeb(Object(Config\Paths))
 8 SYSTEMPATH\rewrite.php(44): require_once('C:\\xampp\\htdocs\\food\\public\\index.php')
CRITICAL - 2024-09-30 01:26:37 --> TypeError: App\Controllers\Admin\Usuarios::buscaUsuarioOu404(): Argument #1 ($id) must be of type ?int, string given, called in C:\xampp\htdocs\food\app\Controllers\Admin\Usuarios.php on line 68
[Method: GET, Route: admin/usuarios/editar/images/faces/face5.jpg]
in APPPATH\Controllers\Admin\Usuarios.php on line 139.
 1 APPPATH\Controllers\Admin\Usuarios.php(68): App\Controllers\Admin\Usuarios->buscaUsuarioOu404('images')
 2 SYSTEMPATH\CodeIgniter.php(933): App\Controllers\Admin\Usuarios->editar('images', 'faces', 'face5.jpg')
 3 SYSTEMPATH\CodeIgniter.php(509): CodeIgniter\CodeIgniter->runController(Object(App\Controllers\Admin\Usuarios))
 4 SYSTEMPATH\CodeIgniter.php(355): CodeIgniter\CodeIgniter->handleRequest(null, Object(Config\Cache), false)
 5 SYSTEMPATH\Boot.php(325): CodeIgniter\CodeIgniter->run()
 6 SYSTEMPATH\Boot.php(67): CodeIgniter\Boot::runCodeIgniter(Object(CodeIgniter\CodeIgniter))
 7 FCPATH\index.php(56): CodeIgniter\Boot::bootWeb(Object(Config\Paths))
 8 SYSTEMPATH\rewrite.php(44): require_once('C:\\xampp\\htdocs\\food\\public\\index.php')
INFO - 2024-09-30 01:26:55 --> CSRF token verified.
INFO - 2024-09-30 01:26:55 --> Session: Class initialized using 'CodeIgniter\Session\Handlers\FileHandler' driver.
INFO - 2024-09-30 01:26:56 --> Session: Class initialized using 'CodeIgniter\Session\Handlers\FileHandler' driver.
CRITICAL - 2024-09-30 01:26:56 --> TypeError: App\Controllers\Admin\Usuarios::buscaUsuarioOu404(): Argument #1 ($id) must be of type ?int, string given, called in C:\xampp\htdocs\food\app\Controllers\Admin\Usuarios.php on line 68
[Method: GET, Route: admin/usuarios/editar/images/logo.svg]
in APPPATH\Controllers\Admin\Usuarios.php on line 139.
 1 APPPATH\Controllers\Admin\Usuarios.php(68): App\Controllers\Admin\Usuarios->buscaUsuarioOu404('images')
 2 SYSTEMPATH\CodeIgniter.php(933): App\Controllers\Admin\Usuarios->editar('images', 'logo.svg')
 3 SYSTEMPATH\CodeIgniter.php(509): CodeIgniter\CodeIgniter->runController(Object(App\Controllers\Admin\Usuarios))
 4 SYSTEMPATH\CodeIgniter.php(355): CodeIgniter\CodeIgniter->handleRequest(null, Object(Config\Cache), false)
 5 SYSTEMPATH\Boot.php(325): CodeIgniter\CodeIgniter->run()
 6 SYSTEMPATH\Boot.php(67): CodeIgniter\Boot::runCodeIgniter(Object(CodeIgniter\CodeIgniter))
 7 FCPATH\index.php(56): CodeIgniter\Boot::bootWeb(Object(Config\Paths))
 8 SYSTEMPATH\rewrite.php(44): require_once('C:\\xampp\\htdocs\\food\\public\\index.php')
CRITICAL - 2024-09-30 01:26:56 --> TypeError: App\Controllers\Admin\Usuarios::buscaUsuarioOu404(): Argument #1 ($id) must be of type ?int, string given, called in C:\xampp\htdocs\food\app\Controllers\Admin\Usuarios.php on line 68
[Method: GET, Route: admin/usuarios/editar/images/logo-mini.svg]
in APPPATH\Controllers\Admin\Usuarios.php on line 139.
 1 APPPATH\Controllers\Admin\Usuarios.php(68): App\Controllers\Admin\Usuarios->buscaUsuarioOu404('images')
 2 SYSTEMPATH\CodeIgniter.php(933): App\Controllers\Admin\Usuarios->editar('images', 'logo-mini.svg')
 3 SYSTEMPATH\CodeIgniter.php(509): CodeIgniter\CodeIgniter->runController(Object(App\Controllers\Admin\Usuarios))
 4 SYSTEMPATH\CodeIgniter.php(355): CodeIgniter\CodeIgniter->handleRequest(null, Object(Config\Cache), false)
 5 SYSTEMPATH\Boot.php(325): CodeIgniter\CodeIgniter->run()
 6 SYSTEMPATH\Boot.php(67): CodeIgniter\Boot::runCodeIgniter(Object(CodeIgniter\CodeIgniter))
 7 FCPATH\index.php(56): CodeIgniter\Boot::bootWeb(Object(Config\Paths))
 8 SYSTEMPATH\rewrite.php(44): require_once('C:\\xampp\\htdocs\\food\\public\\index.php')
CRITICAL - 2024-09-30 01:26:56 --> TypeError: App\Controllers\Admin\Usuarios::buscaUsuarioOu404(): Argument #1 ($id) must be of type ?int, string given, called in C:\xampp\htdocs\food\app\Controllers\Admin\Usuarios.php on line 68
[Method: GET, Route: admin/usuarios/editar/images/faces/face4.jpg]
in APPPATH\Controllers\Admin\Usuarios.php on line 139.
 1 APPPATH\Controllers\Admin\Usuarios.php(68): App\Controllers\Admin\Usuarios->buscaUsuarioOu404('images')
 2 SYSTEMPATH\CodeIgniter.php(933): App\Controllers\Admin\Usuarios->editar('images', 'faces', 'face4.jpg')
 3 SYSTEMPATH\CodeIgniter.php(509): CodeIgniter\CodeIgniter->runController(Object(App\Controllers\Admin\Usuarios))
 4 SYSTEMPATH\CodeIgniter.php(355): CodeIgniter\CodeIgniter->handleRequest(null, Object(Config\Cache), false)
 5 SYSTEMPATH\Boot.php(325): CodeIgniter\CodeIgniter->run()
 6 SYSTEMPATH\Boot.php(67): CodeIgniter\Boot::runCodeIgniter(Object(CodeIgniter\CodeIgniter))
 7 FCPATH\index.php(56): CodeIgniter\Boot::bootWeb(Object(Config\Paths))
 8 SYSTEMPATH\rewrite.php(44): require_once('C:\\xampp\\htdocs\\food\\public\\index.php')
CRITICAL - 2024-09-30 01:26:56 --> TypeError: App\Controllers\Admin\Usuarios::buscaUsuarioOu404(): Argument #1 ($id) must be of type ?int, string given, called in C:\xampp\htdocs\food\app\Controllers\Admin\Usuarios.php on line 68
[Method: GET, Route: admin/usuarios/editar/images/faces/face2.jpg]
in APPPATH\Controllers\Admin\Usuarios.php on line 139.
 1 APPPATH\Controllers\Admin\Usuarios.php(68): App\Controllers\Admin\Usuarios->buscaUsuarioOu404('images')
 2 SYSTEMPATH\CodeIgniter.php(933): App\Controllers\Admin\Usuarios->editar('images', 'faces', 'face2.jpg')
 3 SYSTEMPATH\CodeIgniter.php(509): CodeIgniter\CodeIgniter->runController(Object(App\Controllers\Admin\Usuarios))
 4 SYSTEMPATH\CodeIgniter.php(355): CodeIgniter\CodeIgniter->handleRequest(null, Object(Config\Cache), false)
 5 SYSTEMPATH\Boot.php(325): CodeIgniter\CodeIgniter->run()
 6 SYSTEMPATH\Boot.php(67): CodeIgniter\Boot::runCodeIgniter(Object(CodeIgniter\CodeIgniter))
 7 FCPATH\index.php(56): CodeIgniter\Boot::bootWeb(Object(Config\Paths))
 8 SYSTEMPATH\rewrite.php(44): require_once('C:\\xampp\\htdocs\\food\\public\\index.php')
CRITICAL - 2024-09-30 01:26:56 --> TypeError: App\Controllers\Admin\Usuarios::buscaUsuarioOu404(): Argument #1 ($id) must be of type ?int, string given, called in C:\xampp\htdocs\food\app\Controllers\Admin\Usuarios.php on line 68
[Method: GET, Route: admin/usuarios/editar/images/faces/face3.jpg]
in APPPATH\Controllers\Admin\Usuarios.php on line 139.
 1 APPPATH\Controllers\Admin\Usuarios.php(68): App\Controllers\Admin\Usuarios->buscaUsuarioOu404('images')
 2 SYSTEMPATH\CodeIgniter.php(933): App\Controllers\Admin\Usuarios->editar('images', 'faces', 'face3.jpg')
 3 SYSTEMPATH\CodeIgniter.php(509): CodeIgniter\CodeIgniter->runController(Object(App\Controllers\Admin\Usuarios))
 4 SYSTEMPATH\CodeIgniter.php(355): CodeIgniter\CodeIgniter->handleRequest(null, Object(Config\Cache), false)
 5 SYSTEMPATH\Boot.php(325): CodeIgniter\CodeIgniter->run()
 6 SYSTEMPATH\Boot.php(67): CodeIgniter\Boot::runCodeIgniter(Object(CodeIgniter\CodeIgniter))
 7 FCPATH\index.php(56): CodeIgniter\Boot::bootWeb(Object(Config\Paths))
 8 SYSTEMPATH\rewrite.php(44): require_once('C:\\xampp\\htdocs\\food\\public\\index.php')
CRITICAL - 2024-09-30 01:26:56 --> TypeError: App\Controllers\Admin\Usuarios::buscaUsuarioOu404(): Argument #1 ($id) must be of type ?int, string given, called in C:\xampp\htdocs\food\app\Controllers\Admin\Usuarios.php on line 68
[Method: GET, Route: admin/usuarios/editar/images/faces/face5.jpg]
in APPPATH\Controllers\Admin\Usuarios.php on line 139.
 1 APPPATH\Controllers\Admin\Usuarios.php(68): App\Controllers\Admin\Usuarios->buscaUsuarioOu404('images')
 2 SYSTEMPATH\CodeIgniter.php(933): App\Controllers\Admin\Usuarios->editar('images', 'faces', 'face5.jpg')
 3 SYSTEMPATH\CodeIgniter.php(509): CodeIgniter\CodeIgniter->runController(Object(App\Controllers\Admin\Usuarios))
 4 SYSTEMPATH\CodeIgniter.php(355): CodeIgniter\CodeIgniter->handleRequest(null, Object(Config\Cache), false)
 5 SYSTEMPATH\Boot.php(325): CodeIgniter\CodeIgniter->run()
 6 SYSTEMPATH\Boot.php(67): CodeIgniter\Boot::runCodeIgniter(Object(CodeIgniter\CodeIgniter))
 7 FCPATH\index.php(56): CodeIgniter\Boot::bootWeb(Object(Config\Paths))
 8 SYSTEMPATH\rewrite.php(44): require_once('C:\\xampp\\htdocs\\food\\public\\index.php')
INFO - 2024-09-30 01:29:01 --> Session: Class initialized using 'CodeIgniter\Session\Handlers\FileHandler' driver.
CRITICAL - 2024-09-30 01:29:02 --> TypeError: App\Controllers\Admin\Usuarios::buscaUsuarioOu404(): Argument #1 ($id) must be of type ?int, string given, called in C:\xampp\htdocs\food\app\Controllers\Admin\Usuarios.php on line 68
[Method: GET, Route: admin/usuarios/editar/images/logo.svg]
in APPPATH\Controllers\Admin\Usuarios.php on line 139.
 1 APPPATH\Controllers\Admin\Usuarios.php(68): App\Controllers\Admin\Usuarios->buscaUsuarioOu404('images')
 2 SYSTEMPATH\CodeIgniter.php(933): App\Controllers\Admin\Usuarios->editar('images', 'logo.svg')
 3 SYSTEMPATH\CodeIgniter.php(509): CodeIgniter\CodeIgniter->runController(Object(App\Controllers\Admin\Usuarios))
 4 SYSTEMPATH\CodeIgniter.php(355): CodeIgniter\CodeIgniter->handleRequest(null, Object(Config\Cache), false)
 5 SYSTEMPATH\Boot.php(325): CodeIgniter\CodeIgniter->run()
 6 SYSTEMPATH\Boot.php(67): CodeIgniter\Boot::runCodeIgniter(Object(CodeIgniter\CodeIgniter))
 7 FCPATH\index.php(56): CodeIgniter\Boot::bootWeb(Object(Config\Paths))
 8 SYSTEMPATH\rewrite.php(44): require_once('C:\\xampp\\htdocs\\food\\public\\index.php')
CRITICAL - 2024-09-30 01:29:02 --> TypeError: App\Controllers\Admin\Usuarios::buscaUsuarioOu404(): Argument #1 ($id) must be of type ?int, string given, called in C:\xampp\htdocs\food\app\Controllers\Admin\Usuarios.php on line 68
[Method: GET, Route: admin/usuarios/editar/images/logo-mini.svg]
in APPPATH\Controllers\Admin\Usuarios.php on line 139.
 1 APPPATH\Controllers\Admin\Usuarios.php(68): App\Controllers\Admin\Usuarios->buscaUsuarioOu404('images')
 2 SYSTEMPATH\CodeIgniter.php(933): App\Controllers\Admin\Usuarios->editar('images', 'logo-mini.svg')
 3 SYSTEMPATH\CodeIgniter.php(509): CodeIgniter\CodeIgniter->runController(Object(App\Controllers\Admin\Usuarios))
 4 SYSTEMPATH\CodeIgniter.php(355): CodeIgniter\CodeIgniter->handleRequest(null, Object(Config\Cache), false)
 5 SYSTEMPATH\Boot.php(325): CodeIgniter\CodeIgniter->run()
 6 SYSTEMPATH\Boot.php(67): CodeIgniter\Boot::runCodeIgniter(Object(CodeIgniter\CodeIgniter))
 7 FCPATH\index.php(56): CodeIgniter\Boot::bootWeb(Object(Config\Paths))
 8 SYSTEMPATH\rewrite.php(44): require_once('C:\\xampp\\htdocs\\food\\public\\index.php')
CRITICAL - 2024-09-30 01:29:02 --> TypeError: App\Controllers\Admin\Usuarios::buscaUsuarioOu404(): Argument #1 ($id) must be of type ?int, string given, called in C:\xampp\htdocs\food\app\Controllers\Admin\Usuarios.php on line 68
[Method: GET, Route: admin/usuarios/editar/images/faces/face4.jpg]
in APPPATH\Controllers\Admin\Usuarios.php on line 139.
 1 APPPATH\Controllers\Admin\Usuarios.php(68): App\Controllers\Admin\Usuarios->buscaUsuarioOu404('images')
 2 SYSTEMPATH\CodeIgniter.php(933): App\Controllers\Admin\Usuarios->editar('images', 'faces', 'face4.jpg')
 3 SYSTEMPATH\CodeIgniter.php(509): CodeIgniter\CodeIgniter->runController(Object(App\Controllers\Admin\Usuarios))
 4 SYSTEMPATH\CodeIgniter.php(355): CodeIgniter\CodeIgniter->handleRequest(null, Object(Config\Cache), false)
 5 SYSTEMPATH\Boot.php(325): CodeIgniter\CodeIgniter->run()
 6 SYSTEMPATH\Boot.php(67): CodeIgniter\Boot::runCodeIgniter(Object(CodeIgniter\CodeIgniter))
 7 FCPATH\index.php(56): CodeIgniter\Boot::bootWeb(Object(Config\Paths))
 8 SYSTEMPATH\rewrite.php(44): require_once('C:\\xampp\\htdocs\\food\\public\\index.php')
CRITICAL - 2024-09-30 01:29:02 --> TypeError: App\Controllers\Admin\Usuarios::buscaUsuarioOu404(): Argument #1 ($id) must be of type ?int, string given, called in C:\xampp\htdocs\food\app\Controllers\Admin\Usuarios.php on line 68
[Method: GET, Route: admin/usuarios/editar/images/faces/face2.jpg]
in APPPATH\Controllers\Admin\Usuarios.php on line 139.
 1 APPPATH\Controllers\Admin\Usuarios.php(68): App\Controllers\Admin\Usuarios->buscaUsuarioOu404('images')
 2 SYSTEMPATH\CodeIgniter.php(933): App\Controllers\Admin\Usuarios->editar('images', 'faces', 'face2.jpg')
 3 SYSTEMPATH\CodeIgniter.php(509): CodeIgniter\CodeIgniter->runController(Object(App\Controllers\Admin\Usuarios))
 4 SYSTEMPATH\CodeIgniter.php(355): CodeIgniter\CodeIgniter->handleRequest(null, Object(Config\Cache), false)
 5 SYSTEMPATH\Boot.php(325): CodeIgniter\CodeIgniter->run()
 6 SYSTEMPATH\Boot.php(67): CodeIgniter\Boot::runCodeIgniter(Object(CodeIgniter\CodeIgniter))
 7 FCPATH\index.php(56): CodeIgniter\Boot::bootWeb(Object(Config\Paths))
 8 SYSTEMPATH\rewrite.php(44): require_once('C:\\xampp\\htdocs\\food\\public\\index.php')
CRITICAL - 2024-09-30 01:29:02 --> TypeError: App\Controllers\Admin\Usuarios::buscaUsuarioOu404(): Argument #1 ($id) must be of type ?int, string given, called in C:\xampp\htdocs\food\app\Controllers\Admin\Usuarios.php on line 68
[Method: GET, Route: admin/usuarios/editar/images/faces/face3.jpg]
in APPPATH\Controllers\Admin\Usuarios.php on line 139.
 1 APPPATH\Controllers\Admin\Usuarios.php(68): App\Controllers\Admin\Usuarios->buscaUsuarioOu404('images')
 2 SYSTEMPATH\CodeIgniter.php(933): App\Controllers\Admin\Usuarios->editar('images', 'faces', 'face3.jpg')
 3 SYSTEMPATH\CodeIgniter.php(509): CodeIgniter\CodeIgniter->runController(Object(App\Controllers\Admin\Usuarios))
 4 SYSTEMPATH\CodeIgniter.php(355): CodeIgniter\CodeIgniter->handleRequest(null, Object(Config\Cache), false)
 5 SYSTEMPATH\Boot.php(325): CodeIgniter\CodeIgniter->run()
 6 SYSTEMPATH\Boot.php(67): CodeIgniter\Boot::runCodeIgniter(Object(CodeIgniter\CodeIgniter))
 7 FCPATH\index.php(56): CodeIgniter\Boot::bootWeb(Object(Config\Paths))
 8 SYSTEMPATH\rewrite.php(44): require_once('C:\\xampp\\htdocs\\food\\public\\index.php')
CRITICAL - 2024-09-30 01:29:02 --> TypeError: App\Controllers\Admin\Usuarios::buscaUsuarioOu404(): Argument #1 ($id) must be of type ?int, string given, called in C:\xampp\htdocs\food\app\Controllers\Admin\Usuarios.php on line 68
[Method: GET, Route: admin/usuarios/editar/images/faces/face5.jpg]
in APPPATH\Controllers\Admin\Usuarios.php on line 139.
 1 APPPATH\Controllers\Admin\Usuarios.php(68): App\Controllers\Admin\Usuarios->buscaUsuarioOu404('images')
 2 SYSTEMPATH\CodeIgniter.php(933): App\Controllers\Admin\Usuarios->editar('images', 'faces', 'face5.jpg')
 3 SYSTEMPATH\CodeIgniter.php(509): CodeIgniter\CodeIgniter->runController(Object(App\Controllers\Admin\Usuarios))
 4 SYSTEMPATH\CodeIgniter.php(355): CodeIgniter\CodeIgniter->handleRequest(null, Object(Config\Cache), false)
 5 SYSTEMPATH\Boot.php(325): CodeIgniter\CodeIgniter->run()
 6 SYSTEMPATH\Boot.php(67): CodeIgniter\Boot::runCodeIgniter(Object(CodeIgniter\CodeIgniter))
 7 FCPATH\index.php(56): CodeIgniter\Boot::bootWeb(Object(Config\Paths))
 8 SYSTEMPATH\rewrite.php(44): require_once('C:\\xampp\\htdocs\\food\\public\\index.php')
