CRITICAL - 2024-09-13 23:46:35 --> TypeError: App\Controllers\Admin\Usuarios::buscaUsuarioOu404(): Argument #1 ($id) must be of type ?int, string given, called in C:\xampp\htdocs\food\app\Controllers\Admin\Usuarios.php on line 52
[Method: GET, Route: admin/usuarios/show/images/logo.svg]
in APPPATH\Controllers\Admin\Usuarios.php on line 74.
 1 APPPATH\Controllers\Admin\Usuarios.php(52): App\Controllers\Admin\Usuarios->buscaUsuarioOu404('images')
 2 SYSTEMPATH\CodeIgniter.php(933): App\Controllers\Admin\Usuarios->show('images', 'logo.svg')
 3 SYSTEMPATH\CodeIgniter.php(509): CodeIgniter\CodeIgniter->runController(Object(App\Controllers\Admin\Usuarios))
 4 SYSTEMPATH\CodeIgniter.php(355): CodeIgniter\CodeIgniter->handleRequest(null, Object(Config\Cache), false)
 5 SYSTEMPATH\Boot.php(325): CodeIgniter\CodeIgniter->run()
 6 SYSTEMPATH\Boot.php(67): CodeIgniter\Boot::runCodeIgniter(Object(CodeIgniter\CodeIgniter))
 7 FCPATH\index.php(56): CodeIgniter\Boot::bootWeb(Object(Config\Paths))
 8 SYSTEMPATH\rewrite.php(44): require_once('C:\\xampp\\htdocs\\food\\public\\index.php')
CRITICAL - 2024-09-13 23:46:35 --> TypeError: App\Controllers\Admin\Usuarios::buscaUsuarioOu404(): Argument #1 ($id) must be of type ?int, string given, called in C:\xampp\htdocs\food\app\Controllers\Admin\Usuarios.php on line 52
[Method: GET, Route: admin/usuarios/show/images/logo-mini.svg]
in APPPATH\Controllers\Admin\Usuarios.php on line 74.
 1 APPPATH\Controllers\Admin\Usuarios.php(52): App\Controllers\Admin\Usuarios->buscaUsuarioOu404('images')
 2 SYSTEMPATH\CodeIgniter.php(933): App\Controllers\Admin\Usuarios->show('images', 'logo-mini.svg')
 3 SYSTEMPATH\CodeIgniter.php(509): CodeIgniter\CodeIgniter->runController(Object(App\Controllers\Admin\Usuarios))
 4 SYSTEMPATH\CodeIgniter.php(355): CodeIgniter\CodeIgniter->handleRequest(null, Object(Config\Cache), false)
 5 SYSTEMPATH\Boot.php(325): CodeIgniter\CodeIgniter->run()
 6 SYSTEMPATH\Boot.php(67): CodeIgniter\Boot::runCodeIgniter(Object(CodeIgniter\CodeIgniter))
 7 FCPATH\index.php(56): CodeIgniter\Boot::bootWeb(Object(Config\Paths))
 8 SYSTEMPATH\rewrite.php(44): require_once('C:\\xampp\\htdocs\\food\\public\\index.php')
CRITICAL - 2024-09-13 23:46:36 --> TypeError: App\Controllers\Admin\Usuarios::buscaUsuarioOu404(): Argument #1 ($id) must be of type ?int, string given, called in C:\xampp\htdocs\food\app\Controllers\Admin\Usuarios.php on line 52
[Method: GET, Route: admin/usuarios/show/images/faces/face4.jpg]
in APPPATH\Controllers\Admin\Usuarios.php on line 74.
 1 APPPATH\Controllers\Admin\Usuarios.php(52): App\Controllers\Admin\Usuarios->buscaUsuarioOu404('images')
 2 SYSTEMPATH\CodeIgniter.php(933): App\Controllers\Admin\Usuarios->show('images', 'faces', 'face4.jpg')
 3 SYSTEMPATH\CodeIgniter.php(509): CodeIgniter\CodeIgniter->runController(Object(App\Controllers\Admin\Usuarios))
 4 SYSTEMPATH\CodeIgniter.php(355): CodeIgniter\CodeIgniter->handleRequest(null, Object(Config\Cache), false)
 5 SYSTEMPATH\Boot.php(325): CodeIgniter\CodeIgniter->run()
 6 SYSTEMPATH\Boot.php(67): CodeIgniter\Boot::runCodeIgniter(Object(CodeIgniter\CodeIgniter))
 7 FCPATH\index.php(56): CodeIgniter\Boot::bootWeb(Object(Config\Paths))
 8 SYSTEMPATH\rewrite.php(44): require_once('C:\\xampp\\htdocs\\food\\public\\index.php')
CRITICAL - 2024-09-13 23:46:36 --> TypeError: App\Controllers\Admin\Usuarios::buscaUsuarioOu404(): Argument #1 ($id) must be of type ?int, string given, called in C:\xampp\htdocs\food\app\Controllers\Admin\Usuarios.php on line 52
[Method: GET, Route: admin/usuarios/show/images/faces/face2.jpg]
in APPPATH\Controllers\Admin\Usuarios.php on line 74.
 1 APPPATH\Controllers\Admin\Usuarios.php(52): App\Controllers\Admin\Usuarios->buscaUsuarioOu404('images')
 2 SYSTEMPATH\CodeIgniter.php(933): App\Controllers\Admin\Usuarios->show('images', 'faces', 'face2.jpg')
 3 SYSTEMPATH\CodeIgniter.php(509): CodeIgniter\CodeIgniter->runController(Object(App\Controllers\Admin\Usuarios))
 4 SYSTEMPATH\CodeIgniter.php(355): CodeIgniter\CodeIgniter->handleRequest(null, Object(Config\Cache), false)
 5 SYSTEMPATH\Boot.php(325): CodeIgniter\CodeIgniter->run()
 6 SYSTEMPATH\Boot.php(67): CodeIgniter\Boot::runCodeIgniter(Object(CodeIgniter\CodeIgniter))
 7 FCPATH\index.php(56): CodeIgniter\Boot::bootWeb(Object(Config\Paths))
 8 SYSTEMPATH\rewrite.php(44): require_once('C:\\xampp\\htdocs\\food\\public\\index.php')
CRITICAL - 2024-09-13 23:46:36 --> TypeError: App\Controllers\Admin\Usuarios::buscaUsuarioOu404(): Argument #1 ($id) must be of type ?int, string given, called in C:\xampp\htdocs\food\app\Controllers\Admin\Usuarios.php on line 52
[Method: GET, Route: admin/usuarios/show/images/faces/face3.jpg]
in APPPATH\Controllers\Admin\Usuarios.php on line 74.
 1 APPPATH\Controllers\Admin\Usuarios.php(52): App\Controllers\Admin\Usuarios->buscaUsuarioOu404('images')
 2 SYSTEMPATH\CodeIgniter.php(933): App\Controllers\Admin\Usuarios->show('images', 'faces', 'face3.jpg')
 3 SYSTEMPATH\CodeIgniter.php(509): CodeIgniter\CodeIgniter->runController(Object(App\Controllers\Admin\Usuarios))
 4 SYSTEMPATH\CodeIgniter.php(355): CodeIgniter\CodeIgniter->handleRequest(null, Object(Config\Cache), false)
 5 SYSTEMPATH\Boot.php(325): CodeIgniter\CodeIgniter->run()
 6 SYSTEMPATH\Boot.php(67): CodeIgniter\Boot::runCodeIgniter(Object(CodeIgniter\CodeIgniter))
 7 FCPATH\index.php(56): CodeIgniter\Boot::bootWeb(Object(Config\Paths))
 8 SYSTEMPATH\rewrite.php(44): require_once('C:\\xampp\\htdocs\\food\\public\\index.php')
CRITICAL - 2024-09-13 23:46:37 --> TypeError: App\Controllers\Admin\Usuarios::buscaUsuarioOu404(): Argument #1 ($id) must be of type ?int, string given, called in C:\xampp\htdocs\food\app\Controllers\Admin\Usuarios.php on line 52
[Method: GET, Route: admin/usuarios/show/images/faces/face5.jpg]
in APPPATH\Controllers\Admin\Usuarios.php on line 74.
 1 APPPATH\Controllers\Admin\Usuarios.php(52): App\Controllers\Admin\Usuarios->buscaUsuarioOu404('images')
 2 SYSTEMPATH\CodeIgniter.php(933): App\Controllers\Admin\Usuarios->show('images', 'faces', 'face5.jpg')
 3 SYSTEMPATH\CodeIgniter.php(509): CodeIgniter\CodeIgniter->runController(Object(App\Controllers\Admin\Usuarios))
 4 SYSTEMPATH\CodeIgniter.php(355): CodeIgniter\CodeIgniter->handleRequest(null, Object(Config\Cache), false)
 5 SYSTEMPATH\Boot.php(325): CodeIgniter\CodeIgniter->run()
 6 SYSTEMPATH\Boot.php(67): CodeIgniter\Boot::runCodeIgniter(Object(CodeIgniter\CodeIgniter))
 7 FCPATH\index.php(56): CodeIgniter\Boot::bootWeb(Object(Config\Paths))
 8 SYSTEMPATH\rewrite.php(44): require_once('C:\\xampp\\htdocs\\food\\public\\index.php')
CRITICAL - 2024-09-13 23:51:36 --> TypeError: App\Controllers\Admin\Usuarios::buscaUsuarioOu404(): Argument #1 ($id) must be of type ?int, string given, called in C:\xampp\htdocs\food\app\Controllers\Admin\Usuarios.php on line 52
[Method: GET, Route: admin/usuarios/show/images/logo.svg]
in APPPATH\Controllers\Admin\Usuarios.php on line 74.
 1 APPPATH\Controllers\Admin\Usuarios.php(52): App\Controllers\Admin\Usuarios->buscaUsuarioOu404('images')
 2 SYSTEMPATH\CodeIgniter.php(933): App\Controllers\Admin\Usuarios->show('images', 'logo.svg')
 3 SYSTEMPATH\CodeIgniter.php(509): CodeIgniter\CodeIgniter->runController(Object(App\Controllers\Admin\Usuarios))
 4 SYSTEMPATH\CodeIgniter.php(355): CodeIgniter\CodeIgniter->handleRequest(null, Object(Config\Cache), false)
 5 SYSTEMPATH\Boot.php(325): CodeIgniter\CodeIgniter->run()
 6 SYSTEMPATH\Boot.php(67): CodeIgniter\Boot::runCodeIgniter(Object(CodeIgniter\CodeIgniter))
 7 FCPATH\index.php(56): CodeIgniter\Boot::bootWeb(Object(Config\Paths))
 8 SYSTEMPATH\rewrite.php(44): require_once('C:\\xampp\\htdocs\\food\\public\\index.php')
CRITICAL - 2024-09-13 23:51:36 --> TypeError: App\Controllers\Admin\Usuarios::buscaUsuarioOu404(): Argument #1 ($id) must be of type ?int, string given, called in C:\xampp\htdocs\food\app\Controllers\Admin\Usuarios.php on line 52
[Method: GET, Route: admin/usuarios/show/images/logo-mini.svg]
in APPPATH\Controllers\Admin\Usuarios.php on line 74.
 1 APPPATH\Controllers\Admin\Usuarios.php(52): App\Controllers\Admin\Usuarios->buscaUsuarioOu404('images')
 2 SYSTEMPATH\CodeIgniter.php(933): App\Controllers\Admin\Usuarios->show('images', 'logo-mini.svg')
 3 SYSTEMPATH\CodeIgniter.php(509): CodeIgniter\CodeIgniter->runController(Object(App\Controllers\Admin\Usuarios))
 4 SYSTEMPATH\CodeIgniter.php(355): CodeIgniter\CodeIgniter->handleRequest(null, Object(Config\Cache), false)
 5 SYSTEMPATH\Boot.php(325): CodeIgniter\CodeIgniter->run()
 6 SYSTEMPATH\Boot.php(67): CodeIgniter\Boot::runCodeIgniter(Object(CodeIgniter\CodeIgniter))
 7 FCPATH\index.php(56): CodeIgniter\Boot::bootWeb(Object(Config\Paths))
 8 SYSTEMPATH\rewrite.php(44): require_once('C:\\xampp\\htdocs\\food\\public\\index.php')
CRITICAL - 2024-09-13 23:51:36 --> TypeError: App\Controllers\Admin\Usuarios::buscaUsuarioOu404(): Argument #1 ($id) must be of type ?int, string given, called in C:\xampp\htdocs\food\app\Controllers\Admin\Usuarios.php on line 52
[Method: GET, Route: admin/usuarios/show/images/faces/face4.jpg]
in APPPATH\Controllers\Admin\Usuarios.php on line 74.
 1 APPPATH\Controllers\Admin\Usuarios.php(52): App\Controllers\Admin\Usuarios->buscaUsuarioOu404('images')
 2 SYSTEMPATH\CodeIgniter.php(933): App\Controllers\Admin\Usuarios->show('images', 'faces', 'face4.jpg')
 3 SYSTEMPATH\CodeIgniter.php(509): CodeIgniter\CodeIgniter->runController(Object(App\Controllers\Admin\Usuarios))
 4 SYSTEMPATH\CodeIgniter.php(355): CodeIgniter\CodeIgniter->handleRequest(null, Object(Config\Cache), false)
 5 SYSTEMPATH\Boot.php(325): CodeIgniter\CodeIgniter->run()
 6 SYSTEMPATH\Boot.php(67): CodeIgniter\Boot::runCodeIgniter(Object(CodeIgniter\CodeIgniter))
 7 FCPATH\index.php(56): CodeIgniter\Boot::bootWeb(Object(Config\Paths))
 8 SYSTEMPATH\rewrite.php(44): require_once('C:\\xampp\\htdocs\\food\\public\\index.php')
CRITICAL - 2024-09-13 23:51:36 --> TypeError: App\Controllers\Admin\Usuarios::buscaUsuarioOu404(): Argument #1 ($id) must be of type ?int, string given, called in C:\xampp\htdocs\food\app\Controllers\Admin\Usuarios.php on line 52
[Method: GET, Route: admin/usuarios/show/images/faces/face2.jpg]
in APPPATH\Controllers\Admin\Usuarios.php on line 74.
 1 APPPATH\Controllers\Admin\Usuarios.php(52): App\Controllers\Admin\Usuarios->buscaUsuarioOu404('images')
 2 SYSTEMPATH\CodeIgniter.php(933): App\Controllers\Admin\Usuarios->show('images', 'faces', 'face2.jpg')
 3 SYSTEMPATH\CodeIgniter.php(509): CodeIgniter\CodeIgniter->runController(Object(App\Controllers\Admin\Usuarios))
 4 SYSTEMPATH\CodeIgniter.php(355): CodeIgniter\CodeIgniter->handleRequest(null, Object(Config\Cache), false)
 5 SYSTEMPATH\Boot.php(325): CodeIgniter\CodeIgniter->run()
 6 SYSTEMPATH\Boot.php(67): CodeIgniter\Boot::runCodeIgniter(Object(CodeIgniter\CodeIgniter))
 7 FCPATH\index.php(56): CodeIgniter\Boot::bootWeb(Object(Config\Paths))
 8 SYSTEMPATH\rewrite.php(44): require_once('C:\\xampp\\htdocs\\food\\public\\index.php')
CRITICAL - 2024-09-13 23:51:36 --> TypeError: App\Controllers\Admin\Usuarios::buscaUsuarioOu404(): Argument #1 ($id) must be of type ?int, string given, called in C:\xampp\htdocs\food\app\Controllers\Admin\Usuarios.php on line 52
[Method: GET, Route: admin/usuarios/show/images/faces/face3.jpg]
in APPPATH\Controllers\Admin\Usuarios.php on line 74.
 1 APPPATH\Controllers\Admin\Usuarios.php(52): App\Controllers\Admin\Usuarios->buscaUsuarioOu404('images')
 2 SYSTEMPATH\CodeIgniter.php(933): App\Controllers\Admin\Usuarios->show('images', 'faces', 'face3.jpg')
 3 SYSTEMPATH\CodeIgniter.php(509): CodeIgniter\CodeIgniter->runController(Object(App\Controllers\Admin\Usuarios))
 4 SYSTEMPATH\CodeIgniter.php(355): CodeIgniter\CodeIgniter->handleRequest(null, Object(Config\Cache), false)
 5 SYSTEMPATH\Boot.php(325): CodeIgniter\CodeIgniter->run()
 6 SYSTEMPATH\Boot.php(67): CodeIgniter\Boot::runCodeIgniter(Object(CodeIgniter\CodeIgniter))
 7 FCPATH\index.php(56): CodeIgniter\Boot::bootWeb(Object(Config\Paths))
 8 SYSTEMPATH\rewrite.php(44): require_once('C:\\xampp\\htdocs\\food\\public\\index.php')
CRITICAL - 2024-09-13 23:51:36 --> TypeError: App\Controllers\Admin\Usuarios::buscaUsuarioOu404(): Argument #1 ($id) must be of type ?int, string given, called in C:\xampp\htdocs\food\app\Controllers\Admin\Usuarios.php on line 52
[Method: GET, Route: admin/usuarios/show/images/faces/face5.jpg]
in APPPATH\Controllers\Admin\Usuarios.php on line 74.
 1 APPPATH\Controllers\Admin\Usuarios.php(52): App\Controllers\Admin\Usuarios->buscaUsuarioOu404('images')
 2 SYSTEMPATH\CodeIgniter.php(933): App\Controllers\Admin\Usuarios->show('images', 'faces', 'face5.jpg')
 3 SYSTEMPATH\CodeIgniter.php(509): CodeIgniter\CodeIgniter->runController(Object(App\Controllers\Admin\Usuarios))
 4 SYSTEMPATH\CodeIgniter.php(355): CodeIgniter\CodeIgniter->handleRequest(null, Object(Config\Cache), false)
 5 SYSTEMPATH\Boot.php(325): CodeIgniter\CodeIgniter->run()
 6 SYSTEMPATH\Boot.php(67): CodeIgniter\Boot::runCodeIgniter(Object(CodeIgniter\CodeIgniter))
 7 FCPATH\index.php(56): CodeIgniter\Boot::bootWeb(Object(Config\Paths))
 8 SYSTEMPATH\rewrite.php(44): require_once('C:\\xampp\\htdocs\\food\\public\\index.php')
CRITICAL - 2024-09-13 23:52:31 --> TypeError: App\Controllers\Admin\Usuarios::buscaUsuarioOu404(): Argument #1 ($id) must be of type ?int, string given, called in C:\xampp\htdocs\food\app\Controllers\Admin\Usuarios.php on line 52
[Method: GET, Route: admin/usuarios/show/images/logo.svg]
in APPPATH\Controllers\Admin\Usuarios.php on line 74.
 1 APPPATH\Controllers\Admin\Usuarios.php(52): App\Controllers\Admin\Usuarios->buscaUsuarioOu404('images')
 2 SYSTEMPATH\CodeIgniter.php(933): App\Controllers\Admin\Usuarios->show('images', 'logo.svg')
 3 SYSTEMPATH\CodeIgniter.php(509): CodeIgniter\CodeIgniter->runController(Object(App\Controllers\Admin\Usuarios))
 4 SYSTEMPATH\CodeIgniter.php(355): CodeIgniter\CodeIgniter->handleRequest(null, Object(Config\Cache), false)
 5 SYSTEMPATH\Boot.php(325): CodeIgniter\CodeIgniter->run()
 6 SYSTEMPATH\Boot.php(67): CodeIgniter\Boot::runCodeIgniter(Object(CodeIgniter\CodeIgniter))
 7 FCPATH\index.php(56): CodeIgniter\Boot::bootWeb(Object(Config\Paths))
 8 SYSTEMPATH\rewrite.php(44): require_once('C:\\xampp\\htdocs\\food\\public\\index.php')
CRITICAL - 2024-09-13 23:52:31 --> TypeError: App\Controllers\Admin\Usuarios::buscaUsuarioOu404(): Argument #1 ($id) must be of type ?int, string given, called in C:\xampp\htdocs\food\app\Controllers\Admin\Usuarios.php on line 52
[Method: GET, Route: admin/usuarios/show/images/logo-mini.svg]
in APPPATH\Controllers\Admin\Usuarios.php on line 74.
 1 APPPATH\Controllers\Admin\Usuarios.php(52): App\Controllers\Admin\Usuarios->buscaUsuarioOu404('images')
 2 SYSTEMPATH\CodeIgniter.php(933): App\Controllers\Admin\Usuarios->show('images', 'logo-mini.svg')
 3 SYSTEMPATH\CodeIgniter.php(509): CodeIgniter\CodeIgniter->runController(Object(App\Controllers\Admin\Usuarios))
 4 SYSTEMPATH\CodeIgniter.php(355): CodeIgniter\CodeIgniter->handleRequest(null, Object(Config\Cache), false)
 5 SYSTEMPATH\Boot.php(325): CodeIgniter\CodeIgniter->run()
 6 SYSTEMPATH\Boot.php(67): CodeIgniter\Boot::runCodeIgniter(Object(CodeIgniter\CodeIgniter))
 7 FCPATH\index.php(56): CodeIgniter\Boot::bootWeb(Object(Config\Paths))
 8 SYSTEMPATH\rewrite.php(44): require_once('C:\\xampp\\htdocs\\food\\public\\index.php')
CRITICAL - 2024-09-13 23:52:31 --> TypeError: App\Controllers\Admin\Usuarios::buscaUsuarioOu404(): Argument #1 ($id) must be of type ?int, string given, called in C:\xampp\htdocs\food\app\Controllers\Admin\Usuarios.php on line 52
[Method: GET, Route: admin/usuarios/show/images/faces/face4.jpg]
in APPPATH\Controllers\Admin\Usuarios.php on line 74.
 1 APPPATH\Controllers\Admin\Usuarios.php(52): App\Controllers\Admin\Usuarios->buscaUsuarioOu404('images')
 2 SYSTEMPATH\CodeIgniter.php(933): App\Controllers\Admin\Usuarios->show('images', 'faces', 'face4.jpg')
 3 SYSTEMPATH\CodeIgniter.php(509): CodeIgniter\CodeIgniter->runController(Object(App\Controllers\Admin\Usuarios))
 4 SYSTEMPATH\CodeIgniter.php(355): CodeIgniter\CodeIgniter->handleRequest(null, Object(Config\Cache), false)
 5 SYSTEMPATH\Boot.php(325): CodeIgniter\CodeIgniter->run()
 6 SYSTEMPATH\Boot.php(67): CodeIgniter\Boot::runCodeIgniter(Object(CodeIgniter\CodeIgniter))
 7 FCPATH\index.php(56): CodeIgniter\Boot::bootWeb(Object(Config\Paths))
 8 SYSTEMPATH\rewrite.php(44): require_once('C:\\xampp\\htdocs\\food\\public\\index.php')
CRITICAL - 2024-09-13 23:52:31 --> TypeError: App\Controllers\Admin\Usuarios::buscaUsuarioOu404(): Argument #1 ($id) must be of type ?int, string given, called in C:\xampp\htdocs\food\app\Controllers\Admin\Usuarios.php on line 52
[Method: GET, Route: admin/usuarios/show/images/faces/face2.jpg]
in APPPATH\Controllers\Admin\Usuarios.php on line 74.
 1 APPPATH\Controllers\Admin\Usuarios.php(52): App\Controllers\Admin\Usuarios->buscaUsuarioOu404('images')
 2 SYSTEMPATH\CodeIgniter.php(933): App\Controllers\Admin\Usuarios->show('images', 'faces', 'face2.jpg')
 3 SYSTEMPATH\CodeIgniter.php(509): CodeIgniter\CodeIgniter->runController(Object(App\Controllers\Admin\Usuarios))
 4 SYSTEMPATH\CodeIgniter.php(355): CodeIgniter\CodeIgniter->handleRequest(null, Object(Config\Cache), false)
 5 SYSTEMPATH\Boot.php(325): CodeIgniter\CodeIgniter->run()
 6 SYSTEMPATH\Boot.php(67): CodeIgniter\Boot::runCodeIgniter(Object(CodeIgniter\CodeIgniter))
 7 FCPATH\index.php(56): CodeIgniter\Boot::bootWeb(Object(Config\Paths))
 8 SYSTEMPATH\rewrite.php(44): require_once('C:\\xampp\\htdocs\\food\\public\\index.php')
CRITICAL - 2024-09-13 23:52:31 --> TypeError: App\Controllers\Admin\Usuarios::buscaUsuarioOu404(): Argument #1 ($id) must be of type ?int, string given, called in C:\xampp\htdocs\food\app\Controllers\Admin\Usuarios.php on line 52
[Method: GET, Route: admin/usuarios/show/images/faces/face3.jpg]
in APPPATH\Controllers\Admin\Usuarios.php on line 74.
 1 APPPATH\Controllers\Admin\Usuarios.php(52): App\Controllers\Admin\Usuarios->buscaUsuarioOu404('images')
 2 SYSTEMPATH\CodeIgniter.php(933): App\Controllers\Admin\Usuarios->show('images', 'faces', 'face3.jpg')
 3 SYSTEMPATH\CodeIgniter.php(509): CodeIgniter\CodeIgniter->runController(Object(App\Controllers\Admin\Usuarios))
 4 SYSTEMPATH\CodeIgniter.php(355): CodeIgniter\CodeIgniter->handleRequest(null, Object(Config\Cache), false)
 5 SYSTEMPATH\Boot.php(325): CodeIgniter\CodeIgniter->run()
 6 SYSTEMPATH\Boot.php(67): CodeIgniter\Boot::runCodeIgniter(Object(CodeIgniter\CodeIgniter))
 7 FCPATH\index.php(56): CodeIgniter\Boot::bootWeb(Object(Config\Paths))
 8 SYSTEMPATH\rewrite.php(44): require_once('C:\\xampp\\htdocs\\food\\public\\index.php')
CRITICAL - 2024-09-13 23:52:32 --> TypeError: App\Controllers\Admin\Usuarios::buscaUsuarioOu404(): Argument #1 ($id) must be of type ?int, string given, called in C:\xampp\htdocs\food\app\Controllers\Admin\Usuarios.php on line 52
[Method: GET, Route: admin/usuarios/show/images/faces/face5.jpg]
in APPPATH\Controllers\Admin\Usuarios.php on line 74.
 1 APPPATH\Controllers\Admin\Usuarios.php(52): App\Controllers\Admin\Usuarios->buscaUsuarioOu404('images')
 2 SYSTEMPATH\CodeIgniter.php(933): App\Controllers\Admin\Usuarios->show('images', 'faces', 'face5.jpg')
 3 SYSTEMPATH\CodeIgniter.php(509): CodeIgniter\CodeIgniter->runController(Object(App\Controllers\Admin\Usuarios))
 4 SYSTEMPATH\CodeIgniter.php(355): CodeIgniter\CodeIgniter->handleRequest(null, Object(Config\Cache), false)
 5 SYSTEMPATH\Boot.php(325): CodeIgniter\CodeIgniter->run()
 6 SYSTEMPATH\Boot.php(67): CodeIgniter\Boot::runCodeIgniter(Object(CodeIgniter\CodeIgniter))
 7 FCPATH\index.php(56): CodeIgniter\Boot::bootWeb(Object(Config\Paths))
 8 SYSTEMPATH\rewrite.php(44): require_once('C:\\xampp\\htdocs\\food\\public\\index.php')
CRITICAL - 2024-09-13 23:55:37 --> TypeError: App\Controllers\Admin\Usuarios::buscaUsuarioOu404(): Argument #1 ($id) must be of type ?int, string given, called in C:\xampp\htdocs\food\app\Controllers\Admin\Usuarios.php on line 52
[Method: GET, Route: admin/usuarios/show/images/logo.svg]
in APPPATH\Controllers\Admin\Usuarios.php on line 74.
 1 APPPATH\Controllers\Admin\Usuarios.php(52): App\Controllers\Admin\Usuarios->buscaUsuarioOu404('images')
 2 SYSTEMPATH\CodeIgniter.php(933): App\Controllers\Admin\Usuarios->show('images', 'logo.svg')
 3 SYSTEMPATH\CodeIgniter.php(509): CodeIgniter\CodeIgniter->runController(Object(App\Controllers\Admin\Usuarios))
 4 SYSTEMPATH\CodeIgniter.php(355): CodeIgniter\CodeIgniter->handleRequest(null, Object(Config\Cache), false)
 5 SYSTEMPATH\Boot.php(325): CodeIgniter\CodeIgniter->run()
 6 SYSTEMPATH\Boot.php(67): CodeIgniter\Boot::runCodeIgniter(Object(CodeIgniter\CodeIgniter))
 7 FCPATH\index.php(56): CodeIgniter\Boot::bootWeb(Object(Config\Paths))
 8 SYSTEMPATH\rewrite.php(44): require_once('C:\\xampp\\htdocs\\food\\public\\index.php')
CRITICAL - 2024-09-13 23:55:37 --> TypeError: App\Controllers\Admin\Usuarios::buscaUsuarioOu404(): Argument #1 ($id) must be of type ?int, string given, called in C:\xampp\htdocs\food\app\Controllers\Admin\Usuarios.php on line 52
[Method: GET, Route: admin/usuarios/show/images/logo-mini.svg]
in APPPATH\Controllers\Admin\Usuarios.php on line 74.
 1 APPPATH\Controllers\Admin\Usuarios.php(52): App\Controllers\Admin\Usuarios->buscaUsuarioOu404('images')
 2 SYSTEMPATH\CodeIgniter.php(933): App\Controllers\Admin\Usuarios->show('images', 'logo-mini.svg')
 3 SYSTEMPATH\CodeIgniter.php(509): CodeIgniter\CodeIgniter->runController(Object(App\Controllers\Admin\Usuarios))
 4 SYSTEMPATH\CodeIgniter.php(355): CodeIgniter\CodeIgniter->handleRequest(null, Object(Config\Cache), false)
 5 SYSTEMPATH\Boot.php(325): CodeIgniter\CodeIgniter->run()
 6 SYSTEMPATH\Boot.php(67): CodeIgniter\Boot::runCodeIgniter(Object(CodeIgniter\CodeIgniter))
 7 FCPATH\index.php(56): CodeIgniter\Boot::bootWeb(Object(Config\Paths))
 8 SYSTEMPATH\rewrite.php(44): require_once('C:\\xampp\\htdocs\\food\\public\\index.php')
CRITICAL - 2024-09-13 23:55:37 --> TypeError: App\Controllers\Admin\Usuarios::buscaUsuarioOu404(): Argument #1 ($id) must be of type ?int, string given, called in C:\xampp\htdocs\food\app\Controllers\Admin\Usuarios.php on line 52
[Method: GET, Route: admin/usuarios/show/images/faces/face4.jpg]
in APPPATH\Controllers\Admin\Usuarios.php on line 74.
 1 APPPATH\Controllers\Admin\Usuarios.php(52): App\Controllers\Admin\Usuarios->buscaUsuarioOu404('images')
 2 SYSTEMPATH\CodeIgniter.php(933): App\Controllers\Admin\Usuarios->show('images', 'faces', 'face4.jpg')
 3 SYSTEMPATH\CodeIgniter.php(509): CodeIgniter\CodeIgniter->runController(Object(App\Controllers\Admin\Usuarios))
 4 SYSTEMPATH\CodeIgniter.php(355): CodeIgniter\CodeIgniter->handleRequest(null, Object(Config\Cache), false)
 5 SYSTEMPATH\Boot.php(325): CodeIgniter\CodeIgniter->run()
 6 SYSTEMPATH\Boot.php(67): CodeIgniter\Boot::runCodeIgniter(Object(CodeIgniter\CodeIgniter))
 7 FCPATH\index.php(56): CodeIgniter\Boot::bootWeb(Object(Config\Paths))
 8 SYSTEMPATH\rewrite.php(44): require_once('C:\\xampp\\htdocs\\food\\public\\index.php')
CRITICAL - 2024-09-13 23:55:38 --> TypeError: App\Controllers\Admin\Usuarios::buscaUsuarioOu404(): Argument #1 ($id) must be of type ?int, string given, called in C:\xampp\htdocs\food\app\Controllers\Admin\Usuarios.php on line 52
[Method: GET, Route: admin/usuarios/show/images/faces/face2.jpg]
in APPPATH\Controllers\Admin\Usuarios.php on line 74.
 1 APPPATH\Controllers\Admin\Usuarios.php(52): App\Controllers\Admin\Usuarios->buscaUsuarioOu404('images')
 2 SYSTEMPATH\CodeIgniter.php(933): App\Controllers\Admin\Usuarios->show('images', 'faces', 'face2.jpg')
 3 SYSTEMPATH\CodeIgniter.php(509): CodeIgniter\CodeIgniter->runController(Object(App\Controllers\Admin\Usuarios))
 4 SYSTEMPATH\CodeIgniter.php(355): CodeIgniter\CodeIgniter->handleRequest(null, Object(Config\Cache), false)
 5 SYSTEMPATH\Boot.php(325): CodeIgniter\CodeIgniter->run()
 6 SYSTEMPATH\Boot.php(67): CodeIgniter\Boot::runCodeIgniter(Object(CodeIgniter\CodeIgniter))
 7 FCPATH\index.php(56): CodeIgniter\Boot::bootWeb(Object(Config\Paths))
 8 SYSTEMPATH\rewrite.php(44): require_once('C:\\xampp\\htdocs\\food\\public\\index.php')
CRITICAL - 2024-09-13 23:55:38 --> TypeError: App\Controllers\Admin\Usuarios::buscaUsuarioOu404(): Argument #1 ($id) must be of type ?int, string given, called in C:\xampp\htdocs\food\app\Controllers\Admin\Usuarios.php on line 52
[Method: GET, Route: admin/usuarios/show/images/faces/face3.jpg]
in APPPATH\Controllers\Admin\Usuarios.php on line 74.
 1 APPPATH\Controllers\Admin\Usuarios.php(52): App\Controllers\Admin\Usuarios->buscaUsuarioOu404('images')
 2 SYSTEMPATH\CodeIgniter.php(933): App\Controllers\Admin\Usuarios->show('images', 'faces', 'face3.jpg')
 3 SYSTEMPATH\CodeIgniter.php(509): CodeIgniter\CodeIgniter->runController(Object(App\Controllers\Admin\Usuarios))
 4 SYSTEMPATH\CodeIgniter.php(355): CodeIgniter\CodeIgniter->handleRequest(null, Object(Config\Cache), false)
 5 SYSTEMPATH\Boot.php(325): CodeIgniter\CodeIgniter->run()
 6 SYSTEMPATH\Boot.php(67): CodeIgniter\Boot::runCodeIgniter(Object(CodeIgniter\CodeIgniter))
 7 FCPATH\index.php(56): CodeIgniter\Boot::bootWeb(Object(Config\Paths))
 8 SYSTEMPATH\rewrite.php(44): require_once('C:\\xampp\\htdocs\\food\\public\\index.php')
CRITICAL - 2024-09-13 23:55:38 --> TypeError: App\Controllers\Admin\Usuarios::buscaUsuarioOu404(): Argument #1 ($id) must be of type ?int, string given, called in C:\xampp\htdocs\food\app\Controllers\Admin\Usuarios.php on line 52
[Method: GET, Route: admin/usuarios/show/images/faces/face5.jpg]
in APPPATH\Controllers\Admin\Usuarios.php on line 74.
 1 APPPATH\Controllers\Admin\Usuarios.php(52): App\Controllers\Admin\Usuarios->buscaUsuarioOu404('images')
 2 SYSTEMPATH\CodeIgniter.php(933): App\Controllers\Admin\Usuarios->show('images', 'faces', 'face5.jpg')
 3 SYSTEMPATH\CodeIgniter.php(509): CodeIgniter\CodeIgniter->runController(Object(App\Controllers\Admin\Usuarios))
 4 SYSTEMPATH\CodeIgniter.php(355): CodeIgniter\CodeIgniter->handleRequest(null, Object(Config\Cache), false)
 5 SYSTEMPATH\Boot.php(325): CodeIgniter\CodeIgniter->run()
 6 SYSTEMPATH\Boot.php(67): CodeIgniter\Boot::runCodeIgniter(Object(CodeIgniter\CodeIgniter))
 7 FCPATH\index.php(56): CodeIgniter\Boot::bootWeb(Object(Config\Paths))
 8 SYSTEMPATH\rewrite.php(44): require_once('C:\\xampp\\htdocs\\food\\public\\index.php')
CRITICAL - 2024-09-13 23:56:52 --> TypeError: App\Controllers\Admin\Usuarios::buscaUsuarioOu404(): Argument #1 ($id) must be of type ?int, string given, called in C:\xampp\htdocs\food\app\Controllers\Admin\Usuarios.php on line 52
[Method: GET, Route: admin/usuarios/show/images/logo.svg]
in APPPATH\Controllers\Admin\Usuarios.php on line 74.
 1 APPPATH\Controllers\Admin\Usuarios.php(52): App\Controllers\Admin\Usuarios->buscaUsuarioOu404('images')
 2 SYSTEMPATH\CodeIgniter.php(933): App\Controllers\Admin\Usuarios->show('images', 'logo.svg')
 3 SYSTEMPATH\CodeIgniter.php(509): CodeIgniter\CodeIgniter->runController(Object(App\Controllers\Admin\Usuarios))
 4 SYSTEMPATH\CodeIgniter.php(355): CodeIgniter\CodeIgniter->handleRequest(null, Object(Config\Cache), false)
 5 SYSTEMPATH\Boot.php(325): CodeIgniter\CodeIgniter->run()
 6 SYSTEMPATH\Boot.php(67): CodeIgniter\Boot::runCodeIgniter(Object(CodeIgniter\CodeIgniter))
 7 FCPATH\index.php(56): CodeIgniter\Boot::bootWeb(Object(Config\Paths))
 8 SYSTEMPATH\rewrite.php(44): require_once('C:\\xampp\\htdocs\\food\\public\\index.php')
CRITICAL - 2024-09-13 23:56:52 --> TypeError: App\Controllers\Admin\Usuarios::buscaUsuarioOu404(): Argument #1 ($id) must be of type ?int, string given, called in C:\xampp\htdocs\food\app\Controllers\Admin\Usuarios.php on line 52
[Method: GET, Route: admin/usuarios/show/images/logo-mini.svg]
in APPPATH\Controllers\Admin\Usuarios.php on line 74.
 1 APPPATH\Controllers\Admin\Usuarios.php(52): App\Controllers\Admin\Usuarios->buscaUsuarioOu404('images')
 2 SYSTEMPATH\CodeIgniter.php(933): App\Controllers\Admin\Usuarios->show('images', 'logo-mini.svg')
 3 SYSTEMPATH\CodeIgniter.php(509): CodeIgniter\CodeIgniter->runController(Object(App\Controllers\Admin\Usuarios))
 4 SYSTEMPATH\CodeIgniter.php(355): CodeIgniter\CodeIgniter->handleRequest(null, Object(Config\Cache), false)
 5 SYSTEMPATH\Boot.php(325): CodeIgniter\CodeIgniter->run()
 6 SYSTEMPATH\Boot.php(67): CodeIgniter\Boot::runCodeIgniter(Object(CodeIgniter\CodeIgniter))
 7 FCPATH\index.php(56): CodeIgniter\Boot::bootWeb(Object(Config\Paths))
 8 SYSTEMPATH\rewrite.php(44): require_once('C:\\xampp\\htdocs\\food\\public\\index.php')
CRITICAL - 2024-09-13 23:56:53 --> TypeError: App\Controllers\Admin\Usuarios::buscaUsuarioOu404(): Argument #1 ($id) must be of type ?int, string given, called in C:\xampp\htdocs\food\app\Controllers\Admin\Usuarios.php on line 52
[Method: GET, Route: admin/usuarios/show/images/faces/face4.jpg]
in APPPATH\Controllers\Admin\Usuarios.php on line 74.
 1 APPPATH\Controllers\Admin\Usuarios.php(52): App\Controllers\Admin\Usuarios->buscaUsuarioOu404('images')
 2 SYSTEMPATH\CodeIgniter.php(933): App\Controllers\Admin\Usuarios->show('images', 'faces', 'face4.jpg')
 3 SYSTEMPATH\CodeIgniter.php(509): CodeIgniter\CodeIgniter->runController(Object(App\Controllers\Admin\Usuarios))
 4 SYSTEMPATH\CodeIgniter.php(355): CodeIgniter\CodeIgniter->handleRequest(null, Object(Config\Cache), false)
 5 SYSTEMPATH\Boot.php(325): CodeIgniter\CodeIgniter->run()
 6 SYSTEMPATH\Boot.php(67): CodeIgniter\Boot::runCodeIgniter(Object(CodeIgniter\CodeIgniter))
 7 FCPATH\index.php(56): CodeIgniter\Boot::bootWeb(Object(Config\Paths))
 8 SYSTEMPATH\rewrite.php(44): require_once('C:\\xampp\\htdocs\\food\\public\\index.php')
CRITICAL - 2024-09-13 23:56:53 --> TypeError: App\Controllers\Admin\Usuarios::buscaUsuarioOu404(): Argument #1 ($id) must be of type ?int, string given, called in C:\xampp\htdocs\food\app\Controllers\Admin\Usuarios.php on line 52
[Method: GET, Route: admin/usuarios/show/images/faces/face2.jpg]
in APPPATH\Controllers\Admin\Usuarios.php on line 74.
 1 APPPATH\Controllers\Admin\Usuarios.php(52): App\Controllers\Admin\Usuarios->buscaUsuarioOu404('images')
 2 SYSTEMPATH\CodeIgniter.php(933): App\Controllers\Admin\Usuarios->show('images', 'faces', 'face2.jpg')
 3 SYSTEMPATH\CodeIgniter.php(509): CodeIgniter\CodeIgniter->runController(Object(App\Controllers\Admin\Usuarios))
 4 SYSTEMPATH\CodeIgniter.php(355): CodeIgniter\CodeIgniter->handleRequest(null, Object(Config\Cache), false)
 5 SYSTEMPATH\Boot.php(325): CodeIgniter\CodeIgniter->run()
 6 SYSTEMPATH\Boot.php(67): CodeIgniter\Boot::runCodeIgniter(Object(CodeIgniter\CodeIgniter))
 7 FCPATH\index.php(56): CodeIgniter\Boot::bootWeb(Object(Config\Paths))
 8 SYSTEMPATH\rewrite.php(44): require_once('C:\\xampp\\htdocs\\food\\public\\index.php')
CRITICAL - 2024-09-13 23:56:53 --> TypeError: App\Controllers\Admin\Usuarios::buscaUsuarioOu404(): Argument #1 ($id) must be of type ?int, string given, called in C:\xampp\htdocs\food\app\Controllers\Admin\Usuarios.php on line 52
[Method: GET, Route: admin/usuarios/show/images/faces/face3.jpg]
in APPPATH\Controllers\Admin\Usuarios.php on line 74.
 1 APPPATH\Controllers\Admin\Usuarios.php(52): App\Controllers\Admin\Usuarios->buscaUsuarioOu404('images')
 2 SYSTEMPATH\CodeIgniter.php(933): App\Controllers\Admin\Usuarios->show('images', 'faces', 'face3.jpg')
 3 SYSTEMPATH\CodeIgniter.php(509): CodeIgniter\CodeIgniter->runController(Object(App\Controllers\Admin\Usuarios))
 4 SYSTEMPATH\CodeIgniter.php(355): CodeIgniter\CodeIgniter->handleRequest(null, Object(Config\Cache), false)
 5 SYSTEMPATH\Boot.php(325): CodeIgniter\CodeIgniter->run()
 6 SYSTEMPATH\Boot.php(67): CodeIgniter\Boot::runCodeIgniter(Object(CodeIgniter\CodeIgniter))
 7 FCPATH\index.php(56): CodeIgniter\Boot::bootWeb(Object(Config\Paths))
 8 SYSTEMPATH\rewrite.php(44): require_once('C:\\xampp\\htdocs\\food\\public\\index.php')
CRITICAL - 2024-09-13 23:56:53 --> TypeError: App\Controllers\Admin\Usuarios::buscaUsuarioOu404(): Argument #1 ($id) must be of type ?int, string given, called in C:\xampp\htdocs\food\app\Controllers\Admin\Usuarios.php on line 52
[Method: GET, Route: admin/usuarios/show/images/faces/face5.jpg]
in APPPATH\Controllers\Admin\Usuarios.php on line 74.
 1 APPPATH\Controllers\Admin\Usuarios.php(52): App\Controllers\Admin\Usuarios->buscaUsuarioOu404('images')
 2 SYSTEMPATH\CodeIgniter.php(933): App\Controllers\Admin\Usuarios->show('images', 'faces', 'face5.jpg')
 3 SYSTEMPATH\CodeIgniter.php(509): CodeIgniter\CodeIgniter->runController(Object(App\Controllers\Admin\Usuarios))
 4 SYSTEMPATH\CodeIgniter.php(355): CodeIgniter\CodeIgniter->handleRequest(null, Object(Config\Cache), false)
 5 SYSTEMPATH\Boot.php(325): CodeIgniter\CodeIgniter->run()
 6 SYSTEMPATH\Boot.php(67): CodeIgniter\Boot::runCodeIgniter(Object(CodeIgniter\CodeIgniter))
 7 FCPATH\index.php(56): CodeIgniter\Boot::bootWeb(Object(Config\Paths))
 8 SYSTEMPATH\rewrite.php(44): require_once('C:\\xampp\\htdocs\\food\\public\\index.php')
CRITICAL - 2024-09-13 23:57:12 --> TypeError: App\Controllers\Admin\Usuarios::buscaUsuarioOu404(): Argument #1 ($id) must be of type ?int, string given, called in C:\xampp\htdocs\food\app\Controllers\Admin\Usuarios.php on line 52
[Method: GET, Route: admin/usuarios/show/images/logo.svg]
in APPPATH\Controllers\Admin\Usuarios.php on line 74.
 1 APPPATH\Controllers\Admin\Usuarios.php(52): App\Controllers\Admin\Usuarios->buscaUsuarioOu404('images')
 2 SYSTEMPATH\CodeIgniter.php(933): App\Controllers\Admin\Usuarios->show('images', 'logo.svg')
 3 SYSTEMPATH\CodeIgniter.php(509): CodeIgniter\CodeIgniter->runController(Object(App\Controllers\Admin\Usuarios))
 4 SYSTEMPATH\CodeIgniter.php(355): CodeIgniter\CodeIgniter->handleRequest(null, Object(Config\Cache), false)
 5 SYSTEMPATH\Boot.php(325): CodeIgniter\CodeIgniter->run()
 6 SYSTEMPATH\Boot.php(67): CodeIgniter\Boot::runCodeIgniter(Object(CodeIgniter\CodeIgniter))
 7 FCPATH\index.php(56): CodeIgniter\Boot::bootWeb(Object(Config\Paths))
 8 SYSTEMPATH\rewrite.php(44): require_once('C:\\xampp\\htdocs\\food\\public\\index.php')
CRITICAL - 2024-09-13 23:57:13 --> TypeError: App\Controllers\Admin\Usuarios::buscaUsuarioOu404(): Argument #1 ($id) must be of type ?int, string given, called in C:\xampp\htdocs\food\app\Controllers\Admin\Usuarios.php on line 52
[Method: GET, Route: admin/usuarios/show/images/logo-mini.svg]
in APPPATH\Controllers\Admin\Usuarios.php on line 74.
 1 APPPATH\Controllers\Admin\Usuarios.php(52): App\Controllers\Admin\Usuarios->buscaUsuarioOu404('images')
 2 SYSTEMPATH\CodeIgniter.php(933): App\Controllers\Admin\Usuarios->show('images', 'logo-mini.svg')
 3 SYSTEMPATH\CodeIgniter.php(509): CodeIgniter\CodeIgniter->runController(Object(App\Controllers\Admin\Usuarios))
 4 SYSTEMPATH\CodeIgniter.php(355): CodeIgniter\CodeIgniter->handleRequest(null, Object(Config\Cache), false)
 5 SYSTEMPATH\Boot.php(325): CodeIgniter\CodeIgniter->run()
 6 SYSTEMPATH\Boot.php(67): CodeIgniter\Boot::runCodeIgniter(Object(CodeIgniter\CodeIgniter))
 7 FCPATH\index.php(56): CodeIgniter\Boot::bootWeb(Object(Config\Paths))
 8 SYSTEMPATH\rewrite.php(44): require_once('C:\\xampp\\htdocs\\food\\public\\index.php')
CRITICAL - 2024-09-13 23:57:13 --> TypeError: App\Controllers\Admin\Usuarios::buscaUsuarioOu404(): Argument #1 ($id) must be of type ?int, string given, called in C:\xampp\htdocs\food\app\Controllers\Admin\Usuarios.php on line 52
[Method: GET, Route: admin/usuarios/show/images/faces/face4.jpg]
in APPPATH\Controllers\Admin\Usuarios.php on line 74.
 1 APPPATH\Controllers\Admin\Usuarios.php(52): App\Controllers\Admin\Usuarios->buscaUsuarioOu404('images')
 2 SYSTEMPATH\CodeIgniter.php(933): App\Controllers\Admin\Usuarios->show('images', 'faces', 'face4.jpg')
 3 SYSTEMPATH\CodeIgniter.php(509): CodeIgniter\CodeIgniter->runController(Object(App\Controllers\Admin\Usuarios))
 4 SYSTEMPATH\CodeIgniter.php(355): CodeIgniter\CodeIgniter->handleRequest(null, Object(Config\Cache), false)
 5 SYSTEMPATH\Boot.php(325): CodeIgniter\CodeIgniter->run()
 6 SYSTEMPATH\Boot.php(67): CodeIgniter\Boot::runCodeIgniter(Object(CodeIgniter\CodeIgniter))
 7 FCPATH\index.php(56): CodeIgniter\Boot::bootWeb(Object(Config\Paths))
 8 SYSTEMPATH\rewrite.php(44): require_once('C:\\xampp\\htdocs\\food\\public\\index.php')
CRITICAL - 2024-09-13 23:57:13 --> TypeError: App\Controllers\Admin\Usuarios::buscaUsuarioOu404(): Argument #1 ($id) must be of type ?int, string given, called in C:\xampp\htdocs\food\app\Controllers\Admin\Usuarios.php on line 52
[Method: GET, Route: admin/usuarios/show/images/faces/face2.jpg]
in APPPATH\Controllers\Admin\Usuarios.php on line 74.
 1 APPPATH\Controllers\Admin\Usuarios.php(52): App\Controllers\Admin\Usuarios->buscaUsuarioOu404('images')
 2 SYSTEMPATH\CodeIgniter.php(933): App\Controllers\Admin\Usuarios->show('images', 'faces', 'face2.jpg')
 3 SYSTEMPATH\CodeIgniter.php(509): CodeIgniter\CodeIgniter->runController(Object(App\Controllers\Admin\Usuarios))
 4 SYSTEMPATH\CodeIgniter.php(355): CodeIgniter\CodeIgniter->handleRequest(null, Object(Config\Cache), false)
 5 SYSTEMPATH\Boot.php(325): CodeIgniter\CodeIgniter->run()
 6 SYSTEMPATH\Boot.php(67): CodeIgniter\Boot::runCodeIgniter(Object(CodeIgniter\CodeIgniter))
 7 FCPATH\index.php(56): CodeIgniter\Boot::bootWeb(Object(Config\Paths))
 8 SYSTEMPATH\rewrite.php(44): require_once('C:\\xampp\\htdocs\\food\\public\\index.php')
CRITICAL - 2024-09-13 23:57:13 --> TypeError: App\Controllers\Admin\Usuarios::buscaUsuarioOu404(): Argument #1 ($id) must be of type ?int, string given, called in C:\xampp\htdocs\food\app\Controllers\Admin\Usuarios.php on line 52
[Method: GET, Route: admin/usuarios/show/images/faces/face3.jpg]
in APPPATH\Controllers\Admin\Usuarios.php on line 74.
 1 APPPATH\Controllers\Admin\Usuarios.php(52): App\Controllers\Admin\Usuarios->buscaUsuarioOu404('images')
 2 SYSTEMPATH\CodeIgniter.php(933): App\Controllers\Admin\Usuarios->show('images', 'faces', 'face3.jpg')
 3 SYSTEMPATH\CodeIgniter.php(509): CodeIgniter\CodeIgniter->runController(Object(App\Controllers\Admin\Usuarios))
 4 SYSTEMPATH\CodeIgniter.php(355): CodeIgniter\CodeIgniter->handleRequest(null, Object(Config\Cache), false)
 5 SYSTEMPATH\Boot.php(325): CodeIgniter\CodeIgniter->run()
 6 SYSTEMPATH\Boot.php(67): CodeIgniter\Boot::runCodeIgniter(Object(CodeIgniter\CodeIgniter))
 7 FCPATH\index.php(56): CodeIgniter\Boot::bootWeb(Object(Config\Paths))
 8 SYSTEMPATH\rewrite.php(44): require_once('C:\\xampp\\htdocs\\food\\public\\index.php')
CRITICAL - 2024-09-13 23:57:13 --> TypeError: App\Controllers\Admin\Usuarios::buscaUsuarioOu404(): Argument #1 ($id) must be of type ?int, string given, called in C:\xampp\htdocs\food\app\Controllers\Admin\Usuarios.php on line 52
[Method: GET, Route: admin/usuarios/show/images/faces/face5.jpg]
in APPPATH\Controllers\Admin\Usuarios.php on line 74.
 1 APPPATH\Controllers\Admin\Usuarios.php(52): App\Controllers\Admin\Usuarios->buscaUsuarioOu404('images')
 2 SYSTEMPATH\CodeIgniter.php(933): App\Controllers\Admin\Usuarios->show('images', 'faces', 'face5.jpg')
 3 SYSTEMPATH\CodeIgniter.php(509): CodeIgniter\CodeIgniter->runController(Object(App\Controllers\Admin\Usuarios))
 4 SYSTEMPATH\CodeIgniter.php(355): CodeIgniter\CodeIgniter->handleRequest(null, Object(Config\Cache), false)
 5 SYSTEMPATH\Boot.php(325): CodeIgniter\CodeIgniter->run()
 6 SYSTEMPATH\Boot.php(67): CodeIgniter\Boot::runCodeIgniter(Object(CodeIgniter\CodeIgniter))
 7 FCPATH\index.php(56): CodeIgniter\Boot::bootWeb(Object(Config\Paths))
 8 SYSTEMPATH\rewrite.php(44): require_once('C:\\xampp\\htdocs\\food\\public\\index.php')
